[3.533s] Invoking command in '/home/jetson/ros2/src/yahboomcar_description': PYTHONPATH=/home/jetson/ros2/src/build/yahboomcar_description/prefix_override:/home/jetson/ros2/src/install/yahboomcar_description/lib/python3.8/site-packages:${PYTHONPATH} /usr/bin/python3 -W ignore:setup.py install is deprecated setup.py egg_info --egg-base ../build/yahboomcar_description build --build-base /home/jetson/ros2/src/build/yahboomcar_description/build install --record /home/jetson/ros2/src/build/yahboomcar_description/install.log --install-scripts $base/lib/yahboomcar_description --single-version-externally-managed install_data
[4.047s] running egg_info
[4.047s] writing ../build/yahboomcar_description/yahboomcar_description.egg-info/PKG-INFO
[4.047s] writing dependency_links to ../build/yahboomcar_description/yahboomcar_description.egg-info/dependency_links.txt
[4.048s] writing entry points to ../build/yahboomcar_description/yahboomcar_description.egg-info/entry_points.txt
[4.048s] writing requirements to ../build/yahboomcar_description/yahboomcar_description.egg-info/requires.txt
[4.048s] writing top-level names to ../build/yahboomcar_description/yahboomcar_description.egg-info/top_level.txt
[4.123s] reading manifest file '../build/yahboomcar_description/yahboomcar_description.egg-info/SOURCES.txt'
[4.126s] writing manifest file '../build/yahboomcar_description/yahboomcar_description.egg-info/SOURCES.txt'
[4.127s] running build
[4.127s] running build_py
[4.127s] running install
[4.128s] running install_lib
[4.132s] running install_data
[4.134s] running install_egg_info
[4.139s] removing '/home/jetson/ros2/src/install/yahboomcar_description/lib/python3.8/site-packages/yahboomcar_description-0.0.0-py3.8.egg-info' (and everything under it)
[4.140s] Copying ../build/yahboomcar_description/yahboomcar_description.egg-info to /home/jetson/ros2/src/install/yahboomcar_description/lib/python3.8/site-packages/yahboomcar_description-0.0.0-py3.8.egg-info
[4.142s] running install_scripts
[4.180s] writing list of installed files to '/home/jetson/ros2/src/build/yahboomcar_description/install.log'
[4.252s] Invoked command in '/home/jetson/ros2/src/yahboomcar_description' returned '0': PYTHONPATH=/home/jetson/ros2/src/build/yahboomcar_description/prefix_override:/home/jetson/ros2/src/install/yahboomcar_description/lib/python3.8/site-packages:${PYTHONPATH} /usr/bin/python3 -W ignore:setup.py install is deprecated setup.py egg_info --egg-base ../build/yahboomcar_description build --build-base /home/jetson/ros2/src/build/yahboomcar_description/build install --record /home/jetson/ros2/src/build/yahboomcar_description/install.log --install-scripts $base/lib/yahboomcar_description --single-version-externally-managed install_data
