[2.145s] Invoking command in '/home/jetson/ros2/src/yahboomcar_bringup': PYTHONPATH=/home/jetson/ros2/src/build/yahboomcar_bringup/prefix_override:/home/jetson/ros2/src/install/yahboomcar_bringup/lib/python3.8/site-packages:${PYTHONPATH} /usr/bin/python3 -W ignore:setup.py install is deprecated setup.py egg_info --egg-base ../build/yahboomcar_bringup build --build-base /home/jetson/ros2/src/build/yahboomcar_bringup/build install --record /home/jetson/ros2/src/build/yahboomcar_bringup/install.log --install-scripts $base/lib/yahboomcar_bringup --single-version-externally-managed install_data
[2.638s] running egg_info
[2.639s] creating ../build/yahboomcar_bringup/yahboomcar_bringup.egg-info
[2.639s] writing ../build/yahboomcar_bringup/yahboomcar_bringup.egg-info/PKG-INFO
[2.640s] writing dependency_links to ../build/yahboomcar_bringup/yahboomcar_bringup.egg-info/dependency_links.txt
[2.640s] writing entry points to ../build/yahboomcar_bringup/yahboomcar_bringup.egg-info/entry_points.txt
[2.641s] writing requirements to ../build/yahboomcar_bringup/yahboomcar_bringup.egg-info/requires.txt
[2.641s] writing top-level names to ../build/yahboomcar_bringup/yahboomcar_bringup.egg-info/top_level.txt
[2.645s] writing manifest file '../build/yahboomcar_bringup/yahboomcar_bringup.egg-info/SOURCES.txt'
[2.707s] reading manifest file '../build/yahboomcar_bringup/yahboomcar_bringup.egg-info/SOURCES.txt'
[2.708s] writing manifest file '../build/yahboomcar_bringup/yahboomcar_bringup.egg-info/SOURCES.txt'
[2.708s] running build
[2.708s] running build_py
[2.709s] creating /home/jetson/ros2/src/build/yahboomcar_bringup/build
[2.709s] creating /home/jetson/ros2/src/build/yahboomcar_bringup/build/lib
[2.709s] creating /home/jetson/ros2/src/build/yahboomcar_bringup/build/lib/yahboomcar_bringup
[2.709s] copying yahboomcar_bringup/calibrate_linear_R2.py -> /home/jetson/ros2/src/build/yahboomcar_bringup/build/lib/yahboomcar_bringup
[2.709s] copying yahboomcar_bringup/patrol_4ROS.py -> /home/jetson/ros2/src/build/yahboomcar_bringup/build/lib/yahboomcar_bringup
[2.710s] copying yahboomcar_bringup/patrol_a1_X3.py -> /home/jetson/ros2/src/build/yahboomcar_bringup/build/lib/yahboomcar_bringup
[2.710s] copying yahboomcar_bringup/Mcnamu_driver_X3.py -> /home/jetson/ros2/src/build/yahboomcar_bringup/build/lib/yahboomcar_bringup
[2.710s] copying yahboomcar_bringup/calibrate_angular_R2.py -> /home/jetson/ros2/src/build/yahboomcar_bringup/build/lib/yahboomcar_bringup
[2.710s] copying yahboomcar_bringup/transform_utils.py -> /home/jetson/ros2/src/build/yahboomcar_bringup/build/lib/yahboomcar_bringup
[2.711s] copying yahboomcar_bringup/patrol_4ROS_R2.py -> /home/jetson/ros2/src/build/yahboomcar_bringup/build/lib/yahboomcar_bringup
[2.711s] copying yahboomcar_bringup/untitled.py -> /home/jetson/ros2/src/build/yahboomcar_bringup/build/lib/yahboomcar_bringup
[2.711s] copying yahboomcar_bringup/Ackman_driver_R2.py -> /home/jetson/ros2/src/build/yahboomcar_bringup/build/lib/yahboomcar_bringup
[2.711s] copying yahboomcar_bringup/test.py -> /home/jetson/ros2/src/build/yahboomcar_bringup/build/lib/yahboomcar_bringup
[2.712s] copying yahboomcar_bringup/patrol_a1_R2.py -> /home/jetson/ros2/src/build/yahboomcar_bringup/build/lib/yahboomcar_bringup
[2.712s] copying yahboomcar_bringup/calibrate_angular_X3.py -> /home/jetson/ros2/src/build/yahboomcar_bringup/build/lib/yahboomcar_bringup
[2.712s] copying yahboomcar_bringup/Mcnamu_driver_x1.py -> /home/jetson/ros2/src/build/yahboomcar_bringup/build/lib/yahboomcar_bringup
[2.712s] copying yahboomcar_bringup/calibrate_linear_X3.py -> /home/jetson/ros2/src/build/yahboomcar_bringup/build/lib/yahboomcar_bringup
[2.713s] copying yahboomcar_bringup/__init__.py -> /home/jetson/ros2/src/build/yahboomcar_bringup/build/lib/yahboomcar_bringup
[2.713s] running install
[2.715s] running install_lib
[2.718s] creating /home/jetson/ros2/src/install/yahboomcar_bringup/lib/python3.8/site-packages/yahboomcar_bringup
[2.718s] copying /home/jetson/ros2/src/build/yahboomcar_bringup/build/lib/yahboomcar_bringup/calibrate_linear_R2.py -> /home/jetson/ros2/src/install/yahboomcar_bringup/lib/python3.8/site-packages/yahboomcar_bringup
[2.719s] copying /home/jetson/ros2/src/build/yahboomcar_bringup/build/lib/yahboomcar_bringup/patrol_4ROS.py -> /home/jetson/ros2/src/install/yahboomcar_bringup/lib/python3.8/site-packages/yahboomcar_bringup
[2.719s] copying /home/jetson/ros2/src/build/yahboomcar_bringup/build/lib/yahboomcar_bringup/patrol_a1_X3.py -> /home/jetson/ros2/src/install/yahboomcar_bringup/lib/python3.8/site-packages/yahboomcar_bringup
[2.719s] copying /home/jetson/ros2/src/build/yahboomcar_bringup/build/lib/yahboomcar_bringup/Mcnamu_driver_X3.py -> /home/jetson/ros2/src/install/yahboomcar_bringup/lib/python3.8/site-packages/yahboomcar_bringup
[2.719s] copying /home/jetson/ros2/src/build/yahboomcar_bringup/build/lib/yahboomcar_bringup/calibrate_angular_R2.py -> /home/jetson/ros2/src/install/yahboomcar_bringup/lib/python3.8/site-packages/yahboomcar_bringup
[2.720s] copying /home/jetson/ros2/src/build/yahboomcar_bringup/build/lib/yahboomcar_bringup/transform_utils.py -> /home/jetson/ros2/src/install/yahboomcar_bringup/lib/python3.8/site-packages/yahboomcar_bringup
[2.720s] copying /home/jetson/ros2/src/build/yahboomcar_bringup/build/lib/yahboomcar_bringup/patrol_4ROS_R2.py -> /home/jetson/ros2/src/install/yahboomcar_bringup/lib/python3.8/site-packages/yahboomcar_bringup
[2.720s] copying /home/jetson/ros2/src/build/yahboomcar_bringup/build/lib/yahboomcar_bringup/untitled.py -> /home/jetson/ros2/src/install/yahboomcar_bringup/lib/python3.8/site-packages/yahboomcar_bringup
[2.720s] copying /home/jetson/ros2/src/build/yahboomcar_bringup/build/lib/yahboomcar_bringup/Ackman_driver_R2.py -> /home/jetson/ros2/src/install/yahboomcar_bringup/lib/python3.8/site-packages/yahboomcar_bringup
[2.721s] copying /home/jetson/ros2/src/build/yahboomcar_bringup/build/lib/yahboomcar_bringup/test.py -> /home/jetson/ros2/src/install/yahboomcar_bringup/lib/python3.8/site-packages/yahboomcar_bringup
[2.721s] copying /home/jetson/ros2/src/build/yahboomcar_bringup/build/lib/yahboomcar_bringup/patrol_a1_R2.py -> /home/jetson/ros2/src/install/yahboomcar_bringup/lib/python3.8/site-packages/yahboomcar_bringup
[2.721s] copying /home/jetson/ros2/src/build/yahboomcar_bringup/build/lib/yahboomcar_bringup/calibrate_angular_X3.py -> /home/jetson/ros2/src/install/yahboomcar_bringup/lib/python3.8/site-packages/yahboomcar_bringup
[2.721s] copying /home/jetson/ros2/src/build/yahboomcar_bringup/build/lib/yahboomcar_bringup/Mcnamu_driver_x1.py -> /home/jetson/ros2/src/install/yahboomcar_bringup/lib/python3.8/site-packages/yahboomcar_bringup
[2.721s] copying /home/jetson/ros2/src/build/yahboomcar_bringup/build/lib/yahboomcar_bringup/calibrate_linear_X3.py -> /home/jetson/ros2/src/install/yahboomcar_bringup/lib/python3.8/site-packages/yahboomcar_bringup
[2.721s] copying /home/jetson/ros2/src/build/yahboomcar_bringup/build/lib/yahboomcar_bringup/__init__.py -> /home/jetson/ros2/src/install/yahboomcar_bringup/lib/python3.8/site-packages/yahboomcar_bringup
[2.722s] byte-compiling /home/jetson/ros2/src/install/yahboomcar_bringup/lib/python3.8/site-packages/yahboomcar_bringup/calibrate_linear_R2.py to calibrate_linear_R2.cpython-38.pyc
[2.726s] byte-compiling /home/jetson/ros2/src/install/yahboomcar_bringup/lib/python3.8/site-packages/yahboomcar_bringup/patrol_4ROS.py to patrol_4ROS.cpython-38.pyc
[2.730s] byte-compiling /home/jetson/ros2/src/install/yahboomcar_bringup/lib/python3.8/site-packages/yahboomcar_bringup/patrol_a1_X3.py to patrol_a1_X3.cpython-38.pyc
[2.734s] byte-compiling /home/jetson/ros2/src/install/yahboomcar_bringup/lib/python3.8/site-packages/yahboomcar_bringup/Mcnamu_driver_X3.py to Mcnamu_driver_X3.cpython-38.pyc
[2.736s] byte-compiling /home/jetson/ros2/src/install/yahboomcar_bringup/lib/python3.8/site-packages/yahboomcar_bringup/calibrate_angular_R2.py to calibrate_angular_R2.cpython-38.pyc
[2.738s] byte-compiling /home/jetson/ros2/src/install/yahboomcar_bringup/lib/python3.8/site-packages/yahboomcar_bringup/transform_utils.py to transform_utils.cpython-38.pyc
[2.739s] byte-compiling /home/jetson/ros2/src/install/yahboomcar_bringup/lib/python3.8/site-packages/yahboomcar_bringup/patrol_4ROS_R2.py to patrol_4ROS_R2.cpython-38.pyc
[2.743s] byte-compiling /home/jetson/ros2/src/install/yahboomcar_bringup/lib/python3.8/site-packages/yahboomcar_bringup/untitled.py to untitled.cpython-38.pyc
[2.743s] byte-compiling /home/jetson/ros2/src/install/yahboomcar_bringup/lib/python3.8/site-packages/yahboomcar_bringup/Ackman_driver_R2.py to Ackman_driver_R2.cpython-38.pyc
[2.744s] byte-compiling /home/jetson/ros2/src/install/yahboomcar_bringup/lib/python3.8/site-packages/yahboomcar_bringup/test.py to test.cpython-38.pyc
[2.745s] byte-compiling /home/jetson/ros2/src/install/yahboomcar_bringup/lib/python3.8/site-packages/yahboomcar_bringup/patrol_a1_R2.py to patrol_a1_R2.cpython-38.pyc
[2.748s] byte-compiling /home/jetson/ros2/src/install/yahboomcar_bringup/lib/python3.8/site-packages/yahboomcar_bringup/calibrate_angular_X3.py to calibrate_angular_X3.cpython-38.pyc
[2.750s] byte-compiling /home/jetson/ros2/src/install/yahboomcar_bringup/lib/python3.8/site-packages/yahboomcar_bringup/Mcnamu_driver_x1.py to Mcnamu_driver_x1.cpython-38.pyc
[2.752s] byte-compiling /home/jetson/ros2/src/install/yahboomcar_bringup/lib/python3.8/site-packages/yahboomcar_bringup/calibrate_linear_X3.py to calibrate_linear_X3.cpython-38.pyc
[2.754s] byte-compiling /home/jetson/ros2/src/install/yahboomcar_bringup/lib/python3.8/site-packages/yahboomcar_bringup/__init__.py to __init__.cpython-38.pyc
[2.754s] running install_data
[2.754s] creating /home/jetson/ros2/src/install/yahboomcar_bringup/share/ament_index
[2.754s] creating /home/jetson/ros2/src/install/yahboomcar_bringup/share/ament_index/resource_index
[2.755s] creating /home/jetson/ros2/src/install/yahboomcar_bringup/share/ament_index/resource_index/packages
[2.755s] copying resource/yahboomcar_bringup -> /home/jetson/ros2/src/install/yahboomcar_bringup/share/ament_index/resource_index/packages
[2.755s] copying package.xml -> /home/jetson/ros2/src/install/yahboomcar_bringup/share/yahboomcar_bringup
[2.755s] creating /home/jetson/ros2/src/install/yahboomcar_bringup/share/yahboomcar_bringup/launch
[2.755s] copying launch/yahboomcar_bringup_X1_launch.py -> /home/jetson/ros2/src/install/yahboomcar_bringup/share/yahboomcar_bringup/launch
[2.756s] copying launch/yahboomcar_bringup_X3_launch.py -> /home/jetson/ros2/src/install/yahboomcar_bringup/share/yahboomcar_bringup/launch
[2.756s] copying launch/yahboomcar_bringup_R2_launch.py -> /home/jetson/ros2/src/install/yahboomcar_bringup/share/yahboomcar_bringup/launch
[2.756s] creating /home/jetson/ros2/src/install/yahboomcar_bringup/share/yahboomcar_description
[2.756s] creating /home/jetson/ros2/src/install/yahboomcar_bringup/share/yahboomcar_description/rviz
[2.757s] copying rviz/yahboomcar.rviz -> /home/jetson/ros2/src/install/yahboomcar_bringup/share/yahboomcar_description/rviz
[2.757s] creating /home/jetson/ros2/src/install/yahboomcar_bringup/share/yahboomcar_bringup/param
[2.757s] copying param/imu_filter_param.yaml -> /home/jetson/ros2/src/install/yahboomcar_bringup/share/yahboomcar_bringup/param
[2.757s] running install_egg_info
[2.760s] Copying ../build/yahboomcar_bringup/yahboomcar_bringup.egg-info to /home/jetson/ros2/src/install/yahboomcar_bringup/lib/python3.8/site-packages/yahboomcar_bringup-0.0.0-py3.8.egg-info
[2.762s] running install_scripts
[2.797s] Installing Ackman_driver_R2 script to /home/jetson/ros2/src/install/yahboomcar_bringup/lib/yahboomcar_bringup
[2.797s] Installing Mcnamu_driver_X3 script to /home/jetson/ros2/src/install/yahboomcar_bringup/lib/yahboomcar_bringup
[2.797s] Installing Mcnamu_driver_x1 script to /home/jetson/ros2/src/install/yahboomcar_bringup/lib/yahboomcar_bringup
[2.798s] Installing calibrate_angular_R2 script to /home/jetson/ros2/src/install/yahboomcar_bringup/lib/yahboomcar_bringup
[2.798s] Installing calibrate_angular_X3 script to /home/jetson/ros2/src/install/yahboomcar_bringup/lib/yahboomcar_bringup
[2.798s] Installing calibrate_linear_R2 script to /home/jetson/ros2/src/install/yahboomcar_bringup/lib/yahboomcar_bringup
[2.798s] Installing calibrate_linear_X3 script to /home/jetson/ros2/src/install/yahboomcar_bringup/lib/yahboomcar_bringup
[2.798s] Installing patrol_4ROS script to /home/jetson/ros2/src/install/yahboomcar_bringup/lib/yahboomcar_bringup
[2.799s] Installing patrol_4ROS_R2 script to /home/jetson/ros2/src/install/yahboomcar_bringup/lib/yahboomcar_bringup
[2.799s] Installing patrol_a1_R2 script to /home/jetson/ros2/src/install/yahboomcar_bringup/lib/yahboomcar_bringup
[2.799s] Installing patrol_a1_X3 script to /home/jetson/ros2/src/install/yahboomcar_bringup/lib/yahboomcar_bringup
[2.800s] writing list of installed files to '/home/jetson/ros2/src/build/yahboomcar_bringup/install.log'
[2.874s] Invoked command in '/home/jetson/ros2/src/yahboomcar_bringup' returned '0': PYTHONPATH=/home/jetson/ros2/src/build/yahboomcar_bringup/prefix_override:/home/jetson/ros2/src/install/yahboomcar_bringup/lib/python3.8/site-packages:${PYTHONPATH} /usr/bin/python3 -W ignore:setup.py install is deprecated setup.py egg_info --egg-base ../build/yahboomcar_bringup build --build-base /home/jetson/ros2/src/build/yahboomcar_bringup/build install --record /home/jetson/ros2/src/build/yahboomcar_bringup/install.log --install-scripts $base/lib/yahboomcar_bringup --single-version-externally-managed install_data
