[0.024s] Invoking command in '/home/jetson/ros2/src/build/my_package': CMAKE_PREFIX_PATH=/opt/ros/foxy /usr/bin/cmake --build /home/jetson/ros2/src/build/my_package -- -j6 -l6
[0.083s] -- Found ament_cmake: 0.9.12 (/opt/ros/foxy/share/ament_cmake/cmake)
[0.128s] -- Using PYTHON_EXECUTABLE: /usr/bin/python3
[0.556s] -- Found rclcpp: 2.4.3 (/opt/ros/foxy/share/rclcpp/cmake)
[0.619s] -- Using all available rosidl_typesupport_c: rosidl_typesupport_fastrtps_c;rosidl_typesupport_introspection_c
[0.625s] -- Found rosidl_adapter: 1.3.1 (/opt/ros/foxy/share/rosidl_adapter/cmake)
[0.864s] -- Using all available rosidl_typesupport_cpp: rosidl_typesupport_fastrtps_cpp;rosidl_typesupport_introspection_cpp
[0.957s] -- Found rmw_implementation_cmake: 1.0.4 (/opt/ros/foxy/share/rmw_implementation_cmake/cmake)
[0.960s] -- Using RMW implementation 'rmw_fastrtps_cpp' as default
[1.239s] CMake Error at /opt/ros/foxy/share/ament_cmake_target_dependencies/cmake/ament_target_dependencies.cmake:42 (message):
[1.239s]   ament_target_dependencies() the first argument must be a valid target name
[1.239s] Call Stack (most recent call first):
[1.239s]   CMakeLists.txt:33 (ament_target_dependencies)
[1.239s] 
[1.239s] 
[1.242s] -- Configuring incomplete, errors occurred!
[1.242s] See also "/home/jetson/ros2/src/build/my_package/CMakeFiles/CMakeOutput.log".
[1.242s] See also "/home/jetson/ros2/src/build/my_package/CMakeFiles/CMakeError.log".
[1.261s] make: *** [Makefile:266: cmake_check_build_system] Error 1
[1.266s] Invoked command in '/home/jetson/ros2/src/build/my_package' returned '2': CMAKE_PREFIX_PATH=/opt/ros/foxy /usr/bin/cmake --build /home/jetson/ros2/src/build/my_package -- -j6 -l6
