[0.608s] Invoking command in '/home/jetson/ros2/src/build/robot_localization': CMAKE_PREFIX_PATH=/opt/ros/foxy /usr/bin/cmake --build /home/jetson/ros2/src/build/robot_localization -- -j6 -l6
[2.337s] [  2%] Built target robot_localization__cpp
[2.337s] [  2%] Built target gtest_main
[2.338s] [  4%] Built target gtest
[2.339s] [ 11%] Built target robot_localization__rosidl_generator_c
[2.339s] [ 18%] Built target robot_localization__rosidl_typesupport_introspection_cpp
[2.341s] [ 25%] Built target robot_localization__rosidl_typesupport_cpp
[2.345s] [ 32%] Built target robot_localization__rosidl_typesupport_fastrtps_cpp
[2.346s] [ 39%] Built target robot_localization__rosidl_typesupport_c
[2.346s] [ 46%] Built target robot_localization__rosidl_typesupport_introspection_c
[2.347s] [ 53%] Built target robot_localization__rosidl_typesupport_fastrtps_c
[2.347s] [ 53%] Built target robot_localization
[2.347s] [ 54%] Built target robot_localization__py
[2.347s] [ 60%] Built target robot_localization__python
[2.348s] [ 69%] Built target rl_lib
[2.348s] [ 73%] Built target robot_localization__rosidl_typesupport_introspection_c__pyext
[2.348s] [ 73%] Built target robot_localization__rosidl_typesupport_fastrtps_c__pyext
[2.348s] [ 74%] Built target robot_localization__rosidl_typesupport_c__pyext
[2.348s] [ 76%] Built target test_ekf
[2.349s] [ 77%] Built target test_ros_robot_localization_listener_publisher
[2.349s] [ 79%] Built target test_ros_robot_localization_listener
[2.349s] [ 80%] Built target test_navsat_conversions
[2.349s] [ 82%] Built target ukf_node
[2.349s] [ 84%] Built target test_robot_localization_estimator
[2.349s] [ 86%] Built target filter_base-test
[2.349s] [ 87%] Built target ekf_node
[2.350s] [ 89%] Built target test_ukf
[2.350s] [ 90%] Built target robot_localization_listener_node
[2.350s] [ 92%] Built target test_navsat_transform
[2.350s] [ 94%] Built target navsat_transform_node
[2.350s] [ 98%] Built target test_ukf_localization_node_interfaces
[2.350s] [ 98%] Built target test_ekf_localization_node_interfaces
[2.351s] [100%] Built target test_filter_base_diagnostics_timestamps
[2.351s] Invoked command in '/home/jetson/ros2/src/build/robot_localization' returned '0': CMAKE_PREFIX_PATH=/opt/ros/foxy /usr/bin/cmake --build /home/jetson/ros2/src/build/robot_localization -- -j6 -l6
[2.724s] Invoking command in '/home/jetson/ros2/src/build/robot_localization': CMAKE_PREFIX_PATH=/opt/ros/foxy /usr/bin/cmake --install /home/jetson/ros2/src/build/robot_localization
[2.746s] -- Install configuration: "RelWithDebInfo"
[2.746s] -- Up-to-date: /home/jetson/ros2/src/install/robot_localization/share/ament_index/resource_index/rosidl_interfaces/robot_localization
[2.747s] -- Up-to-date: /home/jetson/ros2/src/install/robot_localization/include/robot_localization
[2.747s] -- Up-to-date: /home/jetson/ros2/src/install/robot_localization/include/robot_localization/srv
[2.748s] -- Up-to-date: /home/jetson/ros2/src/install/robot_localization/include/robot_localization/srv/get_state.h
[2.748s] -- Up-to-date: /home/jetson/ros2/src/install/robot_localization/include/robot_localization/srv/set_datum.h
[2.749s] -- Up-to-date: /home/jetson/ros2/src/install/robot_localization/include/robot_localization/srv/to_ll.h
[2.749s] -- Up-to-date: /home/jetson/ros2/src/install/robot_localization/include/robot_localization/srv/set_pose.h
[2.750s] -- Up-to-date: /home/jetson/ros2/src/install/robot_localization/include/robot_localization/srv/detail
[2.750s] -- Up-to-date: /home/jetson/ros2/src/install/robot_localization/include/robot_localization/srv/detail/get_state__functions.c
[2.751s] -- Up-to-date: /home/jetson/ros2/src/install/robot_localization/include/robot_localization/srv/detail/to_ll__type_support.h
[2.751s] -- Up-to-date: /home/jetson/ros2/src/install/robot_localization/include/robot_localization/srv/detail/get_state__type_support.h
[2.751s] -- Up-to-date: /home/jetson/ros2/src/install/robot_localization/include/robot_localization/srv/detail/get_state__functions.h
[2.752s] -- Up-to-date: /home/jetson/ros2/src/install/robot_localization/include/robot_localization/srv/detail/set_pose__struct.h
[2.752s] -- Up-to-date: /home/jetson/ros2/src/install/robot_localization/include/robot_localization/srv/detail/set_datum__struct.h
[2.753s] -- Up-to-date: /home/jetson/ros2/src/install/robot_localization/include/robot_localization/srv/detail/toggle_filter_processing__functions.h
[2.753s] -- Up-to-date: /home/jetson/ros2/src/install/robot_localization/include/robot_localization/srv/detail/from_ll__type_support.h
[2.754s] -- Up-to-date: /home/jetson/ros2/src/install/robot_localization/include/robot_localization/srv/detail/toggle_filter_processing__struct.h
[2.754s] -- Up-to-date: /home/jetson/ros2/src/install/robot_localization/include/robot_localization/srv/detail/get_state__struct.h
[2.755s] -- Up-to-date: /home/jetson/ros2/src/install/robot_localization/include/robot_localization/srv/detail/from_ll__struct.h
[2.755s] -- Up-to-date: /home/jetson/ros2/src/install/robot_localization/include/robot_localization/srv/detail/set_pose__type_support.h
[2.756s] -- Up-to-date: /home/jetson/ros2/src/install/robot_localization/include/robot_localization/srv/detail/from_ll__functions.h
[2.756s] -- Up-to-date: /home/jetson/ros2/src/install/robot_localization/include/robot_localization/srv/detail/set_datum__type_support.h
[2.756s] -- Up-to-date: /home/jetson/ros2/src/install/robot_localization/include/robot_localization/srv/detail/set_pose__functions.c
[2.757s] -- Up-to-date: /home/jetson/ros2/src/install/robot_localization/include/robot_localization/srv/detail/from_ll__functions.c
[2.757s] -- Up-to-date: /home/jetson/ros2/src/install/robot_localization/include/robot_localization/srv/detail/to_ll__struct.h
[2.758s] -- Up-to-date: /home/jetson/ros2/src/install/robot_localization/include/robot_localization/srv/detail/set_datum__functions.h
[2.758s] -- Up-to-date: /home/jetson/ros2/src/install/robot_localization/include/robot_localization/srv/detail/set_pose__functions.h
[2.758s] -- Up-to-date: /home/jetson/ros2/src/install/robot_localization/include/robot_localization/srv/detail/to_ll__functions.h
[2.759s] -- Up-to-date: /home/jetson/ros2/src/install/robot_localization/include/robot_localization/srv/detail/to_ll__functions.c
[2.759s] -- Up-to-date: /home/jetson/ros2/src/install/robot_localization/include/robot_localization/srv/detail/set_datum__functions.c
[2.760s] -- Up-to-date: /home/jetson/ros2/src/install/robot_localization/include/robot_localization/srv/detail/toggle_filter_processing__functions.c
[2.760s] -- Up-to-date: /home/jetson/ros2/src/install/robot_localization/include/robot_localization/srv/detail/toggle_filter_processing__type_support.h
[2.761s] -- Up-to-date: /home/jetson/ros2/src/install/robot_localization/include/robot_localization/srv/toggle_filter_processing.h
[2.761s] -- Up-to-date: /home/jetson/ros2/src/install/robot_localization/include/robot_localization/srv/from_ll.h
[2.761s] -- Up-to-date: /home/jetson/ros2/src/install/robot_localization/include/robot_localization/msg
[2.762s] -- Up-to-date: /home/jetson/ros2/src/install/robot_localization/include/robot_localization/msg/rosidl_generator_c__visibility_control.h
[2.763s] -- Up-to-date: /home/jetson/ros2/src/install/robot_localization/share/robot_localization/environment/library_path.sh
[2.763s] -- Up-to-date: /home/jetson/ros2/src/install/robot_localization/share/robot_localization/environment/library_path.dsv
[2.764s] -- Up-to-date: /home/jetson/ros2/src/install/robot_localization/lib/librobot_localization__rosidl_generator_c.so
[2.765s] -- Up-to-date: /home/jetson/ros2/src/install/robot_localization/include/robot_localization
[2.766s] -- Up-to-date: /home/jetson/ros2/src/install/robot_localization/include/robot_localization/srv
[2.766s] -- Up-to-date: /home/jetson/ros2/src/install/robot_localization/include/robot_localization/srv/detail
[2.767s] -- Up-to-date: /home/jetson/ros2/src/install/robot_localization/include/robot_localization/srv/detail/toggle_filter_processing__rosidl_typesupport_fastrtps_c.h
[2.767s] -- Up-to-date: /home/jetson/ros2/src/install/robot_localization/include/robot_localization/srv/detail/get_state__rosidl_typesupport_fastrtps_c.h
[2.768s] -- Up-to-date: /home/jetson/ros2/src/install/robot_localization/include/robot_localization/srv/detail/set_datum__rosidl_typesupport_fastrtps_c.h
[2.768s] -- Up-to-date: /home/jetson/ros2/src/install/robot_localization/include/robot_localization/srv/detail/to_ll__rosidl_typesupport_fastrtps_c.h
[2.769s] -- Up-to-date: /home/jetson/ros2/src/install/robot_localization/include/robot_localization/srv/detail/set_pose__rosidl_typesupport_fastrtps_c.h
[2.769s] -- Up-to-date: /home/jetson/ros2/src/install/robot_localization/include/robot_localization/srv/detail/from_ll__rosidl_typesupport_fastrtps_c.h
[2.769s] -- Up-to-date: /home/jetson/ros2/src/install/robot_localization/include/robot_localization/msg
[2.770s] -- Up-to-date: /home/jetson/ros2/src/install/robot_localization/include/robot_localization/msg/rosidl_typesupport_fastrtps_c__visibility_control.h
[2.771s] -- Up-to-date: /home/jetson/ros2/src/install/robot_localization/lib/librobot_localization__rosidl_typesupport_fastrtps_c.so
[2.772s] -- Up-to-date: /home/jetson/ros2/src/install/robot_localization/include/robot_localization
[2.772s] -- Up-to-date: /home/jetson/ros2/src/install/robot_localization/include/robot_localization/srv
[2.773s] -- Up-to-date: /home/jetson/ros2/src/install/robot_localization/include/robot_localization/srv/detail
[2.773s] -- Up-to-date: /home/jetson/ros2/src/install/robot_localization/include/robot_localization/srv/detail/set_pose__rosidl_typesupport_fastrtps_cpp.hpp
[2.774s] -- Up-to-date: /home/jetson/ros2/src/install/robot_localization/include/robot_localization/srv/detail/from_ll__rosidl_typesupport_fastrtps_cpp.hpp
[2.774s] -- Up-to-date: /home/jetson/ros2/src/install/robot_localization/include/robot_localization/srv/detail/dds_fastrtps
[2.775s] -- Up-to-date: /home/jetson/ros2/src/install/robot_localization/include/robot_localization/srv/detail/toggle_filter_processing__rosidl_typesupport_fastrtps_cpp.hpp
[2.775s] -- Up-to-date: /home/jetson/ros2/src/install/robot_localization/include/robot_localization/srv/detail/set_datum__rosidl_typesupport_fastrtps_cpp.hpp
[2.776s] -- Up-to-date: /home/jetson/ros2/src/install/robot_localization/include/robot_localization/srv/detail/to_ll__rosidl_typesupport_fastrtps_cpp.hpp
[2.776s] -- Up-to-date: /home/jetson/ros2/src/install/robot_localization/include/robot_localization/srv/detail/get_state__rosidl_typesupport_fastrtps_cpp.hpp
[2.777s] -- Up-to-date: /home/jetson/ros2/src/install/robot_localization/include/robot_localization/msg
[2.777s] -- Up-to-date: /home/jetson/ros2/src/install/robot_localization/include/robot_localization/msg/rosidl_typesupport_fastrtps_cpp__visibility_control.h
[2.778s] -- Up-to-date: /home/jetson/ros2/src/install/robot_localization/lib/librobot_localization__rosidl_typesupport_fastrtps_cpp.so
[2.779s] -- Up-to-date: /home/jetson/ros2/src/install/robot_localization/include/robot_localization
[2.780s] -- Up-to-date: /home/jetson/ros2/src/install/robot_localization/include/robot_localization/srv
[2.780s] -- Up-to-date: /home/jetson/ros2/src/install/robot_localization/include/robot_localization/srv/detail
[2.781s] -- Up-to-date: /home/jetson/ros2/src/install/robot_localization/include/robot_localization/srv/detail/to_ll__rosidl_typesupport_introspection_c.h
[2.781s] -- Up-to-date: /home/jetson/ros2/src/install/robot_localization/include/robot_localization/srv/detail/toggle_filter_processing__type_support.c
[2.782s] -- Up-to-date: /home/jetson/ros2/src/install/robot_localization/include/robot_localization/srv/detail/set_pose__rosidl_typesupport_introspection_c.h
[2.782s] -- Up-to-date: /home/jetson/ros2/src/install/robot_localization/include/robot_localization/srv/detail/set_datum__type_support.c
[2.783s] -- Up-to-date: /home/jetson/ros2/src/install/robot_localization/include/robot_localization/srv/detail/to_ll__type_support.c
[2.783s] -- Up-to-date: /home/jetson/ros2/src/install/robot_localization/include/robot_localization/srv/detail/set_pose__type_support.c
[2.783s] -- Up-to-date: /home/jetson/ros2/src/install/robot_localization/include/robot_localization/srv/detail/from_ll__type_support.c
[2.784s] -- Up-to-date: /home/jetson/ros2/src/install/robot_localization/include/robot_localization/srv/detail/get_state__type_support.c
[2.784s] -- Up-to-date: /home/jetson/ros2/src/install/robot_localization/include/robot_localization/srv/detail/get_state__rosidl_typesupport_introspection_c.h
[2.785s] -- Up-to-date: /home/jetson/ros2/src/install/robot_localization/include/robot_localization/srv/detail/from_ll__rosidl_typesupport_introspection_c.h
[2.785s] -- Up-to-date: /home/jetson/ros2/src/install/robot_localization/include/robot_localization/srv/detail/toggle_filter_processing__rosidl_typesupport_introspection_c.h
[2.785s] -- Up-to-date: /home/jetson/ros2/src/install/robot_localization/include/robot_localization/srv/detail/set_datum__rosidl_typesupport_introspection_c.h
[2.786s] -- Up-to-date: /home/jetson/ros2/src/install/robot_localization/include/robot_localization/msg
[2.786s] -- Up-to-date: /home/jetson/ros2/src/install/robot_localization/include/robot_localization/msg/rosidl_typesupport_introspection_c__visibility_control.h
[2.787s] -- Up-to-date: /home/jetson/ros2/src/install/robot_localization/lib/librobot_localization__rosidl_typesupport_introspection_c.so
[2.788s] -- Up-to-date: /home/jetson/ros2/src/install/robot_localization/lib/librobot_localization__rosidl_typesupport_c.so
[2.789s] -- Up-to-date: /home/jetson/ros2/src/install/robot_localization/include/robot_localization
[2.790s] -- Up-to-date: /home/jetson/ros2/src/install/robot_localization/include/robot_localization/srv
[2.790s] -- Up-to-date: /home/jetson/ros2/src/install/robot_localization/include/robot_localization/srv/toggle_filter_processing.hpp
[2.791s] -- Up-to-date: /home/jetson/ros2/src/install/robot_localization/include/robot_localization/srv/get_state.hpp
[2.791s] -- Up-to-date: /home/jetson/ros2/src/install/robot_localization/include/robot_localization/srv/set_datum.hpp
[2.792s] -- Up-to-date: /home/jetson/ros2/src/install/robot_localization/include/robot_localization/srv/detail
[2.792s] -- Up-to-date: /home/jetson/ros2/src/install/robot_localization/include/robot_localization/srv/detail/from_ll__builder.hpp
[2.793s] -- Up-to-date: /home/jetson/ros2/src/install/robot_localization/include/robot_localization/srv/detail/from_ll__type_support.hpp
[2.793s] -- Up-to-date: /home/jetson/ros2/src/install/robot_localization/include/robot_localization/srv/detail/set_datum__builder.hpp
[2.793s] -- Up-to-date: /home/jetson/ros2/src/install/robot_localization/include/robot_localization/srv/detail/to_ll__traits.hpp
[2.794s] -- Up-to-date: /home/jetson/ros2/src/install/robot_localization/include/robot_localization/srv/detail/set_pose__type_support.hpp
[2.794s] -- Up-to-date: /home/jetson/ros2/src/install/robot_localization/include/robot_localization/srv/detail/set_datum__traits.hpp
[2.795s] -- Up-to-date: /home/jetson/ros2/src/install/robot_localization/include/robot_localization/srv/detail/toggle_filter_processing__traits.hpp
[2.796s] -- Up-to-date: /home/jetson/ros2/src/install/robot_localization/include/robot_localization/srv/detail/toggle_filter_processing__type_support.hpp
[2.798s] -- Up-to-date: /home/jetson/ros2/src/install/robot_localization/include/robot_localization/srv/detail/set_datum__type_support.hpp
[2.798s] -- Up-to-date: /home/jetson/ros2/src/install/robot_localization/include/robot_localization/srv/detail/set_pose__builder.hpp
[2.799s] -- Up-to-date: /home/jetson/ros2/src/install/robot_localization/include/robot_localization/srv/detail/get_state__struct.hpp
[2.799s] -- Up-to-date: /home/jetson/ros2/src/install/robot_localization/include/robot_localization/srv/detail/to_ll__type_support.hpp
[2.799s] -- Up-to-date: /home/jetson/ros2/src/install/robot_localization/include/robot_localization/srv/detail/get_state__traits.hpp
[2.799s] -- Up-to-date: /home/jetson/ros2/src/install/robot_localization/include/robot_localization/srv/detail/toggle_filter_processing__struct.hpp
[2.799s] -- Up-to-date: /home/jetson/ros2/src/install/robot_localization/include/robot_localization/srv/detail/toggle_filter_processing__builder.hpp
[2.799s] -- Up-to-date: /home/jetson/ros2/src/install/robot_localization/include/robot_localization/srv/detail/set_datum__struct.hpp
[2.803s] -- Up-to-date: /home/jetson/ros2/src/install/robot_localization/include/robot_localization/srv/detail/from_ll__struct.hpp
[2.804s] -- Up-to-date: /home/jetson/ros2/src/install/robot_localization/include/robot_localization/srv/detail/to_ll__struct.hpp
[2.804s] -- Up-to-date: /home/jetson/ros2/src/install/robot_localization/include/robot_localization/srv/detail/set_pose__struct.hpp
[2.804s] -- Up-to-date: /home/jetson/ros2/src/install/robot_localization/include/robot_localization/srv/detail/to_ll__builder.hpp
[2.804s] -- Up-to-date: /home/jetson/ros2/src/install/robot_localization/include/robot_localization/srv/detail/set_pose__traits.hpp
[2.804s] -- Up-to-date: /home/jetson/ros2/src/install/robot_localization/include/robot_localization/srv/detail/get_state__builder.hpp
[2.804s] -- Up-to-date: /home/jetson/ros2/src/install/robot_localization/include/robot_localization/srv/detail/get_state__type_support.hpp
[2.805s] -- Up-to-date: /home/jetson/ros2/src/install/robot_localization/include/robot_localization/srv/detail/from_ll__traits.hpp
[2.805s] -- Up-to-date: /home/jetson/ros2/src/install/robot_localization/include/robot_localization/srv/set_pose.hpp
[2.805s] -- Up-to-date: /home/jetson/ros2/src/install/robot_localization/include/robot_localization/srv/to_ll.hpp
[2.805s] -- Up-to-date: /home/jetson/ros2/src/install/robot_localization/include/robot_localization/srv/from_ll.hpp
[2.805s] -- Up-to-date: /home/jetson/ros2/src/install/robot_localization/include/robot_localization/msg
[2.805s] -- Up-to-date: /home/jetson/ros2/src/install/robot_localization/include/robot_localization/msg/rosidl_generator_cpp__visibility_control.hpp
[2.805s] -- Up-to-date: /home/jetson/ros2/src/install/robot_localization/include/robot_localization
[2.810s] -- Up-to-date: /home/jetson/ros2/src/install/robot_localization/include/robot_localization/srv
[2.810s] -- Up-to-date: /home/jetson/ros2/src/install/robot_localization/include/robot_localization/srv/detail
[2.810s] -- Up-to-date: /home/jetson/ros2/src/install/robot_localization/include/robot_localization/srv/detail/from_ll__type_support.cpp
[2.810s] -- Up-to-date: /home/jetson/ros2/src/install/robot_localization/include/robot_localization/srv/detail/get_state__type_support.cpp
[2.811s] -- Up-to-date: /home/jetson/ros2/src/install/robot_localization/include/robot_localization/srv/detail/set_pose__rosidl_typesupport_introspection_cpp.hpp
[2.811s] -- Up-to-date: /home/jetson/ros2/src/install/robot_localization/include/robot_localization/srv/detail/toggle_filter_processing__type_support.cpp
[2.811s] -- Up-to-date: /home/jetson/ros2/src/install/robot_localization/include/robot_localization/srv/detail/set_pose__type_support.cpp
[2.811s] -- Up-to-date: /home/jetson/ros2/src/install/robot_localization/include/robot_localization/srv/detail/set_datum__type_support.cpp
[2.811s] -- Up-to-date: /home/jetson/ros2/src/install/robot_localization/include/robot_localization/srv/detail/to_ll__type_support.cpp
[2.811s] -- Up-to-date: /home/jetson/ros2/src/install/robot_localization/include/robot_localization/srv/detail/to_ll__rosidl_typesupport_introspection_cpp.hpp
[2.811s] -- Up-to-date: /home/jetson/ros2/src/install/robot_localization/include/robot_localization/srv/detail/toggle_filter_processing__rosidl_typesupport_introspection_cpp.hpp
[2.812s] -- Up-to-date: /home/jetson/ros2/src/install/robot_localization/include/robot_localization/srv/detail/get_state__rosidl_typesupport_introspection_cpp.hpp
[2.812s] -- Up-to-date: /home/jetson/ros2/src/install/robot_localization/include/robot_localization/srv/detail/from_ll__rosidl_typesupport_introspection_cpp.hpp
[2.812s] -- Up-to-date: /home/jetson/ros2/src/install/robot_localization/include/robot_localization/srv/detail/set_datum__rosidl_typesupport_introspection_cpp.hpp
[2.812s] -- Up-to-date: /home/jetson/ros2/src/install/robot_localization/lib/librobot_localization__rosidl_typesupport_introspection_cpp.so
[2.815s] -- Up-to-date: /home/jetson/ros2/src/install/robot_localization/lib/librobot_localization__rosidl_typesupport_cpp.so
[2.815s] -- Up-to-date: /home/jetson/ros2/src/install/robot_localization/share/robot_localization/environment/pythonpath.sh
[2.815s] -- Up-to-date: /home/jetson/ros2/src/install/robot_localization/share/robot_localization/environment/pythonpath.dsv
[2.815s] -- Up-to-date: /home/jetson/ros2/src/install/robot_localization/lib/python3.8/site-packages/robot_localization/__init__.py
[2.907s] -- Up-to-date: /home/jetson/ros2/src/install/robot_localization/lib/python3.8/site-packages/robot_localization/srv
[2.908s] -- Up-to-date: /home/jetson/ros2/src/install/robot_localization/lib/python3.8/site-packages/robot_localization/srv/_toggle_filter_processing.py
[2.908s] -- Up-to-date: /home/jetson/ros2/src/install/robot_localization/lib/python3.8/site-packages/robot_localization/srv/_to_ll_s.c
[2.909s] -- Up-to-date: /home/jetson/ros2/src/install/robot_localization/lib/python3.8/site-packages/robot_localization/srv/_set_pose_s.c
[2.909s] -- Up-to-date: /home/jetson/ros2/src/install/robot_localization/lib/python3.8/site-packages/robot_localization/srv/_to_ll.py
[2.909s] -- Up-to-date: /home/jetson/ros2/src/install/robot_localization/lib/python3.8/site-packages/robot_localization/srv/_from_ll.py
[2.909s] -- Up-to-date: /home/jetson/ros2/src/install/robot_localization/lib/python3.8/site-packages/robot_localization/srv/_toggle_filter_processing_s.c
[2.909s] -- Up-to-date: /home/jetson/ros2/src/install/robot_localization/lib/python3.8/site-packages/robot_localization/srv/_get_state.py
[2.910s] -- Up-to-date: /home/jetson/ros2/src/install/robot_localization/lib/python3.8/site-packages/robot_localization/srv/_get_state_s.c
[2.910s] -- Up-to-date: /home/jetson/ros2/src/install/robot_localization/lib/python3.8/site-packages/robot_localization/srv/_set_pose.py
[2.910s] -- Up-to-date: /home/jetson/ros2/src/install/robot_localization/lib/python3.8/site-packages/robot_localization/srv/__init__.py
[2.910s] -- Up-to-date: /home/jetson/ros2/src/install/robot_localization/lib/python3.8/site-packages/robot_localization/srv/_from_ll_s.c
[2.911s] -- Up-to-date: /home/jetson/ros2/src/install/robot_localization/lib/python3.8/site-packages/robot_localization/srv/_set_datum.py
[2.911s] -- Up-to-date: /home/jetson/ros2/src/install/robot_localization/lib/python3.8/site-packages/robot_localization/srv/_set_datum_s.c
[2.912s] -- Up-to-date: /home/jetson/ros2/src/install/robot_localization/lib/python3.8/site-packages/robot_localization/robot_localization_s__rosidl_typesupport_fastrtps_c.cpython-38-aarch64-linux-gnu.so
[2.912s] -- Up-to-date: /home/jetson/ros2/src/install/robot_localization/lib/python3.8/site-packages/robot_localization/robot_localization_s__rosidl_typesupport_introspection_c.cpython-38-aarch64-linux-gnu.so
[2.912s] -- Up-to-date: /home/jetson/ros2/src/install/robot_localization/lib/python3.8/site-packages/robot_localization/robot_localization_s__rosidl_typesupport_c.cpython-38-aarch64-linux-gnu.so
[2.912s] -- Up-to-date: /home/jetson/ros2/src/install/robot_localization/lib/librobot_localization__python.so
[2.912s] -- Up-to-date: /home/jetson/ros2/src/install/robot_localization/share/robot_localization/srv/FromLL.idl
[2.912s] -- Up-to-date: /home/jetson/ros2/src/install/robot_localization/share/robot_localization/srv/GetState.idl
[2.912s] -- Up-to-date: /home/jetson/ros2/src/install/robot_localization/share/robot_localization/srv/SetDatum.idl
[2.913s] -- Up-to-date: /home/jetson/ros2/src/install/robot_localization/share/robot_localization/srv/SetPose.idl
[2.913s] -- Up-to-date: /home/jetson/ros2/src/install/robot_localization/share/robot_localization/srv/ToggleFilterProcessing.idl
[2.913s] -- Up-to-date: /home/jetson/ros2/src/install/robot_localization/share/robot_localization/srv/ToLL.idl
[2.913s] -- Up-to-date: /home/jetson/ros2/src/install/robot_localization/share/robot_localization/srv/FromLL.srv
[2.913s] -- Up-to-date: /home/jetson/ros2/src/install/robot_localization/share/robot_localization/srv/FromLL_Request.msg
[2.913s] -- Up-to-date: /home/jetson/ros2/src/install/robot_localization/share/robot_localization/srv/FromLL_Response.msg
[2.913s] -- Up-to-date: /home/jetson/ros2/src/install/robot_localization/share/robot_localization/srv/GetState.srv
[2.914s] -- Up-to-date: /home/jetson/ros2/src/install/robot_localization/share/robot_localization/srv/GetState_Request.msg
[2.914s] -- Up-to-date: /home/jetson/ros2/src/install/robot_localization/share/robot_localization/srv/GetState_Response.msg
[2.914s] -- Up-to-date: /home/jetson/ros2/src/install/robot_localization/share/robot_localization/srv/SetDatum.srv
[2.915s] -- Up-to-date: /home/jetson/ros2/src/install/robot_localization/share/robot_localization/srv/SetDatum_Request.msg
[2.915s] -- Up-to-date: /home/jetson/ros2/src/install/robot_localization/share/robot_localization/srv/SetDatum_Response.msg
[2.915s] -- Up-to-date: /home/jetson/ros2/src/install/robot_localization/share/robot_localization/srv/SetPose.srv
[2.915s] -- Up-to-date: /home/jetson/ros2/src/install/robot_localization/share/robot_localization/srv/SetPose_Request.msg
[2.915s] -- Up-to-date: /home/jetson/ros2/src/install/robot_localization/share/robot_localization/srv/SetPose_Response.msg
[2.916s] -- Up-to-date: /home/jetson/ros2/src/install/robot_localization/share/robot_localization/srv/ToggleFilterProcessing.srv
[2.916s] -- Up-to-date: /home/jetson/ros2/src/install/robot_localization/share/robot_localization/srv/ToggleFilterProcessing_Request.msg
[2.916s] -- Up-to-date: /home/jetson/ros2/src/install/robot_localization/share/robot_localization/srv/ToggleFilterProcessing_Response.msg
[2.916s] -- Up-to-date: /home/jetson/ros2/src/install/robot_localization/share/robot_localization/srv/ToLL.srv
[2.916s] -- Up-to-date: /home/jetson/ros2/src/install/robot_localization/share/robot_localization/srv/ToLL_Request.msg
[2.917s] -- Up-to-date: /home/jetson/ros2/src/install/robot_localization/share/robot_localization/srv/ToLL_Response.msg
[2.917s] -- Up-to-date: /home/jetson/ros2/src/install/robot_localization/lib/robot_localization/filter_base-test
[2.917s] -- Up-to-date: /home/jetson/ros2/src/install/robot_localization/lib/robot_localization/test_filter_base_diagnostics_timestamps
[2.917s] -- Up-to-date: /home/jetson/ros2/src/install/robot_localization/lib/robot_localization/test_ekf
[2.923s] -- Up-to-date: /home/jetson/ros2/src/install/robot_localization/lib/robot_localization/test_ekf_localization_node_interfaces
[2.924s] -- Up-to-date: /home/jetson/ros2/src/install/robot_localization/lib/robot_localization/test_ukf
[2.925s] -- Up-to-date: /home/jetson/ros2/src/install/robot_localization/lib/robot_localization/test_ukf_localization_node_interfaces
[2.926s] -- Up-to-date: /home/jetson/ros2/src/install/robot_localization/lib/robot_localization/test_robot_localization_estimator
[2.926s] -- Up-to-date: /home/jetson/ros2/src/install/robot_localization/lib/robot_localization/test_navsat_conversions
[2.927s] -- Up-to-date: /home/jetson/ros2/src/install/robot_localization/lib/robot_localization/test_navsat_transform
[2.939s] -- Up-to-date: /home/jetson/ros2/src/install/robot_localization/lib/robot_localization/test_ros_robot_localization_listener
[2.940s] -- Up-to-date: /home/jetson/ros2/src/install/robot_localization/lib/robot_localization/test_ros_robot_localization_listener_publisher
[2.941s] -- Up-to-date: /home/jetson/ros2/src/install/robot_localization/share/robot_localization/test
[2.941s] -- Up-to-date: /home/jetson/ros2/src/install/robot_localization/share/robot_localization/test/test_ukf_localization_node_bag2.launch.py
[2.941s] -- Up-to-date: /home/jetson/ros2/src/install/robot_localization/share/robot_localization/test/test_filter_base_diagnostics_timestamps.yaml
[2.942s] -- Up-to-date: /home/jetson/ros2/src/install/robot_localization/share/robot_localization/test/test_ekf_localization_node_bag2.launch.py
[2.942s] -- Up-to-date: /home/jetson/ros2/src/install/robot_localization/share/robot_localization/test/test_localization_node_bag_pose_tester.cpp
[2.943s] -- Up-to-date: /home/jetson/ros2/src/install/robot_localization/share/robot_localization/test/test_navsat_transform.cpp
[2.943s] -- Up-to-date: /home/jetson/ros2/src/install/robot_localization/share/robot_localization/test/test_ros_robot_localization_listener.launch.py
[2.943s] -- Up-to-date: /home/jetson/ros2/src/install/robot_localization/share/robot_localization/test/test_filter_base.cpp
[2.943s] -- Up-to-date: /home/jetson/ros2/src/install/robot_localization/share/robot_localization/test/test_ros_robot_localization_listener_publisher.cpp
[2.944s] -- Up-to-date: /home/jetson/ros2/src/install/robot_localization/share/robot_localization/test/test_navsat_conversions.cpp
[2.944s] -- Up-to-date: /home/jetson/ros2/src/install/robot_localization/share/robot_localization/test/test_ekf_localization_node_bag2.sh
[2.944s] -- Up-to-date: /home/jetson/ros2/src/install/robot_localization/share/robot_localization/test/test_ekf_localization_node_bag3.sh
[2.944s] -- Up-to-date: /home/jetson/ros2/src/install/robot_localization/share/robot_localization/test/test_ukf_localization_node_bag1.sh
[2.944s] -- Up-to-date: /home/jetson/ros2/src/install/robot_localization/share/robot_localization/test/test_ukf_localization_node_interfaces.launch.py
[2.945s] -- Up-to-date: /home/jetson/ros2/src/install/robot_localization/share/robot_localization/test/test_ukf_localization_node_bag1.launch.py
[2.945s] -- Up-to-date: /home/jetson/ros2/src/install/robot_localization/share/robot_localization/test/test3.bag
[2.945s] -- Up-to-date: /home/jetson/ros2/src/install/robot_localization/share/robot_localization/test/test_ukf_localization_node_bag2.yaml
[2.945s] -- Up-to-date: /home/jetson/ros2/src/install/robot_localization/share/robot_localization/test/test_ukf_localization_node_bag2.sh
[2.946s] -- Up-to-date: /home/jetson/ros2/src/install/robot_localization/share/robot_localization/test/test_ukf_localization_node_bag1.yaml
[2.946s] -- Up-to-date: /home/jetson/ros2/src/install/robot_localization/share/robot_localization/test/test_ekf_localization_node_bag3.launch.py
[2.946s] -- Up-to-date: /home/jetson/ros2/src/install/robot_localization/share/robot_localization/test/test_navsat_transform.launch.py
[2.946s] -- Up-to-date: /home/jetson/ros2/src/install/robot_localization/share/robot_localization/test/test_ekf_localization_node_bag1.launch.py
[2.947s] -- Up-to-date: /home/jetson/ros2/src/install/robot_localization/share/robot_localization/test/test_ukf_localization_node_interfaces.yaml
[2.947s] -- Up-to-date: /home/jetson/ros2/src/install/robot_localization/share/robot_localization/test/test_ekf_localization_node_bag3.yaml
[2.947s] -- Up-to-date: /home/jetson/ros2/src/install/robot_localization/share/robot_localization/test/test_ekf.cpp
[2.948s] -- Up-to-date: /home/jetson/ros2/src/install/robot_localization/share/robot_localization/test/test_robot_localization_estimator.launch.py
[2.948s] -- Up-to-date: /home/jetson/ros2/src/install/robot_localization/share/robot_localization/test/test_ekf_localization_node_interfaces.yaml
[2.948s] -- Up-to-date: /home/jetson/ros2/src/install/robot_localization/share/robot_localization/test/test_ros_robot_localization_listener.cpp
[2.948s] -- Up-to-date: /home/jetson/ros2/src/install/robot_localization/share/robot_localization/test/test_ukf.cpp
[2.948s] -- Up-to-date: /home/jetson/ros2/src/install/robot_localization/share/robot_localization/test/test_robot_localization_estimator.cpp
[2.949s] -- Up-to-date: /home/jetson/ros2/src/install/robot_localization/share/robot_localization/test/test_ukf_localization_node_interfaces.cpp
[2.949s] -- Up-to-date: /home/jetson/ros2/src/install/robot_localization/share/robot_localization/test/test_ekf_localization_node_interfaces.launch.py
[2.949s] -- Up-to-date: /home/jetson/ros2/src/install/robot_localization/share/robot_localization/test/test_ukf_localization_node_bag3.yaml
[2.949s] -- Up-to-date: /home/jetson/ros2/src/install/robot_localization/share/robot_localization/test/test_ukf_localization_node_bag3.launch.py
[2.949s] -- Up-to-date: /home/jetson/ros2/src/install/robot_localization/share/robot_localization/test/test_ekf_localization_node_bag2.yaml
[2.949s] -- Up-to-date: /home/jetson/ros2/src/install/robot_localization/share/robot_localization/test/test_filter_base_diagnostics_timestamps.launch.py
[2.950s] -- Up-to-date: /home/jetson/ros2/src/install/robot_localization/share/robot_localization/test/test2.bag
[2.950s] -- Up-to-date: /home/jetson/ros2/src/install/robot_localization/share/robot_localization/test/test_ekf_localization_node_bag1.yaml
[2.950s] -- Up-to-date: /home/jetson/ros2/src/install/robot_localization/share/robot_localization/test/test1.bag
[2.950s] -- Up-to-date: /home/jetson/ros2/src/install/robot_localization/share/robot_localization/test/test_ekf_localization_node_bag1.sh
[2.950s] -- Up-to-date: /home/jetson/ros2/src/install/robot_localization/share/robot_localization/test/test_filter_base_diagnostics_timestamps.cpp
[2.950s] -- Up-to-date: /home/jetson/ros2/src/install/robot_localization/share/robot_localization/test/test_ukf_localization_node_bag3.sh
[2.951s] -- Up-to-date: /home/jetson/ros2/src/install/robot_localization/share/robot_localization/test/test_ros_robot_localization_listener.yaml
[2.951s] -- Up-to-date: /home/jetson/ros2/src/install/robot_localization/share/robot_localization/test/test_ekf_localization_node_interfaces.cpp
[2.951s] -- Up-to-date: /home/jetson/ros2/src/install/robot_localization/lib/robot_localization/navsat_transform_node
[2.951s] -- Up-to-date: /home/jetson/ros2/src/install/robot_localization/lib/robot_localization/ekf_node
[2.951s] -- Up-to-date: /home/jetson/ros2/src/install/robot_localization/lib/robot_localization/ukf_node
[2.952s] -- Up-to-date: /home/jetson/ros2/src/install/robot_localization/lib/robot_localization/robot_localization_listener_node
[2.952s] -- Up-to-date: /home/jetson/ros2/src/install/robot_localization/lib/librl_lib.so
[2.953s] -- Up-to-date: /home/jetson/ros2/src/install/robot_localization/include
[2.953s] -- Up-to-date: /home/jetson/ros2/src/install/robot_localization/include/robot_localization
[2.953s] -- Up-to-date: /home/jetson/ros2/src/install/robot_localization/include/robot_localization/robot_localization_estimator.hpp
[2.953s] -- Up-to-date: /home/jetson/ros2/src/install/robot_localization/include/robot_localization/filter_base.hpp
[2.954s] -- Up-to-date: /home/jetson/ros2/src/install/robot_localization/include/robot_localization/filter_state.hpp
[2.954s] -- Up-to-date: /home/jetson/ros2/src/install/robot_localization/include/robot_localization/ros_robot_localization_listener.hpp
[2.954s] -- Up-to-date: /home/jetson/ros2/src/install/robot_localization/include/robot_localization/filter_utilities.hpp
[2.954s] -- Up-to-date: /home/jetson/ros2/src/install/robot_localization/include/robot_localization/measurement.hpp
[2.955s] -- Up-to-date: /home/jetson/ros2/src/install/robot_localization/include/robot_localization/navsat_conversions.hpp
[2.955s] -- Up-to-date: /home/jetson/ros2/src/install/robot_localization/include/robot_localization/ros_filter_types.hpp
[2.955s] -- Up-to-date: /home/jetson/ros2/src/install/robot_localization/include/robot_localization/navsat_transform.hpp
[2.955s] -- Up-to-date: /home/jetson/ros2/src/install/robot_localization/include/robot_localization/ukf.hpp
[2.955s] -- Up-to-date: /home/jetson/ros2/src/install/robot_localization/include/robot_localization/ros_filter_utilities.hpp
[2.956s] -- Up-to-date: /home/jetson/ros2/src/install/robot_localization/include/robot_localization/ekf.hpp
[2.956s] -- Up-to-date: /home/jetson/ros2/src/install/robot_localization/include/robot_localization/filter_common.hpp
[2.956s] -- Up-to-date: /home/jetson/ros2/src/install/robot_localization/include/robot_localization/ros_filter.hpp
[2.956s] -- Up-to-date: /home/jetson/ros2/src/install/robot_localization/share/robot_localization/params
[2.956s] -- Up-to-date: /home/jetson/ros2/src/install/robot_localization/share/robot_localization/params/ekf.yaml
[2.957s] -- Up-to-date: /home/jetson/ros2/src/install/robot_localization/share/robot_localization/params/ekf_x1_x3.yaml
[2.957s] -- Up-to-date: /home/jetson/ros2/src/install/robot_localization/share/robot_localization/params/ukf.yaml
[2.957s] -- Up-to-date: /home/jetson/ros2/src/install/robot_localization/share/robot_localization/params/navsat_transform.yaml
[2.957s] -- Up-to-date: /home/jetson/ros2/src/install/robot_localization/share/robot_localization/params/dual_ekf_navsat_example.yaml
[2.958s] -- Up-to-date: /home/jetson/ros2/src/install/robot_localization/share/robot_localization/params/ekf_BK.yaml
[2.959s] -- Up-to-date: /home/jetson/ros2/src/install/robot_localization/share/robot_localization/launch
[2.962s] -- Up-to-date: /home/jetson/ros2/src/install/robot_localization/share/robot_localization/launch/ukf.launch.py
[2.965s] -- Up-to-date: /home/jetson/ros2/src/install/robot_localization/share/robot_localization/launch/ekf.launch.py
[2.966s] -- Up-to-date: /home/jetson/ros2/src/install/robot_localization/share/robot_localization/launch/ekf_x1_x3_launch.py
[2.967s] -- Up-to-date: /home/jetson/ros2/src/install/robot_localization/share/robot_localization/launch/dual_ekf_navsat_example.launch.py
[2.967s] -- Up-to-date: /home/jetson/ros2/src/install/robot_localization/share/robot_localization/launch/navsat_transform.launch.py
[2.967s] -- Up-to-date: /home/jetson/ros2/src/install/robot_localization/share/ament_index/resource_index/package_run_dependencies/robot_localization
[2.967s] -- Up-to-date: /home/jetson/ros2/src/install/robot_localization/share/ament_index/resource_index/parent_prefix_path/robot_localization
[2.968s] -- Up-to-date: /home/jetson/ros2/src/install/robot_localization/share/robot_localization/environment/ament_prefix_path.sh
[2.968s] -- Up-to-date: /home/jetson/ros2/src/install/robot_localization/share/robot_localization/environment/ament_prefix_path.dsv
[2.968s] -- Up-to-date: /home/jetson/ros2/src/install/robot_localization/share/robot_localization/environment/path.sh
[2.968s] -- Up-to-date: /home/jetson/ros2/src/install/robot_localization/share/robot_localization/environment/path.dsv
[2.968s] -- Up-to-date: /home/jetson/ros2/src/install/robot_localization/share/robot_localization/local_setup.bash
[2.968s] -- Up-to-date: /home/jetson/ros2/src/install/robot_localization/share/robot_localization/local_setup.sh
[2.969s] -- Up-to-date: /home/jetson/ros2/src/install/robot_localization/share/robot_localization/local_setup.zsh
[2.969s] -- Up-to-date: /home/jetson/ros2/src/install/robot_localization/share/robot_localization/local_setup.dsv
[2.969s] -- Installing: /home/jetson/ros2/src/install/robot_localization/share/robot_localization/package.dsv
[2.969s] -- Up-to-date: /home/jetson/ros2/src/install/robot_localization/share/ament_index/resource_index/packages/robot_localization
[2.969s] -- Up-to-date: /home/jetson/ros2/src/install/robot_localization/share/robot_localization/cmake/robot_localization__rosidl_generator_cExport.cmake
[2.969s] -- Up-to-date: /home/jetson/ros2/src/install/robot_localization/share/robot_localization/cmake/robot_localization__rosidl_generator_cExport-relwithdebinfo.cmake
[2.969s] -- Up-to-date: /home/jetson/ros2/src/install/robot_localization/share/robot_localization/cmake/robot_localization__rosidl_typesupport_introspection_cExport.cmake
[2.970s] -- Up-to-date: /home/jetson/ros2/src/install/robot_localization/share/robot_localization/cmake/robot_localization__rosidl_typesupport_introspection_cExport-relwithdebinfo.cmake
[2.971s] -- Up-to-date: /home/jetson/ros2/src/install/robot_localization/share/robot_localization/cmake/robot_localization__rosidl_typesupport_cExport.cmake
[2.971s] -- Up-to-date: /home/jetson/ros2/src/install/robot_localization/share/robot_localization/cmake/robot_localization__rosidl_typesupport_cExport-relwithdebinfo.cmake
[2.971s] -- Up-to-date: /home/jetson/ros2/src/install/robot_localization/share/robot_localization/cmake/robot_localization__rosidl_generator_cppExport.cmake
[2.971s] -- Up-to-date: /home/jetson/ros2/src/install/robot_localization/share/robot_localization/cmake/robot_localization__rosidl_typesupport_introspection_cppExport.cmake
[2.972s] -- Up-to-date: /home/jetson/ros2/src/install/robot_localization/share/robot_localization/cmake/robot_localization__rosidl_typesupport_introspection_cppExport-relwithdebinfo.cmake
[2.972s] -- Up-to-date: /home/jetson/ros2/src/install/robot_localization/share/robot_localization/cmake/robot_localization__rosidl_typesupport_cppExport.cmake
[2.972s] -- Up-to-date: /home/jetson/ros2/src/install/robot_localization/share/robot_localization/cmake/robot_localization__rosidl_typesupport_cppExport-relwithdebinfo.cmake
[2.972s] -- Up-to-date: /home/jetson/ros2/src/install/robot_localization/share/robot_localization/cmake/rosidl_cmake-extras.cmake
[2.972s] -- Up-to-date: /home/jetson/ros2/src/install/robot_localization/share/robot_localization/cmake/ament_cmake_export_dependencies-extras.cmake
[2.972s] -- Up-to-date: /home/jetson/ros2/src/install/robot_localization/share/robot_localization/cmake/ament_cmake_export_libraries-extras.cmake
[2.972s] -- Up-to-date: /home/jetson/ros2/src/install/robot_localization/share/robot_localization/cmake/ament_cmake_export_targets-extras.cmake
[2.973s] -- Up-to-date: /home/jetson/ros2/src/install/robot_localization/share/robot_localization/cmake/ament_cmake_export_include_directories-extras.cmake
[2.973s] -- Up-to-date: /home/jetson/ros2/src/install/robot_localization/share/robot_localization/cmake/rosidl_cmake_export_typesupport_libraries-extras.cmake
[2.983s] -- Up-to-date: /home/jetson/ros2/src/install/robot_localization/share/robot_localization/cmake/rosidl_cmake_export_typesupport_targets-extras.cmake
[2.983s] -- Up-to-date: /home/jetson/ros2/src/install/robot_localization/share/robot_localization/cmake/robot_localizationConfig.cmake
[2.984s] -- Up-to-date: /home/jetson/ros2/src/install/robot_localization/share/robot_localization/cmake/robot_localizationConfig-version.cmake
[2.985s] -- Up-to-date: /home/jetson/ros2/src/install/robot_localization/share/robot_localization/package.xml
[2.985s] Invoked command in '/home/jetson/ros2/src/build/robot_localization' returned '0': CMAKE_PREFIX_PATH=/opt/ros/foxy /usr/bin/cmake --install /home/jetson/ros2/src/build/robot_localization
