running egg_info
creating ../build/yahboomcar_description/yahboomcar_description.egg-info
writing ../build/yahboomcar_description/yahboomcar_description.egg-info/PKG-INFO
writing dependency_links to ../build/yahboomcar_description/yahboomcar_description.egg-info/dependency_links.txt
writing entry points to ../build/yahboomcar_description/yahboomcar_description.egg-info/entry_points.txt
writing requirements to ../build/yahboomcar_description/yahboomcar_description.egg-info/requires.txt
writing top-level names to ../build/yahboomcar_description/yahboomcar_description.egg-info/top_level.txt
writing manifest file '../build/yahboomcar_description/yahboomcar_description.egg-info/SOURCES.txt'
reading manifest file '../build/yahboomcar_description/yahboomcar_description.egg-info/SOURCES.txt'
writing manifest file '../build/yahboomcar_description/yahboomcar_description.egg-info/SOURCES.txt'
running build
running build_py
creating /home/jetson/ros2/src/build/yahboomcar_description/build
creating /home/jetson/ros2/src/build/yahboomcar_description/build/lib
creating /home/jetson/ros2/src/build/yahboomcar_description/build/lib/yahboomcar_description
copying yahboomcar_description/__init__.py -> /home/jetson/ros2/src/build/yahboomcar_description/build/lib/yahboomcar_description
running install
running install_lib
creating /home/jetson/ros2/src/install/yahboomcar_description/lib/python3.8/site-packages/yahboomcar_description
copying /home/jetson/ros2/src/build/yahboomcar_description/build/lib/yahboomcar_description/__init__.py -> /home/jetson/ros2/src/install/yahboomcar_description/lib/python3.8/site-packages/yahboomcar_description
byte-compiling /home/jetson/ros2/src/install/yahboomcar_description/lib/python3.8/site-packages/yahboomcar_description/__init__.py to __init__.cpython-38.pyc
running install_data
creating /home/jetson/ros2/src/install/yahboomcar_description/share/ament_index
creating /home/jetson/ros2/src/install/yahboomcar_description/share/ament_index/resource_index
creating /home/jetson/ros2/src/install/yahboomcar_description/share/ament_index/resource_index/packages
copying resource/yahboomcar_description -> /home/jetson/ros2/src/install/yahboomcar_description/share/ament_index/resource_index/packages
copying package.xml -> /home/jetson/ros2/src/install/yahboomcar_description/share/yahboomcar_description
creating /home/jetson/ros2/src/install/yahboomcar_description/share/yahboomcar_description/launch
copying launch/display_R2.launch.py -> /home/jetson/ros2/src/install/yahboomcar_description/share/yahboomcar_description/launch
copying launch/display_X3.launch.py -> /home/jetson/ros2/src/install/yahboomcar_description/share/yahboomcar_description/launch
creating /home/jetson/ros2/src/install/yahboomcar_description/share/yahboomcar_description/urdf
copying urdf/yahboomcar_X3.urdf.xacro -> /home/jetson/ros2/src/install/yahboomcar_description/share/yahboomcar_description/urdf
copying urdf/yahboomcar_X3.urdf -> /home/jetson/ros2/src/install/yahboomcar_description/share/yahboomcar_description/urdf
copying urdf/yahboomcar_R2.urdf -> /home/jetson/ros2/src/install/yahboomcar_description/share/yahboomcar_description/urdf
copying urdf/yahboomcar_R2_multi.urdf.xacro -> /home/jetson/ros2/src/install/yahboomcar_description/share/yahboomcar_description/urdf
copying urdf/yahboomcar_R2.urdf.xacro -> /home/jetson/ros2/src/install/yahboomcar_description/share/yahboomcar_description/urdf
creating /home/jetson/ros2/src/install/yahboomcar_description/share/yahboomcar_description/meshes
copying meshes/front_right_wheel.STL -> /home/jetson/ros2/src/install/yahboomcar_description/share/yahboomcar_description/meshes
copying meshes/back_left_link.STL -> /home/jetson/ros2/src/install/yahboomcar_description/share/yahboomcar_description/meshes
copying meshes/front_right_steer.STL -> /home/jetson/ros2/src/install/yahboomcar_description/share/yahboomcar_description/meshes
copying meshes/front_left_wheel.STL -> /home/jetson/ros2/src/install/yahboomcar_description/share/yahboomcar_description/meshes
copying meshes/back_right_link.STL -> /home/jetson/ros2/src/install/yahboomcar_description/share/yahboomcar_description/meshes
copying meshes/front_left_steer.STL -> /home/jetson/ros2/src/install/yahboomcar_description/share/yahboomcar_description/meshes
copying meshes/front_left_wheel_X3.STL -> /home/jetson/ros2/src/install/yahboomcar_description/share/yahboomcar_description/meshes
copying meshes/front_right_wheel_X3.STL -> /home/jetson/ros2/src/install/yahboomcar_description/share/yahboomcar_description/meshes
copying meshes/laser_link.STL -> /home/jetson/ros2/src/install/yahboomcar_description/share/yahboomcar_description/meshes
copying meshes/base_link_X3.STL -> /home/jetson/ros2/src/install/yahboomcar_description/share/yahboomcar_description/meshes
copying meshes/laser_link_R2.STL -> /home/jetson/ros2/src/install/yahboomcar_description/share/yahboomcar_description/meshes
copying meshes/camera_link_R2.STL -> /home/jetson/ros2/src/install/yahboomcar_description/share/yahboomcar_description/meshes
copying meshes/base_link.STL -> /home/jetson/ros2/src/install/yahboomcar_description/share/yahboomcar_description/meshes
copying meshes/camera_link.STL -> /home/jetson/ros2/src/install/yahboomcar_description/share/yahboomcar_description/meshes
copying meshes/back_right_wheel_X3.STL -> /home/jetson/ros2/src/install/yahboomcar_description/share/yahboomcar_description/meshes
copying meshes/back_left_wheel_X3.STL -> /home/jetson/ros2/src/install/yahboomcar_description/share/yahboomcar_description/meshes
creating /home/jetson/ros2/src/install/yahboomcar_description/share/yahboomcar_description/rviz
copying rviz/yahboomcar.rviz -> /home/jetson/ros2/src/install/yahboomcar_description/share/yahboomcar_description/rviz
running install_egg_info
Copying ../build/yahboomcar_description/yahboomcar_description.egg-info to /home/jetson/ros2/src/install/yahboomcar_description/lib/python3.8/site-packages/yahboomcar_description-0.0.0-py3.8.egg-info
running install_scripts
writing list of installed files to '/home/jetson/ros2/src/build/yahboomcar_description/install.log'
