[2.692s] Invoking command in '/home/jetson/ros2/src/yahboomcar_description': PYTHONPATH=/home/jetson/ros2/src/build/yahboomcar_description/prefix_override:/home/jetson/ros2/src/install/yahboomcar_description/lib/python3.8/site-packages:${PYTHONPATH} /usr/bin/python3 -W ignore:setup.py install is deprecated setup.py egg_info --egg-base ../build/yahboomcar_description build --build-base /home/jetson/ros2/src/build/yahboomcar_description/build install --record /home/jetson/ros2/src/build/yahboomcar_description/install.log --install-scripts $base/lib/yahboomcar_description --single-version-externally-managed install_data
[3.192s] running egg_info
[3.193s] creating ../build/yahboomcar_description/yahboomcar_description.egg-info
[3.196s] writing ../build/yahboomcar_description/yahboomcar_description.egg-info/PKG-INFO
[3.197s] writing dependency_links to ../build/yahboomcar_description/yahboomcar_description.egg-info/dependency_links.txt
[3.197s] writing entry points to ../build/yahboomcar_description/yahboomcar_description.egg-info/entry_points.txt
[3.197s] writing requirements to ../build/yahboomcar_description/yahboomcar_description.egg-info/requires.txt
[3.197s] writing top-level names to ../build/yahboomcar_description/yahboomcar_description.egg-info/top_level.txt
[3.197s] writing manifest file '../build/yahboomcar_description/yahboomcar_description.egg-info/SOURCES.txt'
[3.260s] reading manifest file '../build/yahboomcar_description/yahboomcar_description.egg-info/SOURCES.txt'
[3.264s] writing manifest file '../build/yahboomcar_description/yahboomcar_description.egg-info/SOURCES.txt'
[3.264s] running build
[3.264s] running build_py
[3.264s] creating /home/jetson/ros2/src/build/yahboomcar_description/build
[3.264s] creating /home/jetson/ros2/src/build/yahboomcar_description/build/lib
[3.264s] creating /home/jetson/ros2/src/build/yahboomcar_description/build/lib/yahboomcar_description
[3.264s] copying yahboomcar_description/__init__.py -> /home/jetson/ros2/src/build/yahboomcar_description/build/lib/yahboomcar_description
[3.265s] running install
[3.267s] running install_lib
[3.268s] creating /home/jetson/ros2/src/install/yahboomcar_description/lib/python3.8/site-packages/yahboomcar_description
[3.268s] copying /home/jetson/ros2/src/build/yahboomcar_description/build/lib/yahboomcar_description/__init__.py -> /home/jetson/ros2/src/install/yahboomcar_description/lib/python3.8/site-packages/yahboomcar_description
[3.269s] byte-compiling /home/jetson/ros2/src/install/yahboomcar_description/lib/python3.8/site-packages/yahboomcar_description/__init__.py to __init__.cpython-38.pyc
[3.283s] running install_data
[3.283s] creating /home/jetson/ros2/src/install/yahboomcar_description/share/ament_index
[3.283s] creating /home/jetson/ros2/src/install/yahboomcar_description/share/ament_index/resource_index
[3.283s] creating /home/jetson/ros2/src/install/yahboomcar_description/share/ament_index/resource_index/packages
[3.284s] copying resource/yahboomcar_description -> /home/jetson/ros2/src/install/yahboomcar_description/share/ament_index/resource_index/packages
[3.284s] copying package.xml -> /home/jetson/ros2/src/install/yahboomcar_description/share/yahboomcar_description
[3.285s] creating /home/jetson/ros2/src/install/yahboomcar_description/share/yahboomcar_description/launch
[3.285s] copying launch/display_R2.launch.py -> /home/jetson/ros2/src/install/yahboomcar_description/share/yahboomcar_description/launch
[3.285s] copying launch/display_X3.launch.py -> /home/jetson/ros2/src/install/yahboomcar_description/share/yahboomcar_description/launch
[3.285s] creating /home/jetson/ros2/src/install/yahboomcar_description/share/yahboomcar_description/urdf
[3.286s] copying urdf/yahboomcar_X3.urdf.xacro -> /home/jetson/ros2/src/install/yahboomcar_description/share/yahboomcar_description/urdf
[3.286s] copying urdf/yahboomcar_X3.urdf -> /home/jetson/ros2/src/install/yahboomcar_description/share/yahboomcar_description/urdf
[3.286s] copying urdf/yahboomcar_R2.urdf -> /home/jetson/ros2/src/install/yahboomcar_description/share/yahboomcar_description/urdf
[3.286s] copying urdf/yahboomcar_R2_multi.urdf.xacro -> /home/jetson/ros2/src/install/yahboomcar_description/share/yahboomcar_description/urdf
[3.286s] copying urdf/yahboomcar_R2.urdf.xacro -> /home/jetson/ros2/src/install/yahboomcar_description/share/yahboomcar_description/urdf
[3.286s] creating /home/jetson/ros2/src/install/yahboomcar_description/share/yahboomcar_description/meshes
[3.286s] copying meshes/front_right_wheel.STL -> /home/jetson/ros2/src/install/yahboomcar_description/share/yahboomcar_description/meshes
[3.287s] copying meshes/back_left_link.STL -> /home/jetson/ros2/src/install/yahboomcar_description/share/yahboomcar_description/meshes
[3.287s] copying meshes/front_right_steer.STL -> /home/jetson/ros2/src/install/yahboomcar_description/share/yahboomcar_description/meshes
[3.287s] copying meshes/front_left_wheel.STL -> /home/jetson/ros2/src/install/yahboomcar_description/share/yahboomcar_description/meshes
[3.288s] copying meshes/back_right_link.STL -> /home/jetson/ros2/src/install/yahboomcar_description/share/yahboomcar_description/meshes
[3.289s] copying meshes/front_left_steer.STL -> /home/jetson/ros2/src/install/yahboomcar_description/share/yahboomcar_description/meshes
[3.289s] copying meshes/front_left_wheel_X3.STL -> /home/jetson/ros2/src/install/yahboomcar_description/share/yahboomcar_description/meshes
[3.304s] copying meshes/front_right_wheel_X3.STL -> /home/jetson/ros2/src/install/yahboomcar_description/share/yahboomcar_description/meshes
[3.305s] copying meshes/laser_link.STL -> /home/jetson/ros2/src/install/yahboomcar_description/share/yahboomcar_description/meshes
[3.310s] copying meshes/base_link_X3.STL -> /home/jetson/ros2/src/install/yahboomcar_description/share/yahboomcar_description/meshes
[3.317s] copying meshes/laser_link_R2.STL -> /home/jetson/ros2/src/install/yahboomcar_description/share/yahboomcar_description/meshes
[3.318s] copying meshes/camera_link_R2.STL -> /home/jetson/ros2/src/install/yahboomcar_description/share/yahboomcar_description/meshes
[3.319s] copying meshes/base_link.STL -> /home/jetson/ros2/src/install/yahboomcar_description/share/yahboomcar_description/meshes
[3.340s] copying meshes/camera_link.STL -> /home/jetson/ros2/src/install/yahboomcar_description/share/yahboomcar_description/meshes
[3.341s] copying meshes/back_right_wheel_X3.STL -> /home/jetson/ros2/src/install/yahboomcar_description/share/yahboomcar_description/meshes
[3.345s] copying meshes/back_left_wheel_X3.STL -> /home/jetson/ros2/src/install/yahboomcar_description/share/yahboomcar_description/meshes
[3.350s] creating /home/jetson/ros2/src/install/yahboomcar_description/share/yahboomcar_description/rviz
[3.350s] copying rviz/yahboomcar.rviz -> /home/jetson/ros2/src/install/yahboomcar_description/share/yahboomcar_description/rviz
[3.351s] running install_egg_info
[3.355s] Copying ../build/yahboomcar_description/yahboomcar_description.egg-info to /home/jetson/ros2/src/install/yahboomcar_description/lib/python3.8/site-packages/yahboomcar_description-0.0.0-py3.8.egg-info
[3.370s] running install_scripts
[3.394s] writing list of installed files to '/home/jetson/ros2/src/build/yahboomcar_description/install.log'
[3.453s] Invoked command in '/home/jetson/ros2/src/yahboomcar_description' returned '0': PYTHONPATH=/home/jetson/ros2/src/build/yahboomcar_description/prefix_override:/home/jetson/ros2/src/install/yahboomcar_description/lib/python3.8/site-packages:${PYTHONPATH} /usr/bin/python3 -W ignore:setup.py install is deprecated setup.py egg_info --egg-base ../build/yahboomcar_description build --build-base /home/jetson/ros2/src/build/yahboomcar_description/build install --record /home/jetson/ros2/src/build/yahboomcar_description/install.log --install-scripts $base/lib/yahboomcar_description --single-version-externally-managed install_data
