[35m[1mScanning dependencies of target gps_imitate_server[0m
[ 50%] [32mBuilding CXX object CMakeFiles/gps_imitate_server.dir/src/gps_imitate_server.cpp.o[0m
[100%] [32m[1mLinking CXX executable gps_imitate_server[0m
[100%] Built target gps_imitate_server
-- Install configuration: ""
-- Installing: /home/jetson/ros2/src/install/my_package/lib/my_package/gps_imitate_server
-- Set runtime path of "/home/jetson/ros2/src/install/my_package/lib/my_package/gps_imitate_server" to ""
-- Up-to-date: /home/jetson/ros2/src/install/my_package/share/my_package/launch
-- Up-to-date: /home/jetson/ros2/src/install/my_package/share/my_package/launch/gps_imitate_server.launch.py
-- Up-to-date: /home/jetson/ros2/src/install/my_package/share/ament_index/resource_index/package_run_dependencies/my_package
-- Up-to-date: /home/jetson/ros2/src/install/my_package/share/ament_index/resource_index/parent_prefix_path/my_package
-- Up-to-date: /home/jetson/ros2/src/install/my_package/share/my_package/environment/ament_prefix_path.sh
-- Up-to-date: /home/jetson/ros2/src/install/my_package/share/my_package/environment/ament_prefix_path.dsv
-- Up-to-date: /home/jetson/ros2/src/install/my_package/share/my_package/environment/path.sh
-- Up-to-date: /home/jetson/ros2/src/install/my_package/share/my_package/environment/path.dsv
-- Up-to-date: /home/jetson/ros2/src/install/my_package/share/my_package/local_setup.bash
-- Up-to-date: /home/jetson/ros2/src/install/my_package/share/my_package/local_setup.sh
-- Up-to-date: /home/jetson/ros2/src/install/my_package/share/my_package/local_setup.zsh
-- Up-to-date: /home/jetson/ros2/src/install/my_package/share/my_package/local_setup.dsv
-- Installing: /home/jetson/ros2/src/install/my_package/share/my_package/package.dsv
-- Up-to-date: /home/jetson/ros2/src/install/my_package/share/ament_index/resource_index/packages/my_package
-- Up-to-date: /home/jetson/ros2/src/install/my_package/share/my_package/cmake/my_packageConfig.cmake
-- Up-to-date: /home/jetson/ros2/src/install/my_package/share/my_package/cmake/my_packageConfig-version.cmake
-- Up-to-date: /home/jetson/ros2/src/install/my_package/share/my_package/package.xml
