[0.777s] DEBUG:colcon:Command line arguments: ['/usr/bin/colcon', 'build']
[0.777s] DEBUG:colcon:Parsed command line arguments: Namespace(allow_overriding=[], ament_cmake_args=None, base_paths=['.'], build_base='build', catkin_cmake_args=None, catkin_skip_building_tests=False, cmake_args=None, cmake_clean_cache=False, cmake_clean_first=False, cmake_force_configure=False, cmake_target=None, cmake_target_skip_unavailable=False, continue_on_error=False, event_handlers=None, executor='parallel', ignore_user_meta=False, install_base='install', log_base=None, log_level=None, main=<bound method BuildVerb.main of <colcon_core.verb.build.BuildVerb object at 0xffffac04c430>>, merge_install=False, metas=['./colcon.meta'], packages_above=None, packages_above_and_dependencies=None, packages_above_depth=None, packages_end=None, packages_ignore=None, packages_ignore_regex=None, packages_select=None, packages_select_build_failed=False, packages_select_by_dep=None, packages_select_regex=None, packages_select_test_failures=False, packages_skip=None, packages_skip_build_finished=False, packages_skip_by_dep=None, packages_skip_regex=None, packages_skip_test_passed=False, packages_skip_up_to=None, packages_start=None, packages_up_to=None, packages_up_to_regex=None, parallel_workers=6, paths=None, symlink_install=False, test_result_base=None, verb_extension=<colcon_core.verb.build.BuildVerb object at 0xffffac04c430>, verb_name='build', verb_parser=<colcon_defaults.argument_parser.defaults.DefaultArgumentsDecorator object at 0xffffac04c910>)
[1.168s] Level 1:colcon.colcon_core.package_discovery:discover_packages(colcon_meta) check parameters
[1.168s] Level 1:colcon.colcon_core.package_discovery:discover_packages(recursive) check parameters
[1.168s] Level 1:colcon.colcon_core.package_discovery:discover_packages(ignore) check parameters
[1.168s] Level 1:colcon.colcon_core.package_discovery:discover_packages(path) check parameters
[1.168s] Level 1:colcon.colcon_core.package_discovery:discover_packages(colcon_meta) discover
[1.169s] Level 1:colcon.colcon_core.package_discovery:discover_packages(recursive) discover
[1.169s] INFO:colcon.colcon_core.package_discovery:Crawling recursively for packages in '/home/jetson/ros2/src'
[1.169s] Level 1:colcon.colcon_core.package_identification:_identify(.) by extensions ['ignore', 'ignore_ament_install']
[1.169s] Level 1:colcon.colcon_core.package_identification:_identify(.) by extension 'ignore'
[1.169s] Level 1:colcon.colcon_core.package_identification:_identify(.) by extension 'ignore_ament_install'
[1.170s] Level 1:colcon.colcon_core.package_identification:_identify(.) by extensions ['colcon_pkg']
[1.170s] Level 1:colcon.colcon_core.package_identification:_identify(.) by extension 'colcon_pkg'
[1.170s] Level 1:colcon.colcon_core.package_identification:_identify(.) by extensions ['colcon_meta']
[1.170s] Level 1:colcon.colcon_core.package_identification:_identify(.) by extension 'colcon_meta'
[1.170s] Level 1:colcon.colcon_core.package_identification:_identify(.) by extensions ['ros']
[1.170s] Level 1:colcon.colcon_core.package_identification:_identify(.) by extension 'ros'
[1.196s] Level 1:colcon.colcon_core.package_identification:_identify(.) by extensions ['cmake', 'python']
[1.196s] Level 1:colcon.colcon_core.package_identification:_identify(.) by extension 'cmake'
[1.197s] Level 1:colcon.colcon_core.package_identification:_identify(.) by extension 'python'
[1.197s] Level 1:colcon.colcon_core.package_identification:_identify(.) by extensions ['python_setup_py']
[1.197s] Level 1:colcon.colcon_core.package_identification:_identify(.) by extension 'python_setup_py'
[1.197s] Level 1:colcon.colcon_core.package_identification:_identify(build) by extensions ['ignore', 'ignore_ament_install']
[1.197s] Level 1:colcon.colcon_core.package_identification:_identify(build) by extension 'ignore'
[1.198s] Level 1:colcon.colcon_core.package_identification:_identify(build) ignored
[1.198s] Level 1:colcon.colcon_core.package_identification:_identify(install) by extensions ['ignore', 'ignore_ament_install']
[1.198s] Level 1:colcon.colcon_core.package_identification:_identify(install) by extension 'ignore'
[1.198s] Level 1:colcon.colcon_core.package_identification:_identify(install) ignored
[1.199s] Level 1:colcon.colcon_core.package_identification:_identify(laserscan_to_point_pulisher) by extensions ['ignore', 'ignore_ament_install']
[1.199s] Level 1:colcon.colcon_core.package_identification:_identify(laserscan_to_point_pulisher) by extension 'ignore'
[1.199s] Level 1:colcon.colcon_core.package_identification:_identify(laserscan_to_point_pulisher) by extension 'ignore_ament_install'
[1.199s] Level 1:colcon.colcon_core.package_identification:_identify(laserscan_to_point_pulisher) by extensions ['colcon_pkg']
[1.199s] Level 1:colcon.colcon_core.package_identification:_identify(laserscan_to_point_pulisher) by extension 'colcon_pkg'
[1.199s] Level 1:colcon.colcon_core.package_identification:_identify(laserscan_to_point_pulisher) by extensions ['colcon_meta']
[1.199s] Level 1:colcon.colcon_core.package_identification:_identify(laserscan_to_point_pulisher) by extension 'colcon_meta'
[1.199s] Level 1:colcon.colcon_core.package_identification:_identify(laserscan_to_point_pulisher) by extensions ['ros']
[1.200s] Level 1:colcon.colcon_core.package_identification:_identify(laserscan_to_point_pulisher) by extension 'ros'
[1.205s] DEBUG:colcon.colcon_core.package_identification:Package 'laserscan_to_point_pulisher' with type 'ros.ament_python' and name 'laserscan_to_point_pulisher'
[1.205s] Level 1:colcon.colcon_core.package_identification:_identify(log) by extensions ['ignore', 'ignore_ament_install']
[1.205s] Level 1:colcon.colcon_core.package_identification:_identify(log) by extension 'ignore'
[1.206s] Level 1:colcon.colcon_core.package_identification:_identify(log) ignored
[1.206s] Level 1:colcon.colcon_core.package_identification:_identify(robot_localization) by extensions ['ignore', 'ignore_ament_install']
[1.206s] Level 1:colcon.colcon_core.package_identification:_identify(robot_localization) by extension 'ignore'
[1.206s] Level 1:colcon.colcon_core.package_identification:_identify(robot_localization) by extension 'ignore_ament_install'
[1.206s] Level 1:colcon.colcon_core.package_identification:_identify(robot_localization) by extensions ['colcon_pkg']
[1.206s] Level 1:colcon.colcon_core.package_identification:_identify(robot_localization) by extension 'colcon_pkg'
[1.207s] Level 1:colcon.colcon_core.package_identification:_identify(robot_localization) by extensions ['colcon_meta']
[1.207s] Level 1:colcon.colcon_core.package_identification:_identify(robot_localization) by extension 'colcon_meta'
[1.207s] Level 1:colcon.colcon_core.package_identification:_identify(robot_localization) by extensions ['ros']
[1.207s] Level 1:colcon.colcon_core.package_identification:_identify(robot_localization) by extension 'ros'
[1.211s] DEBUG:colcon.colcon_core.package_identification:Package 'robot_localization' with type 'ros.ament_cmake' and name 'robot_localization'
[1.211s] Level 1:colcon.colcon_core.package_identification:_identify(yahboomcar_bringup) by extensions ['ignore', 'ignore_ament_install']
[1.211s] Level 1:colcon.colcon_core.package_identification:_identify(yahboomcar_bringup) by extension 'ignore'
[1.212s] Level 1:colcon.colcon_core.package_identification:_identify(yahboomcar_bringup) by extension 'ignore_ament_install'
[1.212s] Level 1:colcon.colcon_core.package_identification:_identify(yahboomcar_bringup) by extensions ['colcon_pkg']
[1.212s] Level 1:colcon.colcon_core.package_identification:_identify(yahboomcar_bringup) by extension 'colcon_pkg'
[1.212s] Level 1:colcon.colcon_core.package_identification:_identify(yahboomcar_bringup) by extensions ['colcon_meta']
[1.212s] Level 1:colcon.colcon_core.package_identification:_identify(yahboomcar_bringup) by extension 'colcon_meta'
[1.212s] Level 1:colcon.colcon_core.package_identification:_identify(yahboomcar_bringup) by extensions ['ros']
[1.212s] Level 1:colcon.colcon_core.package_identification:_identify(yahboomcar_bringup) by extension 'ros'
[1.215s] DEBUG:colcon.colcon_core.package_identification:Package 'yahboomcar_bringup' with type 'ros.ament_python' and name 'yahboomcar_bringup'
[1.215s] Level 1:colcon.colcon_core.package_identification:_identify(yahboomcar_description) by extensions ['ignore', 'ignore_ament_install']
[1.216s] Level 1:colcon.colcon_core.package_identification:_identify(yahboomcar_description) by extension 'ignore'
[1.216s] Level 1:colcon.colcon_core.package_identification:_identify(yahboomcar_description) by extension 'ignore_ament_install'
[1.216s] Level 1:colcon.colcon_core.package_identification:_identify(yahboomcar_description) by extensions ['colcon_pkg']
[1.216s] Level 1:colcon.colcon_core.package_identification:_identify(yahboomcar_description) by extension 'colcon_pkg'
[1.216s] Level 1:colcon.colcon_core.package_identification:_identify(yahboomcar_description) by extensions ['colcon_meta']
[1.216s] Level 1:colcon.colcon_core.package_identification:_identify(yahboomcar_description) by extension 'colcon_meta'
[1.216s] Level 1:colcon.colcon_core.package_identification:_identify(yahboomcar_description) by extensions ['ros']
[1.216s] Level 1:colcon.colcon_core.package_identification:_identify(yahboomcar_description) by extension 'ros'
[1.218s] DEBUG:colcon.colcon_core.package_identification:Package 'yahboomcar_description' with type 'ros.ament_python' and name 'yahboomcar_description'
[1.219s] Level 1:colcon.colcon_core.package_identification:_identify(yahboomcar_linefollow) by extensions ['ignore', 'ignore_ament_install']
[1.219s] Level 1:colcon.colcon_core.package_identification:_identify(yahboomcar_linefollow) by extension 'ignore'
[1.219s] Level 1:colcon.colcon_core.package_identification:_identify(yahboomcar_linefollow) by extension 'ignore_ament_install'
[1.219s] Level 1:colcon.colcon_core.package_identification:_identify(yahboomcar_linefollow) by extensions ['colcon_pkg']
[1.219s] Level 1:colcon.colcon_core.package_identification:_identify(yahboomcar_linefollow) by extension 'colcon_pkg'
[1.219s] Level 1:colcon.colcon_core.package_identification:_identify(yahboomcar_linefollow) by extensions ['colcon_meta']
[1.219s] Level 1:colcon.colcon_core.package_identification:_identify(yahboomcar_linefollow) by extension 'colcon_meta'
[1.220s] Level 1:colcon.colcon_core.package_identification:_identify(yahboomcar_linefollow) by extensions ['ros']
[1.220s] Level 1:colcon.colcon_core.package_identification:_identify(yahboomcar_linefollow) by extension 'ros'
[1.221s] DEBUG:colcon.colcon_core.package_identification:Package 'yahboomcar_linefollow' with type 'ros.ament_python' and name 'yahboomcar_linefollow'
[1.221s] Level 1:colcon.colcon_core.package_discovery:discover_packages(recursive) using defaults
[1.221s] Level 1:colcon.colcon_core.package_discovery:discover_packages(ignore) discover
[1.221s] Level 1:colcon.colcon_core.package_discovery:discover_packages(ignore) using defaults
[1.221s] Level 1:colcon.colcon_core.package_discovery:discover_packages(path) discover
[1.221s] Level 1:colcon.colcon_core.package_discovery:discover_packages(path) using defaults
[1.293s] Level 1:colcon.colcon_core.package_discovery:discover_packages(prefix_path) check parameters
[1.294s] Level 1:colcon.colcon_core.package_discovery:discover_packages(prefix_path) discover
[1.300s] DEBUG:colcon.colcon_installed_package_information.package_discovery:Found 264 installed packages in /opt/ros/foxy
[1.303s] Level 1:colcon.colcon_core.package_discovery:discover_packages(prefix_path) using defaults
[1.469s] Level 5:colcon.colcon_core.verb:set package 'laserscan_to_point_pulisher' build argument 'cmake_args' from command line to 'None'
[1.469s] Level 5:colcon.colcon_core.verb:set package 'laserscan_to_point_pulisher' build argument 'cmake_target' from command line to 'None'
[1.469s] Level 5:colcon.colcon_core.verb:set package 'laserscan_to_point_pulisher' build argument 'cmake_target_skip_unavailable' from command line to 'False'
[1.469s] Level 5:colcon.colcon_core.verb:set package 'laserscan_to_point_pulisher' build argument 'cmake_clean_cache' from command line to 'False'
[1.469s] Level 5:colcon.colcon_core.verb:set package 'laserscan_to_point_pulisher' build argument 'cmake_clean_first' from command line to 'False'
[1.469s] Level 5:colcon.colcon_core.verb:set package 'laserscan_to_point_pulisher' build argument 'cmake_force_configure' from command line to 'False'
[1.469s] Level 5:colcon.colcon_core.verb:set package 'laserscan_to_point_pulisher' build argument 'ament_cmake_args' from command line to 'None'
[1.469s] Level 5:colcon.colcon_core.verb:set package 'laserscan_to_point_pulisher' build argument 'catkin_cmake_args' from command line to 'None'
[1.469s] Level 5:colcon.colcon_core.verb:set package 'laserscan_to_point_pulisher' build argument 'catkin_skip_building_tests' from command line to 'False'
[1.470s] DEBUG:colcon.colcon_core.verb:Building package 'laserscan_to_point_pulisher' with the following arguments: {'ament_cmake_args': None, 'build_base': '/home/jetson/ros2/src/build/laserscan_to_point_pulisher', 'catkin_cmake_args': None, 'catkin_skip_building_tests': False, 'cmake_args': None, 'cmake_clean_cache': False, 'cmake_clean_first': False, 'cmake_force_configure': False, 'cmake_target': None, 'cmake_target_skip_unavailable': False, 'install_base': '/home/jetson/ros2/src/install/laserscan_to_point_pulisher', 'merge_install': False, 'path': '/home/jetson/ros2/src/laserscan_to_point_pulisher', 'symlink_install': False, 'test_result_base': None}
[1.470s] Level 5:colcon.colcon_core.verb:set package 'robot_localization' build argument 'cmake_args' from command line to 'None'
[1.470s] Level 5:colcon.colcon_core.verb:set package 'robot_localization' build argument 'cmake_target' from command line to 'None'
[1.471s] Level 5:colcon.colcon_core.verb:set package 'robot_localization' build argument 'cmake_target_skip_unavailable' from command line to 'False'
[1.471s] Level 5:colcon.colcon_core.verb:set package 'robot_localization' build argument 'cmake_clean_cache' from command line to 'False'
[1.471s] Level 5:colcon.colcon_core.verb:set package 'robot_localization' build argument 'cmake_clean_first' from command line to 'False'
[1.471s] Level 5:colcon.colcon_core.verb:set package 'robot_localization' build argument 'cmake_force_configure' from command line to 'False'
[1.471s] Level 5:colcon.colcon_core.verb:set package 'robot_localization' build argument 'ament_cmake_args' from command line to 'None'
[1.471s] Level 5:colcon.colcon_core.verb:set package 'robot_localization' build argument 'catkin_cmake_args' from command line to 'None'
[1.471s] Level 5:colcon.colcon_core.verb:set package 'robot_localization' build argument 'catkin_skip_building_tests' from command line to 'False'
[1.471s] DEBUG:colcon.colcon_core.verb:Building package 'robot_localization' with the following arguments: {'ament_cmake_args': None, 'build_base': '/home/jetson/ros2/src/build/robot_localization', 'catkin_cmake_args': None, 'catkin_skip_building_tests': False, 'cmake_args': None, 'cmake_clean_cache': False, 'cmake_clean_first': False, 'cmake_force_configure': False, 'cmake_target': None, 'cmake_target_skip_unavailable': False, 'install_base': '/home/jetson/ros2/src/install/robot_localization', 'merge_install': False, 'path': '/home/jetson/ros2/src/robot_localization', 'symlink_install': False, 'test_result_base': None}
[1.472s] Level 5:colcon.colcon_core.verb:set package 'yahboomcar_bringup' build argument 'cmake_args' from command line to 'None'
[1.472s] Level 5:colcon.colcon_core.verb:set package 'yahboomcar_bringup' build argument 'cmake_target' from command line to 'None'
[1.472s] Level 5:colcon.colcon_core.verb:set package 'yahboomcar_bringup' build argument 'cmake_target_skip_unavailable' from command line to 'False'
[1.472s] Level 5:colcon.colcon_core.verb:set package 'yahboomcar_bringup' build argument 'cmake_clean_cache' from command line to 'False'
[1.472s] Level 5:colcon.colcon_core.verb:set package 'yahboomcar_bringup' build argument 'cmake_clean_first' from command line to 'False'
[1.472s] Level 5:colcon.colcon_core.verb:set package 'yahboomcar_bringup' build argument 'cmake_force_configure' from command line to 'False'
[1.472s] Level 5:colcon.colcon_core.verb:set package 'yahboomcar_bringup' build argument 'ament_cmake_args' from command line to 'None'
[1.472s] Level 5:colcon.colcon_core.verb:set package 'yahboomcar_bringup' build argument 'catkin_cmake_args' from command line to 'None'
[1.472s] Level 5:colcon.colcon_core.verb:set package 'yahboomcar_bringup' build argument 'catkin_skip_building_tests' from command line to 'False'
[1.472s] DEBUG:colcon.colcon_core.verb:Building package 'yahboomcar_bringup' with the following arguments: {'ament_cmake_args': None, 'build_base': '/home/jetson/ros2/src/build/yahboomcar_bringup', 'catkin_cmake_args': None, 'catkin_skip_building_tests': False, 'cmake_args': None, 'cmake_clean_cache': False, 'cmake_clean_first': False, 'cmake_force_configure': False, 'cmake_target': None, 'cmake_target_skip_unavailable': False, 'install_base': '/home/jetson/ros2/src/install/yahboomcar_bringup', 'merge_install': False, 'path': '/home/jetson/ros2/src/yahboomcar_bringup', 'symlink_install': False, 'test_result_base': None}
[1.473s] Level 5:colcon.colcon_core.verb:set package 'yahboomcar_description' build argument 'cmake_args' from command line to 'None'
[1.473s] Level 5:colcon.colcon_core.verb:set package 'yahboomcar_description' build argument 'cmake_target' from command line to 'None'
[1.473s] Level 5:colcon.colcon_core.verb:set package 'yahboomcar_description' build argument 'cmake_target_skip_unavailable' from command line to 'False'
[1.473s] Level 5:colcon.colcon_core.verb:set package 'yahboomcar_description' build argument 'cmake_clean_cache' from command line to 'False'
[1.473s] Level 5:colcon.colcon_core.verb:set package 'yahboomcar_description' build argument 'cmake_clean_first' from command line to 'False'
[1.473s] Level 5:colcon.colcon_core.verb:set package 'yahboomcar_description' build argument 'cmake_force_configure' from command line to 'False'
[1.473s] Level 5:colcon.colcon_core.verb:set package 'yahboomcar_description' build argument 'ament_cmake_args' from command line to 'None'
[1.473s] Level 5:colcon.colcon_core.verb:set package 'yahboomcar_description' build argument 'catkin_cmake_args' from command line to 'None'
[1.473s] Level 5:colcon.colcon_core.verb:set package 'yahboomcar_description' build argument 'catkin_skip_building_tests' from command line to 'False'
[1.473s] DEBUG:colcon.colcon_core.verb:Building package 'yahboomcar_description' with the following arguments: {'ament_cmake_args': None, 'build_base': '/home/jetson/ros2/src/build/yahboomcar_description', 'catkin_cmake_args': None, 'catkin_skip_building_tests': False, 'cmake_args': None, 'cmake_clean_cache': False, 'cmake_clean_first': False, 'cmake_force_configure': False, 'cmake_target': None, 'cmake_target_skip_unavailable': False, 'install_base': '/home/jetson/ros2/src/install/yahboomcar_description', 'merge_install': False, 'path': '/home/jetson/ros2/src/yahboomcar_description', 'symlink_install': False, 'test_result_base': None}
[1.474s] Level 5:colcon.colcon_core.verb:set package 'yahboomcar_linefollow' build argument 'cmake_args' from command line to 'None'
[1.474s] Level 5:colcon.colcon_core.verb:set package 'yahboomcar_linefollow' build argument 'cmake_target' from command line to 'None'
[1.474s] Level 5:colcon.colcon_core.verb:set package 'yahboomcar_linefollow' build argument 'cmake_target_skip_unavailable' from command line to 'False'
[1.474s] Level 5:colcon.colcon_core.verb:set package 'yahboomcar_linefollow' build argument 'cmake_clean_cache' from command line to 'False'
[1.474s] Level 5:colcon.colcon_core.verb:set package 'yahboomcar_linefollow' build argument 'cmake_clean_first' from command line to 'False'
[1.474s] Level 5:colcon.colcon_core.verb:set package 'yahboomcar_linefollow' build argument 'cmake_force_configure' from command line to 'False'
[1.475s] Level 5:colcon.colcon_core.verb:set package 'yahboomcar_linefollow' build argument 'ament_cmake_args' from command line to 'None'
[1.475s] Level 5:colcon.colcon_core.verb:set package 'yahboomcar_linefollow' build argument 'catkin_cmake_args' from command line to 'None'
[1.475s] Level 5:colcon.colcon_core.verb:set package 'yahboomcar_linefollow' build argument 'catkin_skip_building_tests' from command line to 'False'
[1.475s] DEBUG:colcon.colcon_core.verb:Building package 'yahboomcar_linefollow' with the following arguments: {'ament_cmake_args': None, 'build_base': '/home/jetson/ros2/src/build/yahboomcar_linefollow', 'catkin_cmake_args': None, 'catkin_skip_building_tests': False, 'cmake_args': None, 'cmake_clean_cache': False, 'cmake_clean_first': False, 'cmake_force_configure': False, 'cmake_target': None, 'cmake_target_skip_unavailable': False, 'install_base': '/home/jetson/ros2/src/install/yahboomcar_linefollow', 'merge_install': False, 'path': '/home/jetson/ros2/src/yahboomcar_linefollow', 'symlink_install': False, 'test_result_base': None}
[1.475s] INFO:colcon.colcon_core.executor:Executing jobs using 'parallel' executor
[1.477s] DEBUG:colcon.colcon_parallel_executor.executor.parallel:run_until_complete
[1.478s] INFO:colcon.colcon_ros.task.ament_python.build:Building ROS package in '/home/jetson/ros2/src/laserscan_to_point_pulisher' with build type 'ament_python'
[1.479s] Level 1:colcon.colcon_core.shell:create_environment_hook('laserscan_to_point_pulisher', 'ament_prefix_path')
[1.486s] INFO:colcon.colcon_core.plugin_system:Skipping extension 'colcon_core.shell.bat': Not used on non-Windows systems
[1.486s] INFO:colcon.colcon_core.shell:Creating environment hook '/home/jetson/ros2/src/install/laserscan_to_point_pulisher/share/laserscan_to_point_pulisher/hook/ament_prefix_path.ps1'
[1.489s] INFO:colcon.colcon_core.shell:Creating environment descriptor '/home/jetson/ros2/src/install/laserscan_to_point_pulisher/share/laserscan_to_point_pulisher/hook/ament_prefix_path.dsv'
[1.490s] INFO:colcon.colcon_core.shell:Creating environment hook '/home/jetson/ros2/src/install/laserscan_to_point_pulisher/share/laserscan_to_point_pulisher/hook/ament_prefix_path.sh'
[1.491s] INFO:colcon.colcon_core.shell:Skip shell extension 'powershell' for command environment: Not usable outside of PowerShell
[1.492s] DEBUG:colcon.colcon_core.shell:Skip shell extension 'dsv' for command environment
[1.501s] INFO:colcon.colcon_ros.task.ament_cmake.build:Building ROS package in '/home/jetson/ros2/src/robot_localization' with build type 'ament_cmake'
[1.502s] INFO:colcon.colcon_cmake.task.cmake.build:Building CMake package in '/home/jetson/ros2/src/robot_localization'
[1.503s] INFO:colcon.colcon_core.shell:Skip shell extension 'powershell' for command environment: Not usable outside of PowerShell
[1.503s] DEBUG:colcon.colcon_core.shell:Skip shell extension 'dsv' for command environment
[1.512s] INFO:colcon.colcon_ros.task.ament_python.build:Building ROS package in '/home/jetson/ros2/src/yahboomcar_bringup' with build type 'ament_python'
[1.512s] Level 1:colcon.colcon_core.shell:create_environment_hook('yahboomcar_bringup', 'ament_prefix_path')
[1.513s] INFO:colcon.colcon_core.shell:Creating environment hook '/home/jetson/ros2/src/install/yahboomcar_bringup/share/yahboomcar_bringup/hook/ament_prefix_path.ps1'
[1.516s] INFO:colcon.colcon_core.shell:Creating environment descriptor '/home/jetson/ros2/src/install/yahboomcar_bringup/share/yahboomcar_bringup/hook/ament_prefix_path.dsv'
[1.517s] INFO:colcon.colcon_core.shell:Creating environment hook '/home/jetson/ros2/src/install/yahboomcar_bringup/share/yahboomcar_bringup/hook/ament_prefix_path.sh'
[1.518s] INFO:colcon.colcon_core.shell:Skip shell extension 'powershell' for command environment: Not usable outside of PowerShell
[1.518s] DEBUG:colcon.colcon_core.shell:Skip shell extension 'dsv' for command environment
[1.526s] INFO:colcon.colcon_ros.task.ament_python.build:Building ROS package in '/home/jetson/ros2/src/yahboomcar_description' with build type 'ament_python'
[1.526s] Level 1:colcon.colcon_core.shell:create_environment_hook('yahboomcar_description', 'ament_prefix_path')
[1.527s] INFO:colcon.colcon_core.shell:Creating environment hook '/home/jetson/ros2/src/install/yahboomcar_description/share/yahboomcar_description/hook/ament_prefix_path.ps1'
[1.529s] INFO:colcon.colcon_core.shell:Creating environment descriptor '/home/jetson/ros2/src/install/yahboomcar_description/share/yahboomcar_description/hook/ament_prefix_path.dsv'
[1.530s] INFO:colcon.colcon_core.shell:Creating environment hook '/home/jetson/ros2/src/install/yahboomcar_description/share/yahboomcar_description/hook/ament_prefix_path.sh'
[1.531s] INFO:colcon.colcon_core.shell:Skip shell extension 'powershell' for command environment: Not usable outside of PowerShell
[1.531s] DEBUG:colcon.colcon_core.shell:Skip shell extension 'dsv' for command environment
[1.539s] INFO:colcon.colcon_ros.task.ament_python.build:Building ROS package in '/home/jetson/ros2/src/yahboomcar_linefollow' with build type 'ament_python'
[1.540s] Level 1:colcon.colcon_core.shell:create_environment_hook('yahboomcar_linefollow', 'ament_prefix_path')
[1.541s] INFO:colcon.colcon_core.shell:Creating environment hook '/home/jetson/ros2/src/install/yahboomcar_linefollow/share/yahboomcar_linefollow/hook/ament_prefix_path.ps1'
[1.543s] INFO:colcon.colcon_core.shell:Creating environment descriptor '/home/jetson/ros2/src/install/yahboomcar_linefollow/share/yahboomcar_linefollow/hook/ament_prefix_path.dsv'
[1.543s] INFO:colcon.colcon_core.shell:Creating environment hook '/home/jetson/ros2/src/install/yahboomcar_linefollow/share/yahboomcar_linefollow/hook/ament_prefix_path.sh'
[1.545s] INFO:colcon.colcon_core.shell:Skip shell extension 'powershell' for command environment: Not usable outside of PowerShell
[1.545s] DEBUG:colcon.colcon_core.shell:Skip shell extension 'dsv' for command environment
[2.090s] INFO:colcon.colcon_core.task.python.build:Building Python package in '/home/jetson/ros2/src/laserscan_to_point_pulisher'
[2.091s] INFO:colcon.colcon_core.shell:Skip shell extension 'powershell' for command environment: Not usable outside of PowerShell
[2.091s] DEBUG:colcon.colcon_core.shell:Skip shell extension 'dsv' for command environment
[2.110s] DEBUG:colcon.colcon_core.event_handler.log_command:Invoking command in '/home/jetson/ros2/src/build/robot_localization': CMAKE_PREFIX_PATH=/opt/ros/foxy /usr/bin/cmake --build /home/jetson/ros2/src/build/robot_localization -- -j6 -l6
[2.674s] INFO:colcon.colcon_core.task.python.build:Building Python package in '/home/jetson/ros2/src/yahboomcar_bringup'
[2.675s] INFO:colcon.colcon_core.shell:Skip shell extension 'powershell' for command environment: Not usable outside of PowerShell
[2.675s] DEBUG:colcon.colcon_core.shell:Skip shell extension 'dsv' for command environment
[3.258s] INFO:colcon.colcon_core.task.python.build:Building Python package in '/home/jetson/ros2/src/yahboomcar_description'
[3.259s] INFO:colcon.colcon_core.shell:Skip shell extension 'powershell' for command environment: Not usable outside of PowerShell
[3.259s] DEBUG:colcon.colcon_core.shell:Skip shell extension 'dsv' for command environment
[3.817s] INFO:colcon.colcon_core.task.python.build:Building Python package in '/home/jetson/ros2/src/yahboomcar_linefollow'
[3.818s] INFO:colcon.colcon_core.shell:Skip shell extension 'powershell' for command environment: Not usable outside of PowerShell
[3.819s] DEBUG:colcon.colcon_core.shell:Skip shell extension 'dsv' for command environment
[3.853s] DEBUG:colcon.colcon_core.event_handler.log_command:Invoked command in '/home/jetson/ros2/src/build/robot_localization' returned '0': CMAKE_PREFIX_PATH=/opt/ros/foxy /usr/bin/cmake --build /home/jetson/ros2/src/build/robot_localization -- -j6 -l6
[4.226s] DEBUG:colcon.colcon_core.event_handler.log_command:Invoking command in '/home/jetson/ros2/src/build/robot_localization': CMAKE_PREFIX_PATH=/opt/ros/foxy /usr/bin/cmake --install /home/jetson/ros2/src/build/robot_localization
[4.480s] Level 1:colcon.colcon_core.environment:create_environment_scripts_only(robot_localization)
[4.492s] DEBUG:colcon.colcon_core.event_handler.log_command:Invoked command in '/home/jetson/ros2/src/build/robot_localization' returned '0': CMAKE_PREFIX_PATH=/opt/ros/foxy /usr/bin/cmake --install /home/jetson/ros2/src/build/robot_localization
[4.496s] Level 1:colcon.colcon_core.environment:checking '/home/jetson/ros2/src/install/robot_localization' for CMake module files
[4.498s] Level 1:colcon.colcon_core.environment:checking '/home/jetson/ros2/src/install/robot_localization' for CMake config files
[4.501s] Level 1:colcon.colcon_core.shell:create_environment_hook('robot_localization', 'cmake_prefix_path')
[4.502s] INFO:colcon.colcon_core.shell:Creating environment hook '/home/jetson/ros2/src/install/robot_localization/share/robot_localization/hook/cmake_prefix_path.ps1'
[4.503s] INFO:colcon.colcon_core.shell:Creating environment descriptor '/home/jetson/ros2/src/install/robot_localization/share/robot_localization/hook/cmake_prefix_path.dsv'
[4.504s] INFO:colcon.colcon_core.shell:Creating environment hook '/home/jetson/ros2/src/install/robot_localization/share/robot_localization/hook/cmake_prefix_path.sh'
[4.505s] Level 1:colcon.colcon_core.environment:checking '/home/jetson/ros2/src/install/robot_localization/lib'
[4.506s] Level 1:colcon.colcon_core.shell:create_environment_hook('robot_localization', 'ld_library_path_lib')
[4.506s] INFO:colcon.colcon_core.shell:Creating environment hook '/home/jetson/ros2/src/install/robot_localization/share/robot_localization/hook/ld_library_path_lib.ps1'
[4.507s] INFO:colcon.colcon_core.shell:Creating environment descriptor '/home/jetson/ros2/src/install/robot_localization/share/robot_localization/hook/ld_library_path_lib.dsv'
[4.516s] INFO:colcon.colcon_core.shell:Creating environment hook '/home/jetson/ros2/src/install/robot_localization/share/robot_localization/hook/ld_library_path_lib.sh'
[4.517s] Level 1:colcon.colcon_core.environment:checking '/home/jetson/ros2/src/install/robot_localization/bin'
[4.517s] Level 1:colcon.colcon_core.environment:checking '/home/jetson/ros2/src/install/robot_localization/lib/pkgconfig/robot_localization.pc'
[4.518s] Level 1:colcon.colcon_core.environment:checking '/home/jetson/ros2/src/install/robot_localization/lib/python3.8/site-packages'
[4.518s] Level 1:colcon.colcon_core.shell:create_environment_hook('robot_localization', 'pythonpath')
[4.519s] INFO:colcon.colcon_core.shell:Creating environment hook '/home/jetson/ros2/src/install/robot_localization/share/robot_localization/hook/pythonpath.ps1'
[4.520s] INFO:colcon.colcon_core.shell:Creating environment descriptor '/home/jetson/ros2/src/install/robot_localization/share/robot_localization/hook/pythonpath.dsv'
[4.521s] INFO:colcon.colcon_core.shell:Creating environment hook '/home/jetson/ros2/src/install/robot_localization/share/robot_localization/hook/pythonpath.sh'
[4.522s] Level 1:colcon.colcon_core.environment:checking '/home/jetson/ros2/src/install/robot_localization/bin'
[4.523s] INFO:colcon.colcon_core.shell:Creating package script '/home/jetson/ros2/src/install/robot_localization/share/robot_localization/package.ps1'
[4.525s] INFO:colcon.colcon_core.shell:Creating package descriptor '/home/jetson/ros2/src/install/robot_localization/share/robot_localization/package.dsv'
[4.527s] INFO:colcon.colcon_core.shell:Creating package script '/home/jetson/ros2/src/install/robot_localization/share/robot_localization/package.sh'
[4.529s] INFO:colcon.colcon_core.shell:Creating package script '/home/jetson/ros2/src/install/robot_localization/share/robot_localization/package.bash'
[4.531s] INFO:colcon.colcon_core.shell:Creating package script '/home/jetson/ros2/src/install/robot_localization/share/robot_localization/package.zsh'
[4.532s] Level 1:colcon.colcon_core.environment:create_file_with_runtime_dependencies(/home/jetson/ros2/src/install/robot_localization/share/colcon-core/packages/robot_localization)
[4.887s] Level 1:colcon.colcon_core.environment:create_environment_scripts_only(robot_localization)
[4.888s] Level 1:colcon.colcon_core.environment:checking '/home/jetson/ros2/src/install/robot_localization' for CMake module files
[4.890s] Level 1:colcon.colcon_core.environment:checking '/home/jetson/ros2/src/install/robot_localization' for CMake config files
[4.891s] Level 1:colcon.colcon_core.shell:create_environment_hook('robot_localization', 'cmake_prefix_path')
[4.892s] INFO:colcon.colcon_core.shell:Creating environment hook '/home/jetson/ros2/src/install/robot_localization/share/robot_localization/hook/cmake_prefix_path.ps1'
[4.895s] INFO:colcon.colcon_core.shell:Creating environment descriptor '/home/jetson/ros2/src/install/robot_localization/share/robot_localization/hook/cmake_prefix_path.dsv'
[4.897s] INFO:colcon.colcon_core.shell:Creating environment hook '/home/jetson/ros2/src/install/robot_localization/share/robot_localization/hook/cmake_prefix_path.sh'
[4.898s] Level 1:colcon.colcon_core.environment:checking '/home/jetson/ros2/src/install/robot_localization/lib'
[4.901s] Level 1:colcon.colcon_core.shell:create_environment_hook('robot_localization', 'ld_library_path_lib')
[4.902s] INFO:colcon.colcon_core.shell:Creating environment hook '/home/jetson/ros2/src/install/robot_localization/share/robot_localization/hook/ld_library_path_lib.ps1'
[4.905s] INFO:colcon.colcon_core.shell:Creating environment descriptor '/home/jetson/ros2/src/install/robot_localization/share/robot_localization/hook/ld_library_path_lib.dsv'
[4.907s] INFO:colcon.colcon_core.shell:Creating environment hook '/home/jetson/ros2/src/install/robot_localization/share/robot_localization/hook/ld_library_path_lib.sh'
[4.909s] Level 1:colcon.colcon_core.environment:checking '/home/jetson/ros2/src/install/robot_localization/bin'
[4.909s] Level 1:colcon.colcon_core.environment:checking '/home/jetson/ros2/src/install/robot_localization/lib/pkgconfig/robot_localization.pc'
[4.910s] Level 1:colcon.colcon_core.environment:checking '/home/jetson/ros2/src/install/robot_localization/lib/python3.8/site-packages'
[4.910s] Level 1:colcon.colcon_core.shell:create_environment_hook('robot_localization', 'pythonpath')
[4.912s] INFO:colcon.colcon_core.shell:Creating environment hook '/home/jetson/ros2/src/install/robot_localization/share/robot_localization/hook/pythonpath.ps1'
[4.914s] INFO:colcon.colcon_core.shell:Creating environment descriptor '/home/jetson/ros2/src/install/robot_localization/share/robot_localization/hook/pythonpath.dsv'
[4.915s] INFO:colcon.colcon_core.shell:Creating environment hook '/home/jetson/ros2/src/install/robot_localization/share/robot_localization/hook/pythonpath.sh'
[4.917s] Level 1:colcon.colcon_core.environment:checking '/home/jetson/ros2/src/install/robot_localization/bin'
[4.919s] INFO:colcon.colcon_core.shell:Creating package script '/home/jetson/ros2/src/install/robot_localization/share/robot_localization/package.ps1'
[4.921s] INFO:colcon.colcon_core.shell:Creating package descriptor '/home/jetson/ros2/src/install/robot_localization/share/robot_localization/package.dsv'
[4.923s] INFO:colcon.colcon_core.shell:Creating package script '/home/jetson/ros2/src/install/robot_localization/share/robot_localization/package.sh'
[4.924s] INFO:colcon.colcon_core.shell:Creating package script '/home/jetson/ros2/src/install/robot_localization/share/robot_localization/package.bash'
[4.926s] INFO:colcon.colcon_core.shell:Creating package script '/home/jetson/ros2/src/install/robot_localization/share/robot_localization/package.zsh'
[4.927s] Level 1:colcon.colcon_core.environment:create_file_with_runtime_dependencies(/home/jetson/ros2/src/install/robot_localization/share/colcon-core/packages/robot_localization)
[5.017s] DEBUG:colcon.colcon_core.event_handler.log_command:Invoking command in '/home/jetson/ros2/src/yahboomcar_bringup': PYTHONPATH=/home/jetson/ros2/src/build/yahboomcar_bringup/prefix_override:/home/jetson/ros2/src/install/yahboomcar_bringup/lib/python3.8/site-packages:${PYTHONPATH} /usr/bin/python3 -W ignore:setup.py install is deprecated setup.py egg_info --egg-base ../build/yahboomcar_bringup build --build-base /home/jetson/ros2/src/build/yahboomcar_bringup/build install --record /home/jetson/ros2/src/build/yahboomcar_bringup/install.log --install-scripts $base/lib/yahboomcar_bringup --single-version-externally-managed install_data
[5.050s] DEBUG:colcon.colcon_core.event_handler.log_command:Invoking command in '/home/jetson/ros2/src/laserscan_to_point_pulisher': PYTHONPATH=/home/jetson/ros2/src/build/laserscan_to_point_pulisher/prefix_override:/home/jetson/ros2/src/install/laserscan_to_point_pulisher/lib/python3.8/site-packages:${PYTHONPATH} /usr/bin/python3 -W ignore:setup.py install is deprecated setup.py egg_info --egg-base ../build/laserscan_to_point_pulisher build --build-base /home/jetson/ros2/src/build/laserscan_to_point_pulisher/build install --record /home/jetson/ros2/src/build/laserscan_to_point_pulisher/install.log --install-scripts $base/lib/laserscan_to_point_pulisher --single-version-externally-managed install_data
[5.060s] DEBUG:colcon.colcon_core.event_handler.log_command:Invoking command in '/home/jetson/ros2/src/yahboomcar_description': PYTHONPATH=/home/jetson/ros2/src/build/yahboomcar_description/prefix_override:/home/jetson/ros2/src/install/yahboomcar_description/lib/python3.8/site-packages:${PYTHONPATH} /usr/bin/python3 -W ignore:setup.py install is deprecated setup.py egg_info --egg-base ../build/yahboomcar_description build --build-base /home/jetson/ros2/src/build/yahboomcar_description/build install --record /home/jetson/ros2/src/build/yahboomcar_description/install.log --install-scripts $base/lib/yahboomcar_description --single-version-externally-managed install_data
[5.069s] DEBUG:colcon.colcon_core.event_handler.log_command:Invoking command in '/home/jetson/ros2/src/yahboomcar_linefollow': PYTHONPATH=/home/jetson/ros2/src/build/yahboomcar_linefollow/prefix_override:/home/jetson/ros2/src/install/yahboomcar_linefollow/lib/python3.8/site-packages:${PYTHONPATH} /usr/bin/python3 -W ignore:setup.py install is deprecated setup.py egg_info --egg-base ../build/yahboomcar_linefollow build --build-base /home/jetson/ros2/src/build/yahboomcar_linefollow/build install --record /home/jetson/ros2/src/build/yahboomcar_linefollow/install.log --install-scripts $base/lib/yahboomcar_linefollow --single-version-externally-managed install_data
[5.755s] Level 1:colcon.colcon_core.environment:checking '/home/jetson/ros2/src/install/yahboomcar_bringup' for CMake module files
[5.757s] Level 1:colcon.colcon_core.environment:checking '/home/jetson/ros2/src/install/yahboomcar_bringup' for CMake config files
[5.759s] DEBUG:colcon.colcon_core.event_handler.log_command:Invoked command in '/home/jetson/ros2/src/yahboomcar_bringup' returned '0': PYTHONPATH=/home/jetson/ros2/src/build/yahboomcar_bringup/prefix_override:/home/jetson/ros2/src/install/yahboomcar_bringup/lib/python3.8/site-packages:${PYTHONPATH} /usr/bin/python3 -W ignore:setup.py install is deprecated setup.py egg_info --egg-base ../build/yahboomcar_bringup build --build-base /home/jetson/ros2/src/build/yahboomcar_bringup/build install --record /home/jetson/ros2/src/build/yahboomcar_bringup/install.log --install-scripts $base/lib/yahboomcar_bringup --single-version-externally-managed install_data
[5.761s] Level 1:colcon.colcon_core.environment:checking '/home/jetson/ros2/src/install/yahboomcar_bringup/lib'
[5.761s] Level 1:colcon.colcon_core.environment:checking '/home/jetson/ros2/src/install/yahboomcar_bringup/bin'
[5.761s] Level 1:colcon.colcon_core.environment:checking '/home/jetson/ros2/src/install/yahboomcar_bringup/lib/pkgconfig/yahboomcar_bringup.pc'
[5.762s] Level 1:colcon.colcon_core.environment:checking '/home/jetson/ros2/src/install/yahboomcar_bringup/lib/python3.8/site-packages'
[5.762s] Level 1:colcon.colcon_core.shell:create_environment_hook('yahboomcar_bringup', 'pythonpath')
[5.763s] INFO:colcon.colcon_core.shell:Creating environment hook '/home/jetson/ros2/src/install/yahboomcar_bringup/share/yahboomcar_bringup/hook/pythonpath.ps1'
[5.764s] INFO:colcon.colcon_core.shell:Creating environment descriptor '/home/jetson/ros2/src/install/yahboomcar_bringup/share/yahboomcar_bringup/hook/pythonpath.dsv'
[5.765s] INFO:colcon.colcon_core.shell:Creating environment hook '/home/jetson/ros2/src/install/yahboomcar_bringup/share/yahboomcar_bringup/hook/pythonpath.sh'
[5.766s] Level 1:colcon.colcon_core.environment:checking '/home/jetson/ros2/src/install/yahboomcar_bringup/bin'
[5.767s] Level 1:colcon.colcon_core.environment:create_environment_scripts_only(yahboomcar_bringup)
[5.768s] INFO:colcon.colcon_core.shell:Creating package script '/home/jetson/ros2/src/install/yahboomcar_bringup/share/yahboomcar_bringup/package.ps1'
[5.769s] INFO:colcon.colcon_core.shell:Creating package descriptor '/home/jetson/ros2/src/install/yahboomcar_bringup/share/yahboomcar_bringup/package.dsv'
[5.770s] INFO:colcon.colcon_core.shell:Creating package script '/home/jetson/ros2/src/install/yahboomcar_bringup/share/yahboomcar_bringup/package.sh'
[5.771s] INFO:colcon.colcon_core.shell:Creating package script '/home/jetson/ros2/src/install/yahboomcar_bringup/share/yahboomcar_bringup/package.bash'
[5.772s] INFO:colcon.colcon_core.shell:Creating package script '/home/jetson/ros2/src/install/yahboomcar_bringup/share/yahboomcar_bringup/package.zsh'
[5.773s] Level 1:colcon.colcon_core.environment:create_file_with_runtime_dependencies(/home/jetson/ros2/src/install/yahboomcar_bringup/share/colcon-core/packages/yahboomcar_bringup)
[5.777s] Level 1:colcon.colcon_core.environment:checking '/home/jetson/ros2/src/install/yahboomcar_description' for CMake module files
[5.778s] DEBUG:colcon.colcon_core.event_handler.log_command:Invoked command in '/home/jetson/ros2/src/yahboomcar_description' returned '0': PYTHONPATH=/home/jetson/ros2/src/build/yahboomcar_description/prefix_override:/home/jetson/ros2/src/install/yahboomcar_description/lib/python3.8/site-packages:${PYTHONPATH} /usr/bin/python3 -W ignore:setup.py install is deprecated setup.py egg_info --egg-base ../build/yahboomcar_description build --build-base /home/jetson/ros2/src/build/yahboomcar_description/build install --record /home/jetson/ros2/src/build/yahboomcar_description/install.log --install-scripts $base/lib/yahboomcar_description --single-version-externally-managed install_data
[5.779s] Level 1:colcon.colcon_core.environment:checking '/home/jetson/ros2/src/install/yahboomcar_description' for CMake config files
[5.781s] Level 1:colcon.colcon_core.environment:checking '/home/jetson/ros2/src/install/yahboomcar_description/lib'
[5.782s] Level 1:colcon.colcon_core.environment:checking '/home/jetson/ros2/src/install/yahboomcar_description/bin'
[5.782s] Level 1:colcon.colcon_core.environment:checking '/home/jetson/ros2/src/install/yahboomcar_description/lib/pkgconfig/yahboomcar_description.pc'
[5.782s] Level 1:colcon.colcon_core.environment:checking '/home/jetson/ros2/src/install/yahboomcar_description/lib/python3.8/site-packages'
[5.782s] Level 1:colcon.colcon_core.shell:create_environment_hook('yahboomcar_description', 'pythonpath')
[5.783s] INFO:colcon.colcon_core.shell:Creating environment hook '/home/jetson/ros2/src/install/yahboomcar_description/share/yahboomcar_description/hook/pythonpath.ps1'
[5.784s] INFO:colcon.colcon_core.shell:Creating environment descriptor '/home/jetson/ros2/src/install/yahboomcar_description/share/yahboomcar_description/hook/pythonpath.dsv'
[5.785s] INFO:colcon.colcon_core.shell:Creating environment hook '/home/jetson/ros2/src/install/yahboomcar_description/share/yahboomcar_description/hook/pythonpath.sh'
[5.786s] Level 1:colcon.colcon_core.environment:checking '/home/jetson/ros2/src/install/yahboomcar_description/bin'
[5.786s] Level 1:colcon.colcon_core.environment:create_environment_scripts_only(yahboomcar_description)
[5.787s] INFO:colcon.colcon_core.shell:Creating package script '/home/jetson/ros2/src/install/yahboomcar_description/share/yahboomcar_description/package.ps1'
[5.788s] INFO:colcon.colcon_core.shell:Creating package descriptor '/home/jetson/ros2/src/install/yahboomcar_description/share/yahboomcar_description/package.dsv'
[5.789s] INFO:colcon.colcon_core.shell:Creating package script '/home/jetson/ros2/src/install/yahboomcar_description/share/yahboomcar_description/package.sh'
[5.790s] INFO:colcon.colcon_core.shell:Creating package script '/home/jetson/ros2/src/install/yahboomcar_description/share/yahboomcar_description/package.bash'
[5.791s] INFO:colcon.colcon_core.shell:Creating package script '/home/jetson/ros2/src/install/yahboomcar_description/share/yahboomcar_description/package.zsh'
[5.792s] Level 1:colcon.colcon_core.environment:create_file_with_runtime_dependencies(/home/jetson/ros2/src/install/yahboomcar_description/share/colcon-core/packages/yahboomcar_description)
[5.795s] Level 1:colcon.colcon_core.environment:checking '/home/jetson/ros2/src/install/laserscan_to_point_pulisher' for CMake module files
[5.797s] DEBUG:colcon.colcon_core.event_handler.log_command:Invoked command in '/home/jetson/ros2/src/laserscan_to_point_pulisher' returned '0': PYTHONPATH=/home/jetson/ros2/src/build/laserscan_to_point_pulisher/prefix_override:/home/jetson/ros2/src/install/laserscan_to_point_pulisher/lib/python3.8/site-packages:${PYTHONPATH} /usr/bin/python3 -W ignore:setup.py install is deprecated setup.py egg_info --egg-base ../build/laserscan_to_point_pulisher build --build-base /home/jetson/ros2/src/build/laserscan_to_point_pulisher/build install --record /home/jetson/ros2/src/build/laserscan_to_point_pulisher/install.log --install-scripts $base/lib/laserscan_to_point_pulisher --single-version-externally-managed install_data
[5.798s] Level 1:colcon.colcon_core.environment:checking '/home/jetson/ros2/src/install/laserscan_to_point_pulisher' for CMake config files
[5.799s] Level 1:colcon.colcon_core.environment:checking '/home/jetson/ros2/src/install/laserscan_to_point_pulisher/lib'
[5.799s] Level 1:colcon.colcon_core.environment:checking '/home/jetson/ros2/src/install/laserscan_to_point_pulisher/bin'
[5.799s] Level 1:colcon.colcon_core.environment:checking '/home/jetson/ros2/src/install/laserscan_to_point_pulisher/lib/pkgconfig/laserscan_to_point_pulisher.pc'
[5.800s] Level 1:colcon.colcon_core.environment:checking '/home/jetson/ros2/src/install/laserscan_to_point_pulisher/lib/python3.8/site-packages'
[5.800s] Level 1:colcon.colcon_core.shell:create_environment_hook('laserscan_to_point_pulisher', 'pythonpath')
[5.800s] INFO:colcon.colcon_core.shell:Creating environment hook '/home/jetson/ros2/src/install/laserscan_to_point_pulisher/share/laserscan_to_point_pulisher/hook/pythonpath.ps1'
[5.801s] INFO:colcon.colcon_core.shell:Creating environment descriptor '/home/jetson/ros2/src/install/laserscan_to_point_pulisher/share/laserscan_to_point_pulisher/hook/pythonpath.dsv'
[5.802s] INFO:colcon.colcon_core.shell:Creating environment hook '/home/jetson/ros2/src/install/laserscan_to_point_pulisher/share/laserscan_to_point_pulisher/hook/pythonpath.sh'
[5.803s] Level 1:colcon.colcon_core.environment:checking '/home/jetson/ros2/src/install/laserscan_to_point_pulisher/bin'
[5.803s] Level 1:colcon.colcon_core.environment:create_environment_scripts_only(laserscan_to_point_pulisher)
[5.804s] INFO:colcon.colcon_core.shell:Creating package script '/home/jetson/ros2/src/install/laserscan_to_point_pulisher/share/laserscan_to_point_pulisher/package.ps1'
[5.805s] INFO:colcon.colcon_core.shell:Creating package descriptor '/home/jetson/ros2/src/install/laserscan_to_point_pulisher/share/laserscan_to_point_pulisher/package.dsv'
[5.805s] INFO:colcon.colcon_core.shell:Creating package script '/home/jetson/ros2/src/install/laserscan_to_point_pulisher/share/laserscan_to_point_pulisher/package.sh'
[5.806s] INFO:colcon.colcon_core.shell:Creating package script '/home/jetson/ros2/src/install/laserscan_to_point_pulisher/share/laserscan_to_point_pulisher/package.bash'
[5.807s] INFO:colcon.colcon_core.shell:Creating package script '/home/jetson/ros2/src/install/laserscan_to_point_pulisher/share/laserscan_to_point_pulisher/package.zsh'
[5.808s] Level 1:colcon.colcon_core.environment:create_file_with_runtime_dependencies(/home/jetson/ros2/src/install/laserscan_to_point_pulisher/share/colcon-core/packages/laserscan_to_point_pulisher)
[5.812s] Level 1:colcon.colcon_core.environment:checking '/home/jetson/ros2/src/install/yahboomcar_linefollow' for CMake module files
[5.813s] DEBUG:colcon.colcon_core.event_handler.log_command:Invoked command in '/home/jetson/ros2/src/yahboomcar_linefollow' returned '0': PYTHONPATH=/home/jetson/ros2/src/build/yahboomcar_linefollow/prefix_override:/home/jetson/ros2/src/install/yahboomcar_linefollow/lib/python3.8/site-packages:${PYTHONPATH} /usr/bin/python3 -W ignore:setup.py install is deprecated setup.py egg_info --egg-base ../build/yahboomcar_linefollow build --build-base /home/jetson/ros2/src/build/yahboomcar_linefollow/build install --record /home/jetson/ros2/src/build/yahboomcar_linefollow/install.log --install-scripts $base/lib/yahboomcar_linefollow --single-version-externally-managed install_data
[5.814s] Level 1:colcon.colcon_core.environment:checking '/home/jetson/ros2/src/install/yahboomcar_linefollow' for CMake config files
[5.815s] Level 1:colcon.colcon_core.environment:checking '/home/jetson/ros2/src/install/yahboomcar_linefollow/lib'
[5.816s] Level 1:colcon.colcon_core.environment:checking '/home/jetson/ros2/src/install/yahboomcar_linefollow/bin'
[5.816s] Level 1:colcon.colcon_core.environment:checking '/home/jetson/ros2/src/install/yahboomcar_linefollow/lib/pkgconfig/yahboomcar_linefollow.pc'
[5.816s] Level 1:colcon.colcon_core.environment:checking '/home/jetson/ros2/src/install/yahboomcar_linefollow/lib/python3.8/site-packages'
[5.816s] Level 1:colcon.colcon_core.shell:create_environment_hook('yahboomcar_linefollow', 'pythonpath')
[5.817s] INFO:colcon.colcon_core.shell:Creating environment hook '/home/jetson/ros2/src/install/yahboomcar_linefollow/share/yahboomcar_linefollow/hook/pythonpath.ps1'
[5.818s] INFO:colcon.colcon_core.shell:Creating environment descriptor '/home/jetson/ros2/src/install/yahboomcar_linefollow/share/yahboomcar_linefollow/hook/pythonpath.dsv'
[5.819s] INFO:colcon.colcon_core.shell:Creating environment hook '/home/jetson/ros2/src/install/yahboomcar_linefollow/share/yahboomcar_linefollow/hook/pythonpath.sh'
[5.820s] Level 1:colcon.colcon_core.environment:checking '/home/jetson/ros2/src/install/yahboomcar_linefollow/bin'
[5.820s] Level 1:colcon.colcon_core.environment:create_environment_scripts_only(yahboomcar_linefollow)
[5.820s] INFO:colcon.colcon_core.shell:Creating package script '/home/jetson/ros2/src/install/yahboomcar_linefollow/share/yahboomcar_linefollow/package.ps1'
[5.821s] INFO:colcon.colcon_core.shell:Creating package descriptor '/home/jetson/ros2/src/install/yahboomcar_linefollow/share/yahboomcar_linefollow/package.dsv'
[5.822s] INFO:colcon.colcon_core.shell:Creating package script '/home/jetson/ros2/src/install/yahboomcar_linefollow/share/yahboomcar_linefollow/package.sh'
[5.823s] INFO:colcon.colcon_core.shell:Creating package script '/home/jetson/ros2/src/install/yahboomcar_linefollow/share/yahboomcar_linefollow/package.bash'
[5.824s] INFO:colcon.colcon_core.shell:Creating package script '/home/jetson/ros2/src/install/yahboomcar_linefollow/share/yahboomcar_linefollow/package.zsh'
[5.824s] Level 1:colcon.colcon_core.environment:create_file_with_runtime_dependencies(/home/jetson/ros2/src/install/yahboomcar_linefollow/share/colcon-core/packages/yahboomcar_linefollow)
[5.825s] DEBUG:colcon.colcon_parallel_executor.executor.parallel:closing loop
[5.826s] DEBUG:colcon.colcon_parallel_executor.executor.parallel:loop closed
[5.826s] DEBUG:colcon.colcon_parallel_executor.executor.parallel:run_until_complete finished with '0'
[5.826s] DEBUG:colcon.colcon_core.event_reactor:joining thread
[5.839s] INFO:colcon.colcon_core.plugin_system:Skipping extension 'colcon_notification.desktop_notification.terminal_notifier': Not used on non-Darwin systems
[5.839s] INFO:colcon.colcon_core.plugin_system:Skipping extension 'colcon_notification.desktop_notification.win32': Not used on non-Windows systems
[5.839s] INFO:colcon.colcon_notification.desktop_notification:Sending desktop notification using 'notify2'
[5.868s] DEBUG:colcon.colcon_core.event_reactor:joined thread
[5.869s] INFO:colcon.colcon_core.shell:Creating prefix script '/home/jetson/ros2/src/install/local_setup.ps1'
[5.871s] INFO:colcon.colcon_core.shell:Creating prefix util module '/home/jetson/ros2/src/install/_local_setup_util_ps1.py'
[5.873s] INFO:colcon.colcon_core.shell:Creating prefix chain script '/home/jetson/ros2/src/install/setup.ps1'
[5.875s] INFO:colcon.colcon_core.shell:Creating prefix script '/home/jetson/ros2/src/install/local_setup.sh'
[5.876s] INFO:colcon.colcon_core.shell:Creating prefix util module '/home/jetson/ros2/src/install/_local_setup_util_sh.py'
[5.877s] INFO:colcon.colcon_core.shell:Creating prefix chain script '/home/jetson/ros2/src/install/setup.sh'
[5.879s] INFO:colcon.colcon_core.shell:Creating prefix script '/home/jetson/ros2/src/install/local_setup.bash'
[5.880s] INFO:colcon.colcon_core.shell:Creating prefix chain script '/home/jetson/ros2/src/install/setup.bash'
[5.881s] INFO:colcon.colcon_core.shell:Creating prefix script '/home/jetson/ros2/src/install/local_setup.zsh'
[5.882s] INFO:colcon.colcon_core.shell:Creating prefix chain script '/home/jetson/ros2/src/install/setup.zsh'
