-- Found ament_cmake: 0.9.12 (/opt/ros/foxy/share/ament_cmake/cmake)
-- Using PYTHON_EXECUTABLE: /usr/bin/python3
-- Found rclcpp: 2.4.3 (/opt/ros/foxy/share/rclcpp/cmake)
-- Using all available rosidl_typesupport_c: rosidl_typesupport_fastrtps_c;rosidl_typesupport_introspection_c
-- Found rosidl_adapter: 1.3.1 (/opt/ros/foxy/share/rosidl_adapter/cmake)
-- Using all available rosidl_typesupport_cpp: rosidl_typesupport_fastrtps_cpp;rosidl_typesupport_introspection_cpp
-- Found rmw_implementation_cmake: 1.0.4 (/opt/ros/foxy/share/rmw_implementation_cmake/cmake)
-- Using RMW implementation 'rmw_fastrtps_cpp' as default
-- Found ament_lint_auto: 0.9.8 (/opt/ros/foxy/share/ament_lint_auto/cmake)
-- Added test 'copyright' to check source files copyright and LICENSE
-- Added test 'cppcheck' to perform static code analysis on C / C++ code
-- Configured cppcheck include dirs: 
-- Configured cppcheck exclude dirs and/or files: 
-- Added test 'cpplint' to check C / C++ code against the Google style
-- Configured cpplint exclude dirs and/or files: 
-- Added test 'flake8' to check Python code syntax and style conventions
-- Added test 'lint_cmake' to check CMake code style
-- Added test 'pep257' to check Python code against some of the style conventions in PEP 257
-- Added test 'uncrustify' to check C / C++ code style
-- Configured uncrustify additional arguments: 
-- Added test 'xmllint' to check XML markup files
-- Configuring done
-- Generating done
-- Build files have been written to: /home/jetson/ros2/src/build/my_package
[35m[1mScanning dependencies of target gps_imitate_server[0m
[ 50%] [32mBuilding CXX object CMakeFiles/gps_imitate_server.dir/src/gps_imitate_server.cpp.o[0m
[100%] [32m[1mLinking CXX executable gps_imitate_server[0m
[100%] Built target gps_imitate_server
-- Install configuration: ""
-- Installing: /home/jetson/ros2/src/install/my_package/lib/my_package/gps_imitate_server
-- Set runtime path of "/home/jetson/ros2/src/install/my_package/lib/my_package/gps_imitate_server" to ""
-- Installing: /home/jetson/ros2/src/install/my_package/share/my_package/launch
-- Installing: /home/jetson/ros2/src/install/my_package/share/my_package/launch/gps_imitate_server.launch.py
-- Installing: /home/jetson/ros2/src/install/my_package/share/ament_index/resource_index/package_run_dependencies/my_package
-- Installing: /home/jetson/ros2/src/install/my_package/share/ament_index/resource_index/parent_prefix_path/my_package
-- Installing: /home/jetson/ros2/src/install/my_package/share/my_package/environment/ament_prefix_path.sh
-- Installing: /home/jetson/ros2/src/install/my_package/share/my_package/environment/ament_prefix_path.dsv
-- Installing: /home/jetson/ros2/src/install/my_package/share/my_package/environment/path.sh
-- Installing: /home/jetson/ros2/src/install/my_package/share/my_package/environment/path.dsv
-- Installing: /home/jetson/ros2/src/install/my_package/share/my_package/local_setup.bash
-- Installing: /home/jetson/ros2/src/install/my_package/share/my_package/local_setup.sh
-- Installing: /home/jetson/ros2/src/install/my_package/share/my_package/local_setup.zsh
-- Installing: /home/jetson/ros2/src/install/my_package/share/my_package/local_setup.dsv
-- Installing: /home/jetson/ros2/src/install/my_package/share/my_package/package.dsv
-- Installing: /home/jetson/ros2/src/install/my_package/share/ament_index/resource_index/packages/my_package
-- Installing: /home/jetson/ros2/src/install/my_package/share/my_package/cmake/my_packageConfig.cmake
-- Installing: /home/jetson/ros2/src/install/my_package/share/my_package/cmake/my_packageConfig-version.cmake
-- Installing: /home/jetson/ros2/src/install/my_package/share/my_package/package.xml
