[0.029s] Invoking command in '/home/jetson/ros2/src/build/my_package': CMAKE_PREFIX_PATH=/opt/ros/foxy /usr/bin/cmake --build /home/jetson/ros2/src/build/my_package -- -j6 -l6
[0.080s] -- Found ament_cmake: 0.9.12 (/opt/ros/foxy/share/ament_cmake/cmake)
[0.129s] -- Using PYTHON_EXECUTABLE: /usr/bin/python3
[0.582s] -- Found rclcpp: 2.4.3 (/opt/ros/foxy/share/rclcpp/cmake)
[0.644s] -- Using all available rosidl_typesupport_c: rosidl_typesupport_fastrtps_c;rosidl_typesupport_introspection_c
[0.649s] -- Found rosidl_adapter: 1.3.1 (/opt/ros/foxy/share/rosidl_adapter/cmake)
[0.875s] -- Using all available rosidl_typesupport_cpp: rosidl_typesupport_fastrtps_cpp;rosidl_typesupport_introspection_cpp
[0.965s] -- Found rmw_implementation_cmake: 1.0.4 (/opt/ros/foxy/share/rmw_implementation_cmake/cmake)
[0.967s] -- Using RMW implementation 'rmw_fastrtps_cpp' as default
[1.235s] -- Found ament_lint_auto: 0.9.8 (/opt/ros/foxy/share/ament_lint_auto/cmake)
[1.365s] -- Added test 'copyright' to check source files copyright and LICENSE
[1.367s] -- Added test 'cppcheck' to perform static code analysis on C / C++ code
[1.367s] -- Configured cppcheck include dirs: 
[1.367s] -- Configured cppcheck exclude dirs and/or files: 
[1.368s] -- Added test 'cpplint' to check C / C++ code against the Google style
[1.369s] -- Configured cpplint exclude dirs and/or files: 
[1.369s] -- Added test 'flake8' to check Python code syntax and style conventions
[1.370s] -- Added test 'lint_cmake' to check CMake code style
[1.370s] -- Added test 'pep257' to check Python code against some of the style conventions in PEP 257
[1.372s] -- Added test 'uncrustify' to check C / C++ code style
[1.372s] -- Configured uncrustify additional arguments: 
[1.372s] -- Added test 'xmllint' to check XML markup files
[1.378s] -- Configuring done
[1.393s] -- Generating done
[1.396s] -- Build files have been written to: /home/jetson/ros2/src/build/my_package
[1.451s] [35m[1mScanning dependencies of target gps_imitate_server[0m
[1.472s] [ 50%] [32mBuilding CXX object CMakeFiles/gps_imitate_server.dir/src/gps_imitate_server.cpp.o[0m
[8.610s] [100%] [32m[1mLinking CXX executable gps_imitate_server[0m
[8.918s] [100%] Built target gps_imitate_server
[8.942s] Invoked command in '/home/jetson/ros2/src/build/my_package' returned '0': CMAKE_PREFIX_PATH=/opt/ros/foxy /usr/bin/cmake --build /home/jetson/ros2/src/build/my_package -- -j6 -l6
[9.017s] Invoking command in '/home/jetson/ros2/src/build/my_package': CMAKE_PREFIX_PATH=/opt/ros/foxy /usr/bin/cmake --install /home/jetson/ros2/src/build/my_package
[9.035s] -- Install configuration: ""
[9.036s] -- Installing: /home/jetson/ros2/src/install/my_package/lib/my_package/gps_imitate_server
[9.037s] -- Set runtime path of "/home/jetson/ros2/src/install/my_package/lib/my_package/gps_imitate_server" to ""
[9.037s] -- Installing: /home/jetson/ros2/src/install/my_package/share/my_package/launch
[9.038s] -- Installing: /home/jetson/ros2/src/install/my_package/share/my_package/launch/gps_imitate_server.launch.py
[9.038s] -- Installing: /home/jetson/ros2/src/install/my_package/share/ament_index/resource_index/package_run_dependencies/my_package
[9.038s] -- Installing: /home/jetson/ros2/src/install/my_package/share/ament_index/resource_index/parent_prefix_path/my_package
[9.039s] -- Installing: /home/jetson/ros2/src/install/my_package/share/my_package/environment/ament_prefix_path.sh
[9.039s] -- Installing: /home/jetson/ros2/src/install/my_package/share/my_package/environment/ament_prefix_path.dsv
[9.040s] -- Installing: /home/jetson/ros2/src/install/my_package/share/my_package/environment/path.sh
[9.040s] -- Installing: /home/jetson/ros2/src/install/my_package/share/my_package/environment/path.dsv
[9.040s] -- Installing: /home/jetson/ros2/src/install/my_package/share/my_package/local_setup.bash
[9.041s] -- Installing: /home/jetson/ros2/src/install/my_package/share/my_package/local_setup.sh
[9.041s] -- Installing: /home/jetson/ros2/src/install/my_package/share/my_package/local_setup.zsh
[9.041s] -- Installing: /home/jetson/ros2/src/install/my_package/share/my_package/local_setup.dsv
[9.042s] -- Installing: /home/jetson/ros2/src/install/my_package/share/my_package/package.dsv
[9.042s] -- Installing: /home/jetson/ros2/src/install/my_package/share/ament_index/resource_index/packages/my_package
[9.042s] -- Installing: /home/jetson/ros2/src/install/my_package/share/my_package/cmake/my_packageConfig.cmake
[9.043s] -- Installing: /home/jetson/ros2/src/install/my_package/share/my_package/cmake/my_packageConfig-version.cmake
[9.043s] -- Installing: /home/jetson/ros2/src/install/my_package/share/my_package/package.xml
[9.048s] Invoked command in '/home/jetson/ros2/src/build/my_package' returned '0': CMAKE_PREFIX_PATH=/opt/ros/foxy /usr/bin/cmake --install /home/jetson/ros2/src/build/my_package
