[3.504s] Invoking command in '/home/jetson/ros2/src/yahboomcar_bringup': PYTHONPATH=/home/jetson/ros2/src/build/yahboomcar_bringup/prefix_override:/home/jetson/ros2/src/install/yahboomcar_bringup/lib/python3.8/site-packages:${PYTHONPATH} /usr/bin/python3 -W ignore:setup.py install is deprecated setup.py egg_info --egg-base ../build/yahboomcar_bringup build --build-base /home/jetson/ros2/src/build/yahboomcar_bringup/build install --record /home/jetson/ros2/src/build/yahboomcar_bringup/install.log --install-scripts $base/lib/yahboomcar_bringup --single-version-externally-managed install_data
[4.003s] running egg_info
[4.005s] writing ../build/yahboomcar_bringup/yahboomcar_bringup.egg-info/PKG-INFO
[4.006s] writing dependency_links to ../build/yahboomcar_bringup/yahboomcar_bringup.egg-info/dependency_links.txt
[4.006s] writing entry points to ../build/yahboomcar_bringup/yahboomcar_bringup.egg-info/entry_points.txt
[4.007s] writing requirements to ../build/yahboomcar_bringup/yahboomcar_bringup.egg-info/requires.txt
[4.007s] writing top-level names to ../build/yahboomcar_bringup/yahboomcar_bringup.egg-info/top_level.txt
[4.088s] reading manifest file '../build/yahboomcar_bringup/yahboomcar_bringup.egg-info/SOURCES.txt'
[4.090s] writing manifest file '../build/yahboomcar_bringup/yahboomcar_bringup.egg-info/SOURCES.txt'
[4.090s] running build
[4.091s] running build_py
[4.094s] running install
[4.097s] running install_lib
[4.102s] running install_data
[4.104s] running install_egg_info
[4.110s] removing '/home/jetson/ros2/src/install/yahboomcar_bringup/lib/python3.8/site-packages/yahboomcar_bringup-0.0.0-py3.8.egg-info' (and everything under it)
[4.111s] Copying ../build/yahboomcar_bringup/yahboomcar_bringup.egg-info to /home/jetson/ros2/src/install/yahboomcar_bringup/lib/python3.8/site-packages/yahboomcar_bringup-0.0.0-py3.8.egg-info
[4.114s] running install_scripts
[4.160s] Installing Ackman_driver_R2 script to /home/jetson/ros2/src/install/yahboomcar_bringup/lib/yahboomcar_bringup
[4.160s] Installing Mcnamu_driver_X3 script to /home/jetson/ros2/src/install/yahboomcar_bringup/lib/yahboomcar_bringup
[4.161s] Installing Mcnamu_driver_x1 script to /home/jetson/ros2/src/install/yahboomcar_bringup/lib/yahboomcar_bringup
[4.161s] Installing calibrate_angular_R2 script to /home/jetson/ros2/src/install/yahboomcar_bringup/lib/yahboomcar_bringup
[4.161s] Installing calibrate_angular_X3 script to /home/jetson/ros2/src/install/yahboomcar_bringup/lib/yahboomcar_bringup
[4.162s] Installing calibrate_linear_R2 script to /home/jetson/ros2/src/install/yahboomcar_bringup/lib/yahboomcar_bringup
[4.162s] Installing calibrate_linear_X3 script to /home/jetson/ros2/src/install/yahboomcar_bringup/lib/yahboomcar_bringup
[4.163s] Installing patrol_4ROS script to /home/jetson/ros2/src/install/yahboomcar_bringup/lib/yahboomcar_bringup
[4.163s] Installing patrol_4ROS_R2 script to /home/jetson/ros2/src/install/yahboomcar_bringup/lib/yahboomcar_bringup
[4.164s] Installing patrol_a1_R2 script to /home/jetson/ros2/src/install/yahboomcar_bringup/lib/yahboomcar_bringup
[4.164s] Installing patrol_a1_X3 script to /home/jetson/ros2/src/install/yahboomcar_bringup/lib/yahboomcar_bringup
[4.166s] writing list of installed files to '/home/jetson/ros2/src/build/yahboomcar_bringup/install.log'
[4.245s] Invoked command in '/home/jetson/ros2/src/yahboomcar_bringup' returned '0': PYTHONPATH=/home/jetson/ros2/src/build/yahboomcar_bringup/prefix_override:/home/jetson/ros2/src/install/yahboomcar_bringup/lib/python3.8/site-packages:${PYTHONPATH} /usr/bin/python3 -W ignore:setup.py install is deprecated setup.py egg_info --egg-base ../build/yahboomcar_bringup build --build-base /home/jetson/ros2/src/build/yahboomcar_bringup/build install --record /home/jetson/ros2/src/build/yahboomcar_bringup/install.log --install-scripts $base/lib/yahboomcar_bringup --single-version-externally-managed install_data
