[0.495s] DEBUG:colcon:Command line arguments: ['/usr/bin/colcon', 'build']
[0.496s] DEBUG:colcon:Parsed command line arguments: Namespace(allow_overriding=[], ament_cmake_args=None, base_paths=['.'], build_base='build', catkin_cmake_args=None, catkin_skip_building_tests=False, cmake_args=None, cmake_clean_cache=False, cmake_clean_first=False, cmake_force_configure=False, cmake_target=None, cmake_target_skip_unavailable=False, continue_on_error=False, event_handlers=None, executor='parallel', ignore_user_meta=False, install_base='install', log_base=None, log_level=None, main=<bound method BuildVerb.main of <colcon_core.verb.build.BuildVerb object at 0xffff816cf430>>, merge_install=False, metas=['./colcon.meta'], packages_above=None, packages_above_and_dependencies=None, packages_above_depth=None, packages_end=None, packages_ignore=None, packages_ignore_regex=None, packages_select=None, packages_select_build_failed=False, packages_select_by_dep=None, packages_select_regex=None, packages_select_test_failures=False, packages_skip=None, packages_skip_build_finished=False, packages_skip_by_dep=None, packages_skip_regex=None, packages_skip_test_passed=False, packages_skip_up_to=None, packages_start=None, packages_up_to=None, packages_up_to_regex=None, parallel_workers=6, paths=None, symlink_install=False, test_result_base=None, verb_extension=<colcon_core.verb.build.BuildVerb object at 0xffff816cf430>, verb_name='build', verb_parser=<colcon_defaults.argument_parser.defaults.DefaultArgumentsDecorator object at 0xffff816cf910>)
[0.857s] Level 1:colcon.colcon_core.package_discovery:discover_packages(colcon_meta) check parameters
[0.858s] Level 1:colcon.colcon_core.package_discovery:discover_packages(recursive) check parameters
[0.858s] Level 1:colcon.colcon_core.package_discovery:discover_packages(ignore) check parameters
[0.858s] Level 1:colcon.colcon_core.package_discovery:discover_packages(path) check parameters
[0.858s] Level 1:colcon.colcon_core.package_discovery:discover_packages(colcon_meta) discover
[0.858s] Level 1:colcon.colcon_core.package_discovery:discover_packages(recursive) discover
[0.858s] INFO:colcon.colcon_core.package_discovery:Crawling recursively for packages in '/home/jetson/ros2/src'
[0.858s] Level 1:colcon.colcon_core.package_identification:_identify(.) by extensions ['ignore', 'ignore_ament_install']
[0.859s] Level 1:colcon.colcon_core.package_identification:_identify(.) by extension 'ignore'
[0.859s] Level 1:colcon.colcon_core.package_identification:_identify(.) by extension 'ignore_ament_install'
[0.859s] Level 1:colcon.colcon_core.package_identification:_identify(.) by extensions ['colcon_pkg']
[0.859s] Level 1:colcon.colcon_core.package_identification:_identify(.) by extension 'colcon_pkg'
[0.859s] Level 1:colcon.colcon_core.package_identification:_identify(.) by extensions ['colcon_meta']
[0.859s] Level 1:colcon.colcon_core.package_identification:_identify(.) by extension 'colcon_meta'
[0.859s] Level 1:colcon.colcon_core.package_identification:_identify(.) by extensions ['ros']
[0.859s] Level 1:colcon.colcon_core.package_identification:_identify(.) by extension 'ros'
[0.882s] Level 1:colcon.colcon_core.package_identification:_identify(.) by extensions ['cmake', 'python']
[0.882s] Level 1:colcon.colcon_core.package_identification:_identify(.) by extension 'cmake'
[0.882s] Level 1:colcon.colcon_core.package_identification:_identify(.) by extension 'python'
[0.882s] Level 1:colcon.colcon_core.package_identification:_identify(.) by extensions ['python_setup_py']
[0.883s] Level 1:colcon.colcon_core.package_identification:_identify(.) by extension 'python_setup_py'
[0.883s] Level 1:colcon.colcon_core.package_identification:_identify(build) by extensions ['ignore', 'ignore_ament_install']
[0.883s] Level 1:colcon.colcon_core.package_identification:_identify(build) by extension 'ignore'
[0.883s] Level 1:colcon.colcon_core.package_identification:_identify(build) ignored
[0.883s] Level 1:colcon.colcon_core.package_identification:_identify(install) by extensions ['ignore', 'ignore_ament_install']
[0.884s] Level 1:colcon.colcon_core.package_identification:_identify(install) by extension 'ignore'
[0.884s] Level 1:colcon.colcon_core.package_identification:_identify(install) ignored
[0.884s] Level 1:colcon.colcon_core.package_identification:_identify(log) by extensions ['ignore', 'ignore_ament_install']
[0.884s] Level 1:colcon.colcon_core.package_identification:_identify(log) by extension 'ignore'
[0.884s] Level 1:colcon.colcon_core.package_identification:_identify(log) ignored
[0.885s] Level 1:colcon.colcon_core.package_identification:_identify(yahboomcar_bringup) by extensions ['ignore', 'ignore_ament_install']
[0.885s] Level 1:colcon.colcon_core.package_identification:_identify(yahboomcar_bringup) by extension 'ignore'
[0.885s] Level 1:colcon.colcon_core.package_identification:_identify(yahboomcar_bringup) by extension 'ignore_ament_install'
[0.885s] Level 1:colcon.colcon_core.package_identification:_identify(yahboomcar_bringup) by extensions ['colcon_pkg']
[0.885s] Level 1:colcon.colcon_core.package_identification:_identify(yahboomcar_bringup) by extension 'colcon_pkg'
[0.885s] Level 1:colcon.colcon_core.package_identification:_identify(yahboomcar_bringup) by extensions ['colcon_meta']
[0.885s] Level 1:colcon.colcon_core.package_identification:_identify(yahboomcar_bringup) by extension 'colcon_meta'
[0.885s] Level 1:colcon.colcon_core.package_identification:_identify(yahboomcar_bringup) by extensions ['ros']
[0.885s] Level 1:colcon.colcon_core.package_identification:_identify(yahboomcar_bringup) by extension 'ros'
[0.890s] DEBUG:colcon.colcon_core.package_identification:Package 'yahboomcar_bringup' with type 'ros.ament_python' and name 'yahboomcar_bringup'
[0.891s] Level 1:colcon.colcon_core.package_identification:_identify(yahboomcar_description) by extensions ['ignore', 'ignore_ament_install']
[0.891s] Level 1:colcon.colcon_core.package_identification:_identify(yahboomcar_description) by extension 'ignore'
[0.891s] Level 1:colcon.colcon_core.package_identification:_identify(yahboomcar_description) by extension 'ignore_ament_install'
[0.891s] Level 1:colcon.colcon_core.package_identification:_identify(yahboomcar_description) by extensions ['colcon_pkg']
[0.891s] Level 1:colcon.colcon_core.package_identification:_identify(yahboomcar_description) by extension 'colcon_pkg'
[0.891s] Level 1:colcon.colcon_core.package_identification:_identify(yahboomcar_description) by extensions ['colcon_meta']
[0.891s] Level 1:colcon.colcon_core.package_identification:_identify(yahboomcar_description) by extension 'colcon_meta'
[0.892s] Level 1:colcon.colcon_core.package_identification:_identify(yahboomcar_description) by extensions ['ros']
[0.892s] Level 1:colcon.colcon_core.package_identification:_identify(yahboomcar_description) by extension 'ros'
[0.893s] DEBUG:colcon.colcon_core.package_identification:Package 'yahboomcar_description' with type 'ros.ament_python' and name 'yahboomcar_description'
[0.893s] Level 1:colcon.colcon_core.package_identification:_identify(yahboomcar_linefollow) by extensions ['ignore', 'ignore_ament_install']
[0.893s] Level 1:colcon.colcon_core.package_identification:_identify(yahboomcar_linefollow) by extension 'ignore'
[0.893s] Level 1:colcon.colcon_core.package_identification:_identify(yahboomcar_linefollow) by extension 'ignore_ament_install'
[0.893s] Level 1:colcon.colcon_core.package_identification:_identify(yahboomcar_linefollow) by extensions ['colcon_pkg']
[0.893s] Level 1:colcon.colcon_core.package_identification:_identify(yahboomcar_linefollow) by extension 'colcon_pkg'
[0.893s] Level 1:colcon.colcon_core.package_identification:_identify(yahboomcar_linefollow) by extensions ['colcon_meta']
[0.894s] Level 1:colcon.colcon_core.package_identification:_identify(yahboomcar_linefollow) by extension 'colcon_meta'
[0.894s] Level 1:colcon.colcon_core.package_identification:_identify(yahboomcar_linefollow) by extensions ['ros']
[0.894s] Level 1:colcon.colcon_core.package_identification:_identify(yahboomcar_linefollow) by extension 'ros'
[0.895s] DEBUG:colcon.colcon_core.package_identification:Package 'yahboomcar_linefollow' with type 'ros.ament_python' and name 'yahboomcar_linefollow'
[0.895s] Level 1:colcon.colcon_core.package_discovery:discover_packages(recursive) using defaults
[0.895s] Level 1:colcon.colcon_core.package_discovery:discover_packages(ignore) discover
[0.895s] Level 1:colcon.colcon_core.package_discovery:discover_packages(ignore) using defaults
[0.895s] Level 1:colcon.colcon_core.package_discovery:discover_packages(path) discover
[0.895s] Level 1:colcon.colcon_core.package_discovery:discover_packages(path) using defaults
[0.957s] Level 1:colcon.colcon_core.package_discovery:discover_packages(prefix_path) check parameters
[0.957s] Level 1:colcon.colcon_core.package_discovery:discover_packages(prefix_path) discover
[0.962s] DEBUG:colcon.colcon_installed_package_information.package_discovery:Found 264 installed packages in /opt/ros/foxy
[0.965s] Level 1:colcon.colcon_core.package_discovery:discover_packages(prefix_path) using defaults
[1.086s] Level 5:colcon.colcon_core.verb:set package 'yahboomcar_bringup' build argument 'cmake_args' from command line to 'None'
[1.087s] Level 5:colcon.colcon_core.verb:set package 'yahboomcar_bringup' build argument 'cmake_target' from command line to 'None'
[1.087s] Level 5:colcon.colcon_core.verb:set package 'yahboomcar_bringup' build argument 'cmake_target_skip_unavailable' from command line to 'False'
[1.087s] Level 5:colcon.colcon_core.verb:set package 'yahboomcar_bringup' build argument 'cmake_clean_cache' from command line to 'False'
[1.087s] Level 5:colcon.colcon_core.verb:set package 'yahboomcar_bringup' build argument 'cmake_clean_first' from command line to 'False'
[1.087s] Level 5:colcon.colcon_core.verb:set package 'yahboomcar_bringup' build argument 'cmake_force_configure' from command line to 'False'
[1.087s] Level 5:colcon.colcon_core.verb:set package 'yahboomcar_bringup' build argument 'ament_cmake_args' from command line to 'None'
[1.087s] Level 5:colcon.colcon_core.verb:set package 'yahboomcar_bringup' build argument 'catkin_cmake_args' from command line to 'None'
[1.087s] Level 5:colcon.colcon_core.verb:set package 'yahboomcar_bringup' build argument 'catkin_skip_building_tests' from command line to 'False'
[1.087s] DEBUG:colcon.colcon_core.verb:Building package 'yahboomcar_bringup' with the following arguments: {'ament_cmake_args': None, 'build_base': '/home/jetson/ros2/src/build/yahboomcar_bringup', 'catkin_cmake_args': None, 'catkin_skip_building_tests': False, 'cmake_args': None, 'cmake_clean_cache': False, 'cmake_clean_first': False, 'cmake_force_configure': False, 'cmake_target': None, 'cmake_target_skip_unavailable': False, 'install_base': '/home/jetson/ros2/src/install/yahboomcar_bringup', 'merge_install': False, 'path': '/home/jetson/ros2/src/yahboomcar_bringup', 'symlink_install': False, 'test_result_base': None}
[1.088s] Level 5:colcon.colcon_core.verb:set package 'yahboomcar_description' build argument 'cmake_args' from command line to 'None'
[1.088s] Level 5:colcon.colcon_core.verb:set package 'yahboomcar_description' build argument 'cmake_target' from command line to 'None'
[1.088s] Level 5:colcon.colcon_core.verb:set package 'yahboomcar_description' build argument 'cmake_target_skip_unavailable' from command line to 'False'
[1.088s] Level 5:colcon.colcon_core.verb:set package 'yahboomcar_description' build argument 'cmake_clean_cache' from command line to 'False'
[1.088s] Level 5:colcon.colcon_core.verb:set package 'yahboomcar_description' build argument 'cmake_clean_first' from command line to 'False'
[1.088s] Level 5:colcon.colcon_core.verb:set package 'yahboomcar_description' build argument 'cmake_force_configure' from command line to 'False'
[1.088s] Level 5:colcon.colcon_core.verb:set package 'yahboomcar_description' build argument 'ament_cmake_args' from command line to 'None'
[1.088s] Level 5:colcon.colcon_core.verb:set package 'yahboomcar_description' build argument 'catkin_cmake_args' from command line to 'None'
[1.088s] Level 5:colcon.colcon_core.verb:set package 'yahboomcar_description' build argument 'catkin_skip_building_tests' from command line to 'False'
[1.089s] DEBUG:colcon.colcon_core.verb:Building package 'yahboomcar_description' with the following arguments: {'ament_cmake_args': None, 'build_base': '/home/jetson/ros2/src/build/yahboomcar_description', 'catkin_cmake_args': None, 'catkin_skip_building_tests': False, 'cmake_args': None, 'cmake_clean_cache': False, 'cmake_clean_first': False, 'cmake_force_configure': False, 'cmake_target': None, 'cmake_target_skip_unavailable': False, 'install_base': '/home/jetson/ros2/src/install/yahboomcar_description', 'merge_install': False, 'path': '/home/jetson/ros2/src/yahboomcar_description', 'symlink_install': False, 'test_result_base': None}
[1.089s] Level 5:colcon.colcon_core.verb:set package 'yahboomcar_linefollow' build argument 'cmake_args' from command line to 'None'
[1.089s] Level 5:colcon.colcon_core.verb:set package 'yahboomcar_linefollow' build argument 'cmake_target' from command line to 'None'
[1.089s] Level 5:colcon.colcon_core.verb:set package 'yahboomcar_linefollow' build argument 'cmake_target_skip_unavailable' from command line to 'False'
[1.089s] Level 5:colcon.colcon_core.verb:set package 'yahboomcar_linefollow' build argument 'cmake_clean_cache' from command line to 'False'
[1.090s] Level 5:colcon.colcon_core.verb:set package 'yahboomcar_linefollow' build argument 'cmake_clean_first' from command line to 'False'
[1.090s] Level 5:colcon.colcon_core.verb:set package 'yahboomcar_linefollow' build argument 'cmake_force_configure' from command line to 'False'
[1.090s] Level 5:colcon.colcon_core.verb:set package 'yahboomcar_linefollow' build argument 'ament_cmake_args' from command line to 'None'
[1.090s] Level 5:colcon.colcon_core.verb:set package 'yahboomcar_linefollow' build argument 'catkin_cmake_args' from command line to 'None'
[1.090s] Level 5:colcon.colcon_core.verb:set package 'yahboomcar_linefollow' build argument 'catkin_skip_building_tests' from command line to 'False'
[1.090s] DEBUG:colcon.colcon_core.verb:Building package 'yahboomcar_linefollow' with the following arguments: {'ament_cmake_args': None, 'build_base': '/home/jetson/ros2/src/build/yahboomcar_linefollow', 'catkin_cmake_args': None, 'catkin_skip_building_tests': False, 'cmake_args': None, 'cmake_clean_cache': False, 'cmake_clean_first': False, 'cmake_force_configure': False, 'cmake_target': None, 'cmake_target_skip_unavailable': False, 'install_base': '/home/jetson/ros2/src/install/yahboomcar_linefollow', 'merge_install': False, 'path': '/home/jetson/ros2/src/yahboomcar_linefollow', 'symlink_install': False, 'test_result_base': None}
[1.090s] INFO:colcon.colcon_core.executor:Executing jobs using 'parallel' executor
[1.092s] DEBUG:colcon.colcon_parallel_executor.executor.parallel:run_until_complete
[1.093s] INFO:colcon.colcon_ros.task.ament_python.build:Building ROS package in '/home/jetson/ros2/src/yahboomcar_bringup' with build type 'ament_python'
[1.093s] Level 1:colcon.colcon_core.shell:create_environment_hook('yahboomcar_bringup', 'ament_prefix_path')
[1.098s] INFO:colcon.colcon_core.plugin_system:Skipping extension 'colcon_core.shell.bat': Not used on non-Windows systems
[1.098s] INFO:colcon.colcon_core.shell:Creating environment hook '/home/jetson/ros2/src/install/yahboomcar_bringup/share/yahboomcar_bringup/hook/ament_prefix_path.ps1'
[1.099s] INFO:colcon.colcon_core.shell:Creating environment descriptor '/home/jetson/ros2/src/install/yahboomcar_bringup/share/yahboomcar_bringup/hook/ament_prefix_path.dsv'
[1.100s] INFO:colcon.colcon_core.shell:Creating environment hook '/home/jetson/ros2/src/install/yahboomcar_bringup/share/yahboomcar_bringup/hook/ament_prefix_path.sh'
[1.102s] INFO:colcon.colcon_core.shell:Skip shell extension 'powershell' for command environment: Not usable outside of PowerShell
[1.102s] DEBUG:colcon.colcon_core.shell:Skip shell extension 'dsv' for command environment
[1.112s] INFO:colcon.colcon_ros.task.ament_python.build:Building ROS package in '/home/jetson/ros2/src/yahboomcar_description' with build type 'ament_python'
[1.113s] Level 1:colcon.colcon_core.shell:create_environment_hook('yahboomcar_description', 'ament_prefix_path')
[1.114s] INFO:colcon.colcon_core.shell:Creating environment hook '/home/jetson/ros2/src/install/yahboomcar_description/share/yahboomcar_description/hook/ament_prefix_path.ps1'
[1.116s] INFO:colcon.colcon_core.shell:Creating environment descriptor '/home/jetson/ros2/src/install/yahboomcar_description/share/yahboomcar_description/hook/ament_prefix_path.dsv'
[1.116s] INFO:colcon.colcon_core.shell:Creating environment hook '/home/jetson/ros2/src/install/yahboomcar_description/share/yahboomcar_description/hook/ament_prefix_path.sh'
[1.117s] INFO:colcon.colcon_core.shell:Skip shell extension 'powershell' for command environment: Not usable outside of PowerShell
[1.117s] DEBUG:colcon.colcon_core.shell:Skip shell extension 'dsv' for command environment
[1.127s] INFO:colcon.colcon_ros.task.ament_python.build:Building ROS package in '/home/jetson/ros2/src/yahboomcar_linefollow' with build type 'ament_python'
[1.128s] Level 1:colcon.colcon_core.shell:create_environment_hook('yahboomcar_linefollow', 'ament_prefix_path')
[1.129s] INFO:colcon.colcon_core.shell:Creating environment hook '/home/jetson/ros2/src/install/yahboomcar_linefollow/share/yahboomcar_linefollow/hook/ament_prefix_path.ps1'
[1.130s] INFO:colcon.colcon_core.shell:Creating environment descriptor '/home/jetson/ros2/src/install/yahboomcar_linefollow/share/yahboomcar_linefollow/hook/ament_prefix_path.dsv'
[1.131s] INFO:colcon.colcon_core.shell:Creating environment hook '/home/jetson/ros2/src/install/yahboomcar_linefollow/share/yahboomcar_linefollow/hook/ament_prefix_path.sh'
[1.132s] INFO:colcon.colcon_core.shell:Skip shell extension 'powershell' for command environment: Not usable outside of PowerShell
[1.132s] DEBUG:colcon.colcon_core.shell:Skip shell extension 'dsv' for command environment
[1.681s] INFO:colcon.colcon_core.task.python.build:Building Python package in '/home/jetson/ros2/src/yahboomcar_bringup'
[1.682s] INFO:colcon.colcon_core.shell:Skip shell extension 'powershell' for command environment: Not usable outside of PowerShell
[1.682s] DEBUG:colcon.colcon_core.shell:Skip shell extension 'dsv' for command environment
[2.222s] INFO:colcon.colcon_core.task.python.build:Building Python package in '/home/jetson/ros2/src/yahboomcar_description'
[2.224s] INFO:colcon.colcon_core.shell:Skip shell extension 'powershell' for command environment: Not usable outside of PowerShell
[2.224s] DEBUG:colcon.colcon_core.shell:Skip shell extension 'dsv' for command environment
[2.774s] INFO:colcon.colcon_core.task.python.build:Building Python package in '/home/jetson/ros2/src/yahboomcar_linefollow'
[2.775s] INFO:colcon.colcon_core.shell:Skip shell extension 'powershell' for command environment: Not usable outside of PowerShell
[2.776s] DEBUG:colcon.colcon_core.shell:Skip shell extension 'dsv' for command environment
[3.757s] DEBUG:colcon.colcon_core.event_handler.log_command:Invoking command in '/home/jetson/ros2/src/yahboomcar_bringup': PYTHONPATH=/home/jetson/ros2/src/build/yahboomcar_bringup/prefix_override:/home/jetson/ros2/src/install/yahboomcar_bringup/lib/python3.8/site-packages:${PYTHONPATH} /usr/bin/python3 -W ignore:setup.py install is deprecated setup.py egg_info --egg-base ../build/yahboomcar_bringup build --build-base /home/jetson/ros2/src/build/yahboomcar_bringup/build install --record /home/jetson/ros2/src/build/yahboomcar_bringup/install.log --install-scripts $base/lib/yahboomcar_bringup --single-version-externally-managed install_data
[3.805s] DEBUG:colcon.colcon_core.event_handler.log_command:Invoking command in '/home/jetson/ros2/src/yahboomcar_description': PYTHONPATH=/home/jetson/ros2/src/build/yahboomcar_description/prefix_override:/home/jetson/ros2/src/install/yahboomcar_description/lib/python3.8/site-packages:${PYTHONPATH} /usr/bin/python3 -W ignore:setup.py install is deprecated setup.py egg_info --egg-base ../build/yahboomcar_description build --build-base /home/jetson/ros2/src/build/yahboomcar_description/build install --record /home/jetson/ros2/src/build/yahboomcar_description/install.log --install-scripts $base/lib/yahboomcar_description --single-version-externally-managed install_data
[3.815s] DEBUG:colcon.colcon_core.event_handler.log_command:Invoking command in '/home/jetson/ros2/src/yahboomcar_linefollow': PYTHONPATH=/home/jetson/ros2/src/build/yahboomcar_linefollow/prefix_override:/home/jetson/ros2/src/install/yahboomcar_linefollow/lib/python3.8/site-packages:${PYTHONPATH} /usr/bin/python3 -W ignore:setup.py install is deprecated setup.py egg_info --egg-base ../build/yahboomcar_linefollow build --build-base /home/jetson/ros2/src/build/yahboomcar_linefollow/build install --record /home/jetson/ros2/src/build/yahboomcar_linefollow/install.log --install-scripts $base/lib/yahboomcar_linefollow --single-version-externally-managed install_data
[4.476s] Level 1:colcon.colcon_core.environment:checking '/home/jetson/ros2/src/install/yahboomcar_bringup' for CMake module files
[4.477s] Level 1:colcon.colcon_core.environment:checking '/home/jetson/ros2/src/install/yahboomcar_bringup' for CMake config files
[4.479s] Level 1:colcon.colcon_core.environment:checking '/home/jetson/ros2/src/install/yahboomcar_bringup/lib'
[4.480s] Level 1:colcon.colcon_core.environment:checking '/home/jetson/ros2/src/install/yahboomcar_bringup/bin'
[4.480s] Level 1:colcon.colcon_core.environment:checking '/home/jetson/ros2/src/install/yahboomcar_bringup/lib/pkgconfig/yahboomcar_bringup.pc'
[4.480s] Level 1:colcon.colcon_core.environment:checking '/home/jetson/ros2/src/install/yahboomcar_bringup/lib/python3.8/site-packages'
[4.480s] Level 1:colcon.colcon_core.shell:create_environment_hook('yahboomcar_bringup', 'pythonpath')
[4.481s] INFO:colcon.colcon_core.shell:Creating environment hook '/home/jetson/ros2/src/install/yahboomcar_bringup/share/yahboomcar_bringup/hook/pythonpath.ps1'
[4.482s] DEBUG:colcon.colcon_core.event_handler.log_command:Invoked command in '/home/jetson/ros2/src/yahboomcar_bringup' returned '0': PYTHONPATH=/home/jetson/ros2/src/build/yahboomcar_bringup/prefix_override:/home/jetson/ros2/src/install/yahboomcar_bringup/lib/python3.8/site-packages:${PYTHONPATH} /usr/bin/python3 -W ignore:setup.py install is deprecated setup.py egg_info --egg-base ../build/yahboomcar_bringup build --build-base /home/jetson/ros2/src/build/yahboomcar_bringup/build install --record /home/jetson/ros2/src/build/yahboomcar_bringup/install.log --install-scripts $base/lib/yahboomcar_bringup --single-version-externally-managed install_data
[4.484s] INFO:colcon.colcon_core.shell:Creating environment descriptor '/home/jetson/ros2/src/install/yahboomcar_bringup/share/yahboomcar_bringup/hook/pythonpath.dsv'
[4.485s] INFO:colcon.colcon_core.shell:Creating environment hook '/home/jetson/ros2/src/install/yahboomcar_bringup/share/yahboomcar_bringup/hook/pythonpath.sh'
[4.486s] Level 1:colcon.colcon_core.environment:checking '/home/jetson/ros2/src/install/yahboomcar_bringup/bin'
[4.486s] Level 1:colcon.colcon_core.environment:create_environment_scripts_only(yahboomcar_bringup)
[4.487s] INFO:colcon.colcon_core.shell:Creating package script '/home/jetson/ros2/src/install/yahboomcar_bringup/share/yahboomcar_bringup/package.ps1'
[4.490s] INFO:colcon.colcon_core.shell:Creating package descriptor '/home/jetson/ros2/src/install/yahboomcar_bringup/share/yahboomcar_bringup/package.dsv'
[4.491s] INFO:colcon.colcon_core.shell:Creating package script '/home/jetson/ros2/src/install/yahboomcar_bringup/share/yahboomcar_bringup/package.sh'
[4.492s] INFO:colcon.colcon_core.shell:Creating package script '/home/jetson/ros2/src/install/yahboomcar_bringup/share/yahboomcar_bringup/package.bash'
[4.494s] INFO:colcon.colcon_core.shell:Creating package script '/home/jetson/ros2/src/install/yahboomcar_bringup/share/yahboomcar_bringup/package.zsh'
[4.496s] Level 1:colcon.colcon_core.environment:create_file_with_runtime_dependencies(/home/jetson/ros2/src/install/yahboomcar_bringup/share/colcon-core/packages/yahboomcar_bringup)
[4.499s] Level 1:colcon.colcon_core.environment:checking '/home/jetson/ros2/src/install/yahboomcar_linefollow' for CMake module files
[4.501s] DEBUG:colcon.colcon_core.event_handler.log_command:Invoked command in '/home/jetson/ros2/src/yahboomcar_linefollow' returned '0': PYTHONPATH=/home/jetson/ros2/src/build/yahboomcar_linefollow/prefix_override:/home/jetson/ros2/src/install/yahboomcar_linefollow/lib/python3.8/site-packages:${PYTHONPATH} /usr/bin/python3 -W ignore:setup.py install is deprecated setup.py egg_info --egg-base ../build/yahboomcar_linefollow build --build-base /home/jetson/ros2/src/build/yahboomcar_linefollow/build install --record /home/jetson/ros2/src/build/yahboomcar_linefollow/install.log --install-scripts $base/lib/yahboomcar_linefollow --single-version-externally-managed install_data
[4.501s] Level 1:colcon.colcon_core.environment:checking '/home/jetson/ros2/src/install/yahboomcar_linefollow' for CMake config files
[4.503s] Level 1:colcon.colcon_core.environment:checking '/home/jetson/ros2/src/install/yahboomcar_linefollow/lib'
[4.503s] Level 1:colcon.colcon_core.environment:checking '/home/jetson/ros2/src/install/yahboomcar_linefollow/bin'
[4.503s] Level 1:colcon.colcon_core.environment:checking '/home/jetson/ros2/src/install/yahboomcar_linefollow/lib/pkgconfig/yahboomcar_linefollow.pc'
[4.504s] Level 1:colcon.colcon_core.environment:checking '/home/jetson/ros2/src/install/yahboomcar_linefollow/lib/python3.8/site-packages'
[4.504s] Level 1:colcon.colcon_core.shell:create_environment_hook('yahboomcar_linefollow', 'pythonpath')
[4.504s] INFO:colcon.colcon_core.shell:Creating environment hook '/home/jetson/ros2/src/install/yahboomcar_linefollow/share/yahboomcar_linefollow/hook/pythonpath.ps1'
[4.505s] INFO:colcon.colcon_core.shell:Creating environment descriptor '/home/jetson/ros2/src/install/yahboomcar_linefollow/share/yahboomcar_linefollow/hook/pythonpath.dsv'
[4.506s] INFO:colcon.colcon_core.shell:Creating environment hook '/home/jetson/ros2/src/install/yahboomcar_linefollow/share/yahboomcar_linefollow/hook/pythonpath.sh'
[4.508s] Level 1:colcon.colcon_core.environment:checking '/home/jetson/ros2/src/install/yahboomcar_linefollow/bin'
[4.508s] Level 1:colcon.colcon_core.environment:create_environment_scripts_only(yahboomcar_linefollow)
[4.509s] INFO:colcon.colcon_core.shell:Creating package script '/home/jetson/ros2/src/install/yahboomcar_linefollow/share/yahboomcar_linefollow/package.ps1'
[4.510s] INFO:colcon.colcon_core.shell:Creating package descriptor '/home/jetson/ros2/src/install/yahboomcar_linefollow/share/yahboomcar_linefollow/package.dsv'
[4.511s] INFO:colcon.colcon_core.shell:Creating package script '/home/jetson/ros2/src/install/yahboomcar_linefollow/share/yahboomcar_linefollow/package.sh'
[4.512s] INFO:colcon.colcon_core.shell:Creating package script '/home/jetson/ros2/src/install/yahboomcar_linefollow/share/yahboomcar_linefollow/package.bash'
[4.513s] INFO:colcon.colcon_core.shell:Creating package script '/home/jetson/ros2/src/install/yahboomcar_linefollow/share/yahboomcar_linefollow/package.zsh'
[4.514s] Level 1:colcon.colcon_core.environment:create_file_with_runtime_dependencies(/home/jetson/ros2/src/install/yahboomcar_linefollow/share/colcon-core/packages/yahboomcar_linefollow)
[4.565s] Level 1:colcon.colcon_core.environment:checking '/home/jetson/ros2/src/install/yahboomcar_description' for CMake module files
[4.567s] DEBUG:colcon.colcon_core.event_handler.log_command:Invoked command in '/home/jetson/ros2/src/yahboomcar_description' returned '0': PYTHONPATH=/home/jetson/ros2/src/build/yahboomcar_description/prefix_override:/home/jetson/ros2/src/install/yahboomcar_description/lib/python3.8/site-packages:${PYTHONPATH} /usr/bin/python3 -W ignore:setup.py install is deprecated setup.py egg_info --egg-base ../build/yahboomcar_description build --build-base /home/jetson/ros2/src/build/yahboomcar_description/build install --record /home/jetson/ros2/src/build/yahboomcar_description/install.log --install-scripts $base/lib/yahboomcar_description --single-version-externally-managed install_data
[4.567s] Level 1:colcon.colcon_core.environment:checking '/home/jetson/ros2/src/install/yahboomcar_description' for CMake config files
[4.570s] Level 1:colcon.colcon_core.environment:checking '/home/jetson/ros2/src/install/yahboomcar_description/lib'
[4.570s] Level 1:colcon.colcon_core.environment:checking '/home/jetson/ros2/src/install/yahboomcar_description/bin'
[4.570s] Level 1:colcon.colcon_core.environment:checking '/home/jetson/ros2/src/install/yahboomcar_description/lib/pkgconfig/yahboomcar_description.pc'
[4.571s] Level 1:colcon.colcon_core.environment:checking '/home/jetson/ros2/src/install/yahboomcar_description/lib/python3.8/site-packages'
[4.571s] Level 1:colcon.colcon_core.shell:create_environment_hook('yahboomcar_description', 'pythonpath')
[4.572s] INFO:colcon.colcon_core.shell:Creating environment hook '/home/jetson/ros2/src/install/yahboomcar_description/share/yahboomcar_description/hook/pythonpath.ps1'
[4.573s] INFO:colcon.colcon_core.shell:Creating environment descriptor '/home/jetson/ros2/src/install/yahboomcar_description/share/yahboomcar_description/hook/pythonpath.dsv'
[4.574s] INFO:colcon.colcon_core.shell:Creating environment hook '/home/jetson/ros2/src/install/yahboomcar_description/share/yahboomcar_description/hook/pythonpath.sh'
[4.575s] Level 1:colcon.colcon_core.environment:checking '/home/jetson/ros2/src/install/yahboomcar_description/bin'
[4.575s] Level 1:colcon.colcon_core.environment:create_environment_scripts_only(yahboomcar_description)
[4.576s] INFO:colcon.colcon_core.shell:Creating package script '/home/jetson/ros2/src/install/yahboomcar_description/share/yahboomcar_description/package.ps1'
[4.577s] INFO:colcon.colcon_core.shell:Creating package descriptor '/home/jetson/ros2/src/install/yahboomcar_description/share/yahboomcar_description/package.dsv'
[4.578s] INFO:colcon.colcon_core.shell:Creating package script '/home/jetson/ros2/src/install/yahboomcar_description/share/yahboomcar_description/package.sh'
[4.579s] INFO:colcon.colcon_core.shell:Creating package script '/home/jetson/ros2/src/install/yahboomcar_description/share/yahboomcar_description/package.bash'
[4.580s] INFO:colcon.colcon_core.shell:Creating package script '/home/jetson/ros2/src/install/yahboomcar_description/share/yahboomcar_description/package.zsh'
[4.581s] Level 1:colcon.colcon_core.environment:create_file_with_runtime_dependencies(/home/jetson/ros2/src/install/yahboomcar_description/share/colcon-core/packages/yahboomcar_description)
[4.582s] DEBUG:colcon.colcon_parallel_executor.executor.parallel:closing loop
[4.582s] DEBUG:colcon.colcon_parallel_executor.executor.parallel:loop closed
[4.583s] DEBUG:colcon.colcon_parallel_executor.executor.parallel:run_until_complete finished with '0'
[4.583s] DEBUG:colcon.colcon_core.event_reactor:joining thread
[4.603s] INFO:colcon.colcon_core.plugin_system:Skipping extension 'colcon_notification.desktop_notification.terminal_notifier': Not used on non-Darwin systems
[4.603s] INFO:colcon.colcon_core.plugin_system:Skipping extension 'colcon_notification.desktop_notification.win32': Not used on non-Windows systems
[4.604s] INFO:colcon.colcon_notification.desktop_notification:Sending desktop notification using 'notify2'
[4.633s] DEBUG:colcon.colcon_core.event_reactor:joined thread
[4.634s] INFO:colcon.colcon_core.shell:Creating prefix script '/home/jetson/ros2/src/install/local_setup.ps1'
[4.637s] INFO:colcon.colcon_core.shell:Creating prefix util module '/home/jetson/ros2/src/install/_local_setup_util_ps1.py'
[4.640s] INFO:colcon.colcon_core.shell:Creating prefix chain script '/home/jetson/ros2/src/install/setup.ps1'
[4.643s] INFO:colcon.colcon_core.shell:Creating prefix script '/home/jetson/ros2/src/install/local_setup.sh'
[4.644s] INFO:colcon.colcon_core.shell:Creating prefix util module '/home/jetson/ros2/src/install/_local_setup_util_sh.py'
[4.645s] INFO:colcon.colcon_core.shell:Creating prefix chain script '/home/jetson/ros2/src/install/setup.sh'
[4.647s] INFO:colcon.colcon_core.shell:Creating prefix script '/home/jetson/ros2/src/install/local_setup.bash'
[4.649s] INFO:colcon.colcon_core.shell:Creating prefix chain script '/home/jetson/ros2/src/install/setup.bash'
[4.651s] INFO:colcon.colcon_core.shell:Creating prefix script '/home/jetson/ros2/src/install/local_setup.zsh'
[4.652s] INFO:colcon.colcon_core.shell:Creating prefix chain script '/home/jetson/ros2/src/install/setup.zsh'
