running egg_info
writing ../build/yahboomcar_linefollow/yahboomcar_linefollow.egg-info/PKG-INFO
writing dependency_links to ../build/yahboomcar_linefollow/yahboomcar_linefollow.egg-info/dependency_links.txt
writing entry points to ../build/yahboomcar_linefollow/yahboomcar_linefollow.egg-info/entry_points.txt
writing requirements to ../build/yahboomcar_linefollow/yahboomcar_linefollow.egg-info/requires.txt
writing top-level names to ../build/yahboomcar_linefollow/yahboomcar_linefollow.egg-info/top_level.txt
reading manifest file '../build/yahboomcar_linefollow/yahboomcar_linefollow.egg-info/SOURCES.txt'
writing manifest file '../build/yahboomcar_linefollow/yahboomcar_linefollow.egg-info/SOURCES.txt'
running build
running build_py
running install
running install_lib
running install_data
running install_egg_info
removing '/home/jetson/ros2/src/install/yahboomcar_linefollow/lib/python3.8/site-packages/yahboomcar_linefollow-0.0.0-py3.8.egg-info' (and everything under it)
Copying ../build/yahboomcar_linefollow/yahboomcar_linefollow.egg-info to /home/jetson/ros2/src/install/yahboomcar_linefollow/lib/python3.8/site-packages/yahboomcar_linefollow-0.0.0-py3.8.egg-info
running install_scripts
Installing follow_line_4ROS_R2 script to /home/jetson/ros2/src/install/yahboomcar_linefollow/lib/yahboomcar_linefollow
Installing follow_line_a1_R2 script to /home/jetson/ros2/src/install/yahboomcar_linefollow/lib/yahboomcar_linefollow
Installing follow_line_a1_X3 script to /home/jetson/ros2/src/install/yahboomcar_linefollow/lib/yahboomcar_linefollow
writing list of installed files to '/home/jetson/ros2/src/build/yahboomcar_linefollow/install.log'
