[3.529s] Invoking command in '/home/jetson/ros2/src/yahboomcar_linefollow': PYTHONPATH=/home/jetson/ros2/src/build/yahboomcar_linefollow/prefix_override:/home/jetson/ros2/src/install/yahboomcar_linefollow/lib/python3.8/site-packages:${PYTHONPATH} /usr/bin/python3 -W ignore:setup.py install is deprecated setup.py egg_info --egg-base ../build/yahboomcar_linefollow build --build-base /home/jetson/ros2/src/build/yahboomcar_linefollow/build install --record /home/jetson/ros2/src/build/yahboomcar_linefollow/install.log --install-scripts $base/lib/yahboomcar_linefollow --single-version-externally-managed install_data
[4.050s] running egg_info
[4.052s] writing ../build/yahboomcar_linefollow/yahboomcar_linefollow.egg-info/PKG-INFO
[4.053s] writing dependency_links to ../build/yahboomcar_linefollow/yahboomcar_linefollow.egg-info/dependency_links.txt
[4.053s] writing entry points to ../build/yahboomcar_linefollow/yahboomcar_linefollow.egg-info/entry_points.txt
[4.053s] writing requirements to ../build/yahboomcar_linefollow/yahboomcar_linefollow.egg-info/requires.txt
[4.054s] writing top-level names to ../build/yahboomcar_linefollow/yahboomcar_linefollow.egg-info/top_level.txt
[4.122s] reading manifest file '../build/yahboomcar_linefollow/yahboomcar_linefollow.egg-info/SOURCES.txt'
[4.124s] writing manifest file '../build/yahboomcar_linefollow/yahboomcar_linefollow.egg-info/SOURCES.txt'
[4.124s] running build
[4.125s] running build_py
[4.126s] running install
[4.128s] running install_lib
[4.135s] running install_data
[4.136s] running install_egg_info
[4.144s] removing '/home/jetson/ros2/src/install/yahboomcar_linefollow/lib/python3.8/site-packages/yahboomcar_linefollow-0.0.0-py3.8.egg-info' (and everything under it)
[4.145s] Copying ../build/yahboomcar_linefollow/yahboomcar_linefollow.egg-info to /home/jetson/ros2/src/install/yahboomcar_linefollow/lib/python3.8/site-packages/yahboomcar_linefollow-0.0.0-py3.8.egg-info
[4.149s] running install_scripts
[4.197s] Installing follow_line_4ROS_R2 script to /home/jetson/ros2/src/install/yahboomcar_linefollow/lib/yahboomcar_linefollow
[4.199s] Installing follow_line_a1_R2 script to /home/jetson/ros2/src/install/yahboomcar_linefollow/lib/yahboomcar_linefollow
[4.199s] Installing follow_line_a1_X3 script to /home/jetson/ros2/src/install/yahboomcar_linefollow/lib/yahboomcar_linefollow
[4.199s] writing list of installed files to '/home/jetson/ros2/src/build/yahboomcar_linefollow/install.log'
[4.273s] Invoked command in '/home/jetson/ros2/src/yahboomcar_linefollow' returned '0': PYTHONPATH=/home/jetson/ros2/src/build/yahboomcar_linefollow/prefix_override:/home/jetson/ros2/src/install/yahboomcar_linefollow/lib/python3.8/site-packages:${PYTHONPATH} /usr/bin/python3 -W ignore:setup.py install is deprecated setup.py egg_info --egg-base ../build/yahboomcar_linefollow build --build-base /home/jetson/ros2/src/build/yahboomcar_linefollow/build install --record /home/jetson/ros2/src/build/yahboomcar_linefollow/install.log --install-scripts $base/lib/yahboomcar_linefollow --single-version-externally-managed install_data
