[2.662s] Invoking command in '/home/jetson/ros2/src/yahboomcar_bringup': PYTHONPATH=/home/jetson/ros2/src/build/yahboomcar_bringup/prefix_override:/home/jetson/ros2/src/install/yahboomcar_bringup/lib/python3.8/site-packages:${PYTHONPATH} /usr/bin/python3 -W ignore:setup.py install is deprecated setup.py egg_info --egg-base ../build/yahboomcar_bringup build --build-base /home/jetson/ros2/src/build/yahboomcar_bringup/build install --record /home/jetson/ros2/src/build/yahboomcar_bringup/install.log --install-scripts $base/lib/yahboomcar_bringup --single-version-externally-managed install_data
[3.174s] running egg_info
[3.175s] writing ../build/yahboomcar_bringup/yahboomcar_bringup.egg-info/PKG-INFO
[3.176s] writing dependency_links to ../build/yahboomcar_bringup/yahboomcar_bringup.egg-info/dependency_links.txt
[3.177s] writing entry points to ../build/yahboomcar_bringup/yahboomcar_bringup.egg-info/entry_points.txt
[3.177s] writing requirements to ../build/yahboomcar_bringup/yahboomcar_bringup.egg-info/requires.txt
[3.177s] writing top-level names to ../build/yahboomcar_bringup/yahboomcar_bringup.egg-info/top_level.txt
[3.243s] reading manifest file '../build/yahboomcar_bringup/yahboomcar_bringup.egg-info/SOURCES.txt'
[3.245s] writing manifest file '../build/yahboomcar_bringup/yahboomcar_bringup.egg-info/SOURCES.txt'
[3.246s] running build
[3.246s] running build_py
[3.248s] running install
[3.249s] running install_lib
[3.254s] running install_data
[3.254s] running install_egg_info
[3.259s] removing '/home/jetson/ros2/src/install/yahboomcar_bringup/lib/python3.8/site-packages/yahboomcar_bringup-0.0.0-py3.8.egg-info' (and everything under it)
[3.259s] Copying ../build/yahboomcar_bringup/yahboomcar_bringup.egg-info to /home/jetson/ros2/src/install/yahboomcar_bringup/lib/python3.8/site-packages/yahboomcar_bringup-0.0.0-py3.8.egg-info
[3.262s] running install_scripts
[3.306s] Installing Ackman_driver_R2 script to /home/jetson/ros2/src/install/yahboomcar_bringup/lib/yahboomcar_bringup
[3.306s] Installing Mcnamu_driver_X3 script to /home/jetson/ros2/src/install/yahboomcar_bringup/lib/yahboomcar_bringup
[3.306s] Installing Mcnamu_driver_x1 script to /home/jetson/ros2/src/install/yahboomcar_bringup/lib/yahboomcar_bringup
[3.306s] Installing calibrate_angular_R2 script to /home/jetson/ros2/src/install/yahboomcar_bringup/lib/yahboomcar_bringup
[3.307s] Installing calibrate_angular_X3 script to /home/jetson/ros2/src/install/yahboomcar_bringup/lib/yahboomcar_bringup
[3.307s] Installing calibrate_linear_R2 script to /home/jetson/ros2/src/install/yahboomcar_bringup/lib/yahboomcar_bringup
[3.307s] Installing calibrate_linear_X3 script to /home/jetson/ros2/src/install/yahboomcar_bringup/lib/yahboomcar_bringup
[3.307s] Installing patrol_4ROS script to /home/jetson/ros2/src/install/yahboomcar_bringup/lib/yahboomcar_bringup
[3.308s] Installing patrol_4ROS_R2 script to /home/jetson/ros2/src/install/yahboomcar_bringup/lib/yahboomcar_bringup
[3.308s] Installing patrol_a1_R2 script to /home/jetson/ros2/src/install/yahboomcar_bringup/lib/yahboomcar_bringup
[3.308s] Installing patrol_a1_X3 script to /home/jetson/ros2/src/install/yahboomcar_bringup/lib/yahboomcar_bringup
[3.308s] writing list of installed files to '/home/jetson/ros2/src/build/yahboomcar_bringup/install.log'
[3.388s] Invoked command in '/home/jetson/ros2/src/yahboomcar_bringup' returned '0': PYTHONPATH=/home/jetson/ros2/src/build/yahboomcar_bringup/prefix_override:/home/jetson/ros2/src/install/yahboomcar_bringup/lib/python3.8/site-packages:${PYTHONPATH} /usr/bin/python3 -W ignore:setup.py install is deprecated setup.py egg_info --egg-base ../build/yahboomcar_bringup build --build-base /home/jetson/ros2/src/build/yahboomcar_bringup/build install --record /home/jetson/ros2/src/build/yahboomcar_bringup/install.log --install-scripts $base/lib/yahboomcar_bringup --single-version-externally-managed install_data
