[0.496s] DEBUG:colcon:Command line arguments: ['/usr/bin/colcon', 'build', '--packages-select', 'my_package']
[0.496s] DEBUG:colcon:Parsed command line arguments: Namespace(allow_overriding=[], ament_cmake_args=None, base_paths=['.'], build_base='build', catkin_cmake_args=None, catkin_skip_building_tests=False, cmake_args=None, cmake_clean_cache=False, cmake_clean_first=False, cmake_force_configure=False, cmake_target=None, cmake_target_skip_unavailable=False, continue_on_error=False, event_handlers=None, executor='parallel', ignore_user_meta=False, install_base='install', log_base=None, log_level=None, main=<bound method BuildVerb.main of <colcon_core.verb.build.BuildVerb object at 0xffffbc8ab430>>, merge_install=False, metas=['./colcon.meta'], packages_above=None, packages_above_and_dependencies=None, packages_above_depth=None, packages_end=None, packages_ignore=None, packages_ignore_regex=None, packages_select=['my_package'], packages_select_build_failed=False, packages_select_by_dep=None, packages_select_regex=None, packages_select_test_failures=False, packages_skip=None, packages_skip_build_finished=False, packages_skip_by_dep=None, packages_skip_regex=None, packages_skip_test_passed=False, packages_skip_up_to=None, packages_start=None, packages_up_to=None, packages_up_to_regex=None, parallel_workers=6, paths=None, symlink_install=False, test_result_base=None, verb_extension=<colcon_core.verb.build.BuildVerb object at 0xffffbc8ab430>, verb_name='build', verb_parser=<colcon_defaults.argument_parser.defaults.DefaultArgumentsDecorator object at 0xffffbc8ab910>)
[0.860s] Level 1:colcon.colcon_core.package_discovery:discover_packages(colcon_meta) check parameters
[0.861s] Level 1:colcon.colcon_core.package_discovery:discover_packages(recursive) check parameters
[0.861s] Level 1:colcon.colcon_core.package_discovery:discover_packages(ignore) check parameters
[0.861s] Level 1:colcon.colcon_core.package_discovery:discover_packages(path) check parameters
[0.861s] Level 1:colcon.colcon_core.package_discovery:discover_packages(colcon_meta) discover
[0.861s] Level 1:colcon.colcon_core.package_discovery:discover_packages(recursive) discover
[0.861s] INFO:colcon.colcon_core.package_discovery:Crawling recursively for packages in '/home/jetson/ros2/src'
[0.862s] Level 1:colcon.colcon_core.package_identification:_identify(.) by extensions ['ignore', 'ignore_ament_install']
[0.862s] Level 1:colcon.colcon_core.package_identification:_identify(.) by extension 'ignore'
[0.862s] Level 1:colcon.colcon_core.package_identification:_identify(.) by extension 'ignore_ament_install'
[0.862s] Level 1:colcon.colcon_core.package_identification:_identify(.) by extensions ['colcon_pkg']
[0.862s] Level 1:colcon.colcon_core.package_identification:_identify(.) by extension 'colcon_pkg'
[0.862s] Level 1:colcon.colcon_core.package_identification:_identify(.) by extensions ['colcon_meta']
[0.862s] Level 1:colcon.colcon_core.package_identification:_identify(.) by extension 'colcon_meta'
[0.863s] Level 1:colcon.colcon_core.package_identification:_identify(.) by extensions ['ros']
[0.863s] Level 1:colcon.colcon_core.package_identification:_identify(.) by extension 'ros'
[0.885s] Level 1:colcon.colcon_core.package_identification:_identify(.) by extensions ['cmake', 'python']
[0.886s] Level 1:colcon.colcon_core.package_identification:_identify(.) by extension 'cmake'
[0.886s] Level 1:colcon.colcon_core.package_identification:_identify(.) by extension 'python'
[0.886s] Level 1:colcon.colcon_core.package_identification:_identify(.) by extensions ['python_setup_py']
[0.886s] Level 1:colcon.colcon_core.package_identification:_identify(.) by extension 'python_setup_py'
[0.886s] Level 1:colcon.colcon_core.package_identification:_identify(build) by extensions ['ignore', 'ignore_ament_install']
[0.886s] Level 1:colcon.colcon_core.package_identification:_identify(build) by extension 'ignore'
[0.887s] Level 1:colcon.colcon_core.package_identification:_identify(build) ignored
[0.887s] Level 1:colcon.colcon_core.package_identification:_identify(install) by extensions ['ignore', 'ignore_ament_install']
[0.887s] Level 1:colcon.colcon_core.package_identification:_identify(install) by extension 'ignore'
[0.887s] Level 1:colcon.colcon_core.package_identification:_identify(install) ignored
[0.887s] Level 1:colcon.colcon_core.package_identification:_identify(laserscan_to_point_pulisher) by extensions ['ignore', 'ignore_ament_install']
[0.888s] Level 1:colcon.colcon_core.package_identification:_identify(laserscan_to_point_pulisher) by extension 'ignore'
[0.888s] Level 1:colcon.colcon_core.package_identification:_identify(laserscan_to_point_pulisher) by extension 'ignore_ament_install'
[0.888s] Level 1:colcon.colcon_core.package_identification:_identify(laserscan_to_point_pulisher) by extensions ['colcon_pkg']
[0.888s] Level 1:colcon.colcon_core.package_identification:_identify(laserscan_to_point_pulisher) by extension 'colcon_pkg'
[0.888s] Level 1:colcon.colcon_core.package_identification:_identify(laserscan_to_point_pulisher) by extensions ['colcon_meta']
[0.888s] Level 1:colcon.colcon_core.package_identification:_identify(laserscan_to_point_pulisher) by extension 'colcon_meta'
[0.888s] Level 1:colcon.colcon_core.package_identification:_identify(laserscan_to_point_pulisher) by extensions ['ros']
[0.888s] Level 1:colcon.colcon_core.package_identification:_identify(laserscan_to_point_pulisher) by extension 'ros'
[0.893s] DEBUG:colcon.colcon_core.package_identification:Package 'laserscan_to_point_pulisher' with type 'ros.ament_python' and name 'laserscan_to_point_pulisher'
[0.893s] Level 1:colcon.colcon_core.package_identification:_identify(log) by extensions ['ignore', 'ignore_ament_install']
[0.893s] Level 1:colcon.colcon_core.package_identification:_identify(log) by extension 'ignore'
[0.894s] Level 1:colcon.colcon_core.package_identification:_identify(log) ignored
[0.894s] Level 1:colcon.colcon_core.package_identification:_identify(my_package) by extensions ['ignore', 'ignore_ament_install']
[0.894s] Level 1:colcon.colcon_core.package_identification:_identify(my_package) by extension 'ignore'
[0.894s] Level 1:colcon.colcon_core.package_identification:_identify(my_package) by extension 'ignore_ament_install'
[0.894s] Level 1:colcon.colcon_core.package_identification:_identify(my_package) by extensions ['colcon_pkg']
[0.894s] Level 1:colcon.colcon_core.package_identification:_identify(my_package) by extension 'colcon_pkg'
[0.894s] Level 1:colcon.colcon_core.package_identification:_identify(my_package) by extensions ['colcon_meta']
[0.894s] Level 1:colcon.colcon_core.package_identification:_identify(my_package) by extension 'colcon_meta'
[0.895s] Level 1:colcon.colcon_core.package_identification:_identify(my_package) by extensions ['ros']
[0.895s] Level 1:colcon.colcon_core.package_identification:_identify(my_package) by extension 'ros'
[0.896s] DEBUG:colcon.colcon_core.package_identification:Package 'my_package' with type 'ros.ament_cmake' and name 'my_package'
[0.896s] Level 1:colcon.colcon_core.package_identification:_identify(robot_localization) by extensions ['ignore', 'ignore_ament_install']
[0.896s] Level 1:colcon.colcon_core.package_identification:_identify(robot_localization) by extension 'ignore'
[0.896s] Level 1:colcon.colcon_core.package_identification:_identify(robot_localization) by extension 'ignore_ament_install'
[0.896s] Level 1:colcon.colcon_core.package_identification:_identify(robot_localization) by extensions ['colcon_pkg']
[0.896s] Level 1:colcon.colcon_core.package_identification:_identify(robot_localization) by extension 'colcon_pkg'
[0.897s] Level 1:colcon.colcon_core.package_identification:_identify(robot_localization) by extensions ['colcon_meta']
[0.897s] Level 1:colcon.colcon_core.package_identification:_identify(robot_localization) by extension 'colcon_meta'
[0.897s] Level 1:colcon.colcon_core.package_identification:_identify(robot_localization) by extensions ['ros']
[0.897s] Level 1:colcon.colcon_core.package_identification:_identify(robot_localization) by extension 'ros'
[0.900s] DEBUG:colcon.colcon_core.package_identification:Package 'robot_localization' with type 'ros.ament_cmake' and name 'robot_localization'
[0.901s] Level 1:colcon.colcon_core.package_identification:_identify(yahboomcar_bringup) by extensions ['ignore', 'ignore_ament_install']
[0.901s] Level 1:colcon.colcon_core.package_identification:_identify(yahboomcar_bringup) by extension 'ignore'
[0.901s] Level 1:colcon.colcon_core.package_identification:_identify(yahboomcar_bringup) by extension 'ignore_ament_install'
[0.901s] Level 1:colcon.colcon_core.package_identification:_identify(yahboomcar_bringup) by extensions ['colcon_pkg']
[0.901s] Level 1:colcon.colcon_core.package_identification:_identify(yahboomcar_bringup) by extension 'colcon_pkg'
[0.901s] Level 1:colcon.colcon_core.package_identification:_identify(yahboomcar_bringup) by extensions ['colcon_meta']
[0.902s] Level 1:colcon.colcon_core.package_identification:_identify(yahboomcar_bringup) by extension 'colcon_meta'
[0.902s] Level 1:colcon.colcon_core.package_identification:_identify(yahboomcar_bringup) by extensions ['ros']
[0.902s] Level 1:colcon.colcon_core.package_identification:_identify(yahboomcar_bringup) by extension 'ros'
[0.903s] DEBUG:colcon.colcon_core.package_identification:Package 'yahboomcar_bringup' with type 'ros.ament_python' and name 'yahboomcar_bringup'
[0.903s] Level 1:colcon.colcon_core.package_identification:_identify(yahboomcar_ctrl) by extensions ['ignore', 'ignore_ament_install']
[0.903s] Level 1:colcon.colcon_core.package_identification:_identify(yahboomcar_ctrl) by extension 'ignore'
[0.903s] Level 1:colcon.colcon_core.package_identification:_identify(yahboomcar_ctrl) by extension 'ignore_ament_install'
[0.904s] Level 1:colcon.colcon_core.package_identification:_identify(yahboomcar_ctrl) by extensions ['colcon_pkg']
[0.904s] Level 1:colcon.colcon_core.package_identification:_identify(yahboomcar_ctrl) by extension 'colcon_pkg'
[0.904s] Level 1:colcon.colcon_core.package_identification:_identify(yahboomcar_ctrl) by extensions ['colcon_meta']
[0.904s] Level 1:colcon.colcon_core.package_identification:_identify(yahboomcar_ctrl) by extension 'colcon_meta'
[0.904s] Level 1:colcon.colcon_core.package_identification:_identify(yahboomcar_ctrl) by extensions ['ros']
[0.904s] Level 1:colcon.colcon_core.package_identification:_identify(yahboomcar_ctrl) by extension 'ros'
[0.905s] DEBUG:colcon.colcon_core.package_identification:Package 'yahboomcar_ctrl' with type 'ros.ament_python' and name 'yahboomcar_ctrl'
[0.905s] Level 1:colcon.colcon_core.package_identification:_identify(yahboomcar_description) by extensions ['ignore', 'ignore_ament_install']
[0.905s] Level 1:colcon.colcon_core.package_identification:_identify(yahboomcar_description) by extension 'ignore'
[0.905s] Level 1:colcon.colcon_core.package_identification:_identify(yahboomcar_description) by extension 'ignore_ament_install'
[0.905s] Level 1:colcon.colcon_core.package_identification:_identify(yahboomcar_description) by extensions ['colcon_pkg']
[0.906s] Level 1:colcon.colcon_core.package_identification:_identify(yahboomcar_description) by extension 'colcon_pkg'
[0.906s] Level 1:colcon.colcon_core.package_identification:_identify(yahboomcar_description) by extensions ['colcon_meta']
[0.906s] Level 1:colcon.colcon_core.package_identification:_identify(yahboomcar_description) by extension 'colcon_meta'
[0.906s] Level 1:colcon.colcon_core.package_identification:_identify(yahboomcar_description) by extensions ['ros']
[0.906s] Level 1:colcon.colcon_core.package_identification:_identify(yahboomcar_description) by extension 'ros'
[0.907s] DEBUG:colcon.colcon_core.package_identification:Package 'yahboomcar_description' with type 'ros.ament_python' and name 'yahboomcar_description'
[0.907s] Level 1:colcon.colcon_core.package_identification:_identify(yahboomcar_linefollow) by extensions ['ignore', 'ignore_ament_install']
[0.907s] Level 1:colcon.colcon_core.package_identification:_identify(yahboomcar_linefollow) by extension 'ignore'
[0.907s] Level 1:colcon.colcon_core.package_identification:_identify(yahboomcar_linefollow) by extension 'ignore_ament_install'
[0.907s] Level 1:colcon.colcon_core.package_identification:_identify(yahboomcar_linefollow) by extensions ['colcon_pkg']
[0.907s] Level 1:colcon.colcon_core.package_identification:_identify(yahboomcar_linefollow) by extension 'colcon_pkg'
[0.908s] Level 1:colcon.colcon_core.package_identification:_identify(yahboomcar_linefollow) by extensions ['colcon_meta']
[0.908s] Level 1:colcon.colcon_core.package_identification:_identify(yahboomcar_linefollow) by extension 'colcon_meta'
[0.908s] Level 1:colcon.colcon_core.package_identification:_identify(yahboomcar_linefollow) by extensions ['ros']
[0.908s] Level 1:colcon.colcon_core.package_identification:_identify(yahboomcar_linefollow) by extension 'ros'
[0.909s] DEBUG:colcon.colcon_core.package_identification:Package 'yahboomcar_linefollow' with type 'ros.ament_python' and name 'yahboomcar_linefollow'
[0.909s] Level 1:colcon.colcon_core.package_discovery:discover_packages(recursive) using defaults
[0.909s] Level 1:colcon.colcon_core.package_discovery:discover_packages(ignore) discover
[0.909s] Level 1:colcon.colcon_core.package_discovery:discover_packages(ignore) using defaults
[0.909s] Level 1:colcon.colcon_core.package_discovery:discover_packages(path) discover
[0.909s] Level 1:colcon.colcon_core.package_discovery:discover_packages(path) using defaults
[0.974s] INFO:colcon.colcon_core.package_selection:Skipping not selected package 'laserscan_to_point_pulisher' in 'laserscan_to_point_pulisher'
[0.974s] INFO:colcon.colcon_core.package_selection:Skipping not selected package 'robot_localization' in 'robot_localization'
[0.974s] INFO:colcon.colcon_core.package_selection:Skipping not selected package 'yahboomcar_bringup' in 'yahboomcar_bringup'
[0.974s] INFO:colcon.colcon_core.package_selection:Skipping not selected package 'yahboomcar_ctrl' in 'yahboomcar_ctrl'
[0.974s] INFO:colcon.colcon_core.package_selection:Skipping not selected package 'yahboomcar_description' in 'yahboomcar_description'
[0.974s] INFO:colcon.colcon_core.package_selection:Skipping not selected package 'yahboomcar_linefollow' in 'yahboomcar_linefollow'
[0.975s] Level 1:colcon.colcon_core.package_discovery:discover_packages(prefix_path) check parameters
[0.975s] Level 1:colcon.colcon_core.package_discovery:discover_packages(prefix_path) discover
[0.980s] DEBUG:colcon.colcon_installed_package_information.package_discovery:Found 264 installed packages in /opt/ros/foxy
[0.983s] Level 1:colcon.colcon_core.package_discovery:discover_packages(prefix_path) using defaults
[1.103s] Level 5:colcon.colcon_core.verb:set package 'my_package' build argument 'cmake_args' from command line to 'None'
[1.104s] Level 5:colcon.colcon_core.verb:set package 'my_package' build argument 'cmake_target' from command line to 'None'
[1.104s] Level 5:colcon.colcon_core.verb:set package 'my_package' build argument 'cmake_target_skip_unavailable' from command line to 'False'
[1.104s] Level 5:colcon.colcon_core.verb:set package 'my_package' build argument 'cmake_clean_cache' from command line to 'False'
[1.104s] Level 5:colcon.colcon_core.verb:set package 'my_package' build argument 'cmake_clean_first' from command line to 'False'
[1.104s] Level 5:colcon.colcon_core.verb:set package 'my_package' build argument 'cmake_force_configure' from command line to 'False'
[1.104s] Level 5:colcon.colcon_core.verb:set package 'my_package' build argument 'ament_cmake_args' from command line to 'None'
[1.104s] Level 5:colcon.colcon_core.verb:set package 'my_package' build argument 'catkin_cmake_args' from command line to 'None'
[1.104s] Level 5:colcon.colcon_core.verb:set package 'my_package' build argument 'catkin_skip_building_tests' from command line to 'False'
[1.104s] DEBUG:colcon.colcon_core.verb:Building package 'my_package' with the following arguments: {'ament_cmake_args': None, 'build_base': '/home/jetson/ros2/src/build/my_package', 'catkin_cmake_args': None, 'catkin_skip_building_tests': False, 'cmake_args': None, 'cmake_clean_cache': False, 'cmake_clean_first': False, 'cmake_force_configure': False, 'cmake_target': None, 'cmake_target_skip_unavailable': False, 'install_base': '/home/jetson/ros2/src/install/my_package', 'merge_install': False, 'path': '/home/jetson/ros2/src/my_package', 'symlink_install': False, 'test_result_base': None}
[1.105s] INFO:colcon.colcon_core.executor:Executing jobs using 'parallel' executor
[1.107s] DEBUG:colcon.colcon_parallel_executor.executor.parallel:run_until_complete
[1.108s] INFO:colcon.colcon_ros.task.ament_cmake.build:Building ROS package in '/home/jetson/ros2/src/my_package' with build type 'ament_cmake'
[1.108s] INFO:colcon.colcon_cmake.task.cmake.build:Building CMake package in '/home/jetson/ros2/src/my_package'
[1.112s] INFO:colcon.colcon_core.plugin_system:Skipping extension 'colcon_core.shell.bat': Not used on non-Windows systems
[1.113s] INFO:colcon.colcon_core.shell:Skip shell extension 'powershell' for command environment: Not usable outside of PowerShell
[1.113s] DEBUG:colcon.colcon_core.shell:Skip shell extension 'dsv' for command environment
[1.133s] DEBUG:colcon.colcon_core.event_handler.log_command:Invoking command in '/home/jetson/ros2/src/build/my_package': CMAKE_PREFIX_PATH=/opt/ros/foxy /usr/bin/cmake --build /home/jetson/ros2/src/build/my_package -- -j6 -l6
[2.375s] DEBUG:colcon.colcon_core.event_handler.log_command:Invoked command in '/home/jetson/ros2/src/build/my_package' returned '2': CMAKE_PREFIX_PATH=/opt/ros/foxy /usr/bin/cmake --build /home/jetson/ros2/src/build/my_package -- -j6 -l6
[2.423s] Level 1:colcon.colcon_core.environment:create_environment_scripts_only(my_package)
[2.430s] Level 1:colcon.colcon_core.environment:checking '/home/jetson/ros2/src/install/my_package' for CMake module files
[2.431s] Level 1:colcon.colcon_core.environment:checking '/home/jetson/ros2/src/install/my_package' for CMake config files
[2.433s] Level 1:colcon.colcon_core.environment:checking '/home/jetson/ros2/src/install/my_package/bin'
[2.433s] Level 1:colcon.colcon_core.environment:checking '/home/jetson/ros2/src/install/my_package/lib/pkgconfig/my_package.pc'
[2.434s] Level 1:colcon.colcon_core.environment:checking '/home/jetson/ros2/src/install/my_package/lib/python3.8/site-packages'
[2.434s] Level 1:colcon.colcon_core.environment:checking '/home/jetson/ros2/src/install/my_package/bin'
[2.435s] INFO:colcon.colcon_core.shell:Creating package script '/home/jetson/ros2/src/install/my_package/share/my_package/package.ps1'
[2.438s] INFO:colcon.colcon_core.shell:Creating package descriptor '/home/jetson/ros2/src/install/my_package/share/my_package/package.dsv'
[2.440s] INFO:colcon.colcon_core.shell:Creating package script '/home/jetson/ros2/src/install/my_package/share/my_package/package.sh'
[2.442s] INFO:colcon.colcon_core.shell:Creating package script '/home/jetson/ros2/src/install/my_package/share/my_package/package.bash'
[2.444s] INFO:colcon.colcon_core.shell:Creating package script '/home/jetson/ros2/src/install/my_package/share/my_package/package.zsh'
[2.446s] Level 1:colcon.colcon_core.environment:create_file_with_runtime_dependencies(/home/jetson/ros2/src/install/my_package/share/colcon-core/packages/my_package)
[2.457s] DEBUG:colcon.colcon_parallel_executor.executor.parallel:closing loop
[2.458s] DEBUG:colcon.colcon_parallel_executor.executor.parallel:loop closed
[2.458s] DEBUG:colcon.colcon_parallel_executor.executor.parallel:run_until_complete finished with '2'
[2.458s] DEBUG:colcon.colcon_core.event_reactor:joining thread
[2.477s] INFO:colcon.colcon_core.plugin_system:Skipping extension 'colcon_notification.desktop_notification.terminal_notifier': Not used on non-Darwin systems
[2.478s] INFO:colcon.colcon_core.plugin_system:Skipping extension 'colcon_notification.desktop_notification.win32': Not used on non-Windows systems
[2.478s] INFO:colcon.colcon_notification.desktop_notification:Sending desktop notification using 'notify2'
[2.508s] DEBUG:colcon.colcon_core.event_reactor:joined thread
[2.509s] INFO:colcon.colcon_core.shell:Creating prefix script '/home/jetson/ros2/src/install/local_setup.ps1'
[2.512s] INFO:colcon.colcon_core.shell:Creating prefix util module '/home/jetson/ros2/src/install/_local_setup_util_ps1.py'
[2.515s] INFO:colcon.colcon_core.shell:Creating prefix chain script '/home/jetson/ros2/src/install/setup.ps1'
[2.518s] INFO:colcon.colcon_core.shell:Creating prefix script '/home/jetson/ros2/src/install/local_setup.sh'
[2.519s] INFO:colcon.colcon_core.shell:Creating prefix util module '/home/jetson/ros2/src/install/_local_setup_util_sh.py'
[2.521s] INFO:colcon.colcon_core.shell:Creating prefix chain script '/home/jetson/ros2/src/install/setup.sh'
[2.523s] INFO:colcon.colcon_core.shell:Creating prefix script '/home/jetson/ros2/src/install/local_setup.bash'
[2.524s] INFO:colcon.colcon_core.shell:Creating prefix chain script '/home/jetson/ros2/src/install/setup.bash'
[2.526s] INFO:colcon.colcon_core.shell:Creating prefix script '/home/jetson/ros2/src/install/local_setup.zsh'
[2.528s] INFO:colcon.colcon_core.shell:Creating prefix chain script '/home/jetson/ros2/src/install/setup.zsh'
