[0.069s] Invoking command in '/home/jetson/ros2/src/build/robot_localization': CMAKE_PREFIX_PATH=/opt/ros/foxy /usr/bin/cmake /home/jetson/ros2/src/robot_localization -DCMAKE_INSTALL_PREFIX=/home/jetson/ros2/src/install/robot_localization
[1.785s] -- The C compiler identification is GNU 9.4.0
[1.786s] -- The CXX compiler identification is GNU 9.4.0
[1.786s] -- Check for working C compiler: /usr/bin/cc
[1.787s] -- Check for working C compiler: /usr/bin/cc -- works
[1.788s] -- Detecting C compiler ABI info
[1.789s] -- Detecting C compiler ABI info - done
[1.791s] -- Detecting C compile features
[1.792s] -- Detecting C compile features - done
[1.793s] -- Check for working CXX compiler: /usr/bin/c++
[1.793s] -- Check for working CXX compiler: /usr/bin/c++ -- works
[1.794s] -- Detecting CXX compiler ABI info
[1.794s] -- Detecting CXX compiler ABI info - done
[1.798s] -- Detecting CXX compile features
[1.798s] -- Detecting CXX compile features - done
[1.798s] -- robot_localization: You did not request a specific build type: selecting 'RelWithDebInfo'.
[1.799s] -- Found ament_cmake: 0.9.12 (/opt/ros/foxy/share/ament_cmake/cmake)
[1.799s] -- Found PythonInterp: /usr/bin/python3 (found suitable version "3.8.10", minimum required is "3") 
[1.799s] -- Using PYTHON_EXECUTABLE: /usr/bin/python3
[1.799s] -- Found rclcpp: 2.4.3 (/opt/ros/foxy/share/rclcpp/cmake)
[1.799s] -- Using all available rosidl_typesupport_c: rosidl_typesupport_fastrtps_c;rosidl_typesupport_introspection_c
[1.799s] -- Found rosidl_adapter: 1.3.1 (/opt/ros/foxy/share/rosidl_adapter/cmake)
[1.819s] -- Found OpenSSL: /usr/lib/aarch64-linux-gnu/libcrypto.so (found version "1.1.1f")  
[1.880s] -- Found FastRTPS: /opt/ros/foxy/include  
[2.046s] -- Using all available rosidl_typesupport_cpp: rosidl_typesupport_fastrtps_cpp;rosidl_typesupport_introspection_cpp
[2.162s] -- Found rmw_implementation_cmake: 1.0.4 (/opt/ros/foxy/share/rmw_implementation_cmake/cmake)
[2.165s] -- Using RMW implementation 'rmw_fastrtps_cpp' as default
[2.168s] -- Looking for pthread.h
[2.335s] -- Looking for pthread.h - found
[2.335s] -- Performing Test CMAKE_HAVE_LIBC_PTHREAD
[2.484s] -- Performing Test CMAKE_HAVE_LIBC_PTHREAD - Failed
[2.484s] -- Looking for pthread_create in pthreads
[2.626s] -- Looking for pthread_create in pthreads - not found
[2.626s] -- Looking for pthread_create in pthread
[2.788s] -- Looking for pthread_create in pthread - found
[2.790s] -- Found Threads: TRUE  
[3.111s] -- Found diagnostic_msgs: 2.0.5 (/opt/ros/foxy/share/diagnostic_msgs/cmake)
[3.181s] -- Found diagnostic_updater: 3.1.2 (/opt/ros/foxy/share/diagnostic_updater/cmake)
[3.220s] -- Found geographic_msgs: 1.0.4 (/opt/ros/foxy/share/geographic_msgs/cmake)
[3.508s] -- Found nav_msgs: 2.0.5 (/opt/ros/foxy/share/nav_msgs/cmake)
[3.640s] -- Found rosidl_default_generators: 1.0.1 (/opt/ros/foxy/share/rosidl_default_generators/cmake)
[3.662s] -- Found sensor_msgs: 2.0.5 (/opt/ros/foxy/share/sensor_msgs/cmake)
[3.795s] -- Found std_srvs: 2.0.5 (/opt/ros/foxy/share/std_srvs/cmake)
[3.818s] -- Found tf2: 0.13.14 (/opt/ros/foxy/share/tf2/cmake)
[3.841s] -- Found tf2_eigen: 0.13.14 (/opt/ros/foxy/share/tf2_eigen/cmake)
[4.455s] -- Found tf2_geometry_msgs: 0.13.14 (/opt/ros/foxy/share/tf2_geometry_msgs/cmake)
[4.472s] -- Found Eigen3: TRUE (found version "3.3.7") 
[4.535s] -- Found Boost: /usr/lib/aarch64-linux-gnu/cmake/Boost-1.71.0/BoostConfig.cmake (found version "1.71.0")  
[4.539s] -- Found yaml_cpp_vendor: 7.0.3 (/opt/ros/foxy/share/yaml_cpp_vendor/cmake)
[4.539s] -- Setting yaml-cpp_DIR to: '/opt/ros/foxy/share/yaml_cpp_vendor/cmake/../../../opt/yaml_cpp_vendor/lib/cmake/yaml-cpp'
[4.546s] -- Found GeographicLib: /usr/lib/aarch64-linux-gnu  
[4.595s] -- Found PythonInterp: /usr/bin/python3 (found version "3.8.10") 
[5.061s] -- Found ament_cmake_cppcheck: 0.9.8 (/opt/ros/foxy/share/ament_cmake_cppcheck/cmake)
[5.065s] -- Found ament_cmake_cpplint: 0.9.8 (/opt/ros/foxy/share/ament_cmake_cpplint/cmake)
[5.069s] -- Found ament_cmake_uncrustify: 0.9.8 (/opt/ros/foxy/share/ament_cmake_uncrustify/cmake)
[5.073s] -- Found ament_cmake_ros: 0.9.2 (/opt/ros/foxy/share/ament_cmake_ros/cmake)
[5.655s] -- Using all available rosidl_typesupport_c: rosidl_typesupport_fastrtps_c;rosidl_typesupport_introspection_c
[5.939s] -- Using all available rosidl_typesupport_cpp: rosidl_typesupport_fastrtps_cpp;rosidl_typesupport_introspection_cpp
[5.999s] -- Found PythonInterp: /usr/bin/python3 (found suitable version "3.8.10", minimum required is "3.5") 
[6.002s] -- Found python_cmake_module: 0.8.1 (/opt/ros/foxy/share/python_cmake_module/cmake)
[6.059s] -- Found PythonLibs: /usr/lib/aarch64-linux-gnu/libpython3.8.so (found suitable version "3.8.10", minimum required is "3.5") 
[6.059s] -- Using PYTHON_EXECUTABLE: /usr/bin/python3
[6.060s] -- Using PYTHON_INCLUDE_DIRS: /usr/include/python3.8
[6.060s] -- Using PYTHON_LIBRARIES: /usr/lib/aarch64-linux-gnu/libpython3.8.so
[6.104s] -- Found PythonExtra: .so  
[6.300s] -- Found ament_cmake_flake8: 0.9.8 (/opt/ros/foxy/share/ament_cmake_flake8/cmake)
[6.304s] -- Found ament_cmake_pep257: 0.9.8 (/opt/ros/foxy/share/ament_cmake_pep257/cmake)
[6.333s] -- Found ament_cmake_lint_cmake: 0.9.8 (/opt/ros/foxy/share/ament_cmake_lint_cmake/cmake)
[6.337s] -- Found launch_testing_ament_cmake: 0.10.10 (/opt/ros/foxy/share/launch_testing_ament_cmake/cmake)
[6.387s] -- Using PYTHON_EXECUTABLE: /usr/bin/python3
[6.388s] -- Using PYTHON_INCLUDE_DIRS: /usr/include/python3.8
[6.388s] -- Using PYTHON_LIBRARIES: /usr/lib/aarch64-linux-gnu/libpython3.8.so
[6.394s] -- Found gtest sources under '/opt/ros/foxy/src/gtest_vendor': C++ tests using 'Google Test' will be built
[6.402s] -- Check if compiler accepts -pthread
[6.543s] -- Check if compiler accepts -pthread - yes
[6.627s] -- Configuring done
[7.164s] -- Generating done
[7.174s] -- Build files have been written to: /home/jetson/ros2/src/build/robot_localization
[7.224s] Invoked command in '/home/jetson/ros2/src/build/robot_localization' returned '0': CMAKE_PREFIX_PATH=/opt/ros/foxy /usr/bin/cmake /home/jetson/ros2/src/robot_localization -DCMAKE_INSTALL_PREFIX=/home/jetson/ros2/src/install/robot_localization
[7.231s] Invoking command in '/home/jetson/ros2/src/build/robot_localization': CMAKE_PREFIX_PATH=/opt/ros/foxy /usr/bin/cmake --build /home/jetson/ros2/src/build/robot_localization -- -j6 -l6
[7.323s] [35m[1mScanning dependencies of target gtest_main[0m
[7.323s] [35m[1mScanning dependencies of target gtest[0m
[7.323s] [35m[1mScanning dependencies of target robot_localization__cpp[0m
[7.324s] [  1%] [34m[1mGenerating C code for ROS interfaces[0m
[7.348s] [  2%] [34m[1mGenerating C++ code for ROS interfaces[0m
[7.370s] [  3%] [32mBuilding CXX object gtest/CMakeFiles/gtest.dir/src/gtest-all.cc.o[0m
[7.376s] [  4%] [32mBuilding CXX object gtest/CMakeFiles/gtest_main.dir/src/gtest_main.cc.o[0m
[8.720s] [  4%] Built target robot_localization__cpp
[8.743s] [  5%] [34m[1mGenerating C++ type support dispatch for ROS interfaces[0m
[8.757s] [  6%] [34m[1mGenerating C++ type support for eProsima Fast-RTPS[0m
[8.764s] [  7%] [34m[1mGenerating C++ introspection for ROS interfaces[0m
[8.804s] [35m[1mScanning dependencies of target robot_localization__rosidl_generator_c[0m
[8.910s] [  7%] [32mBuilding C object CMakeFiles/robot_localization__rosidl_generator_c.dir/rosidl_generator_c/robot_localization/srv/detail/from_ll__functions.c.o[0m
[9.222s] [  7%] [32m[1mLinking CXX static library libgtest_main.a[0m
[9.295s] [  7%] Built target gtest_main
[9.321s] [  8%] [32mBuilding C object CMakeFiles/robot_localization__rosidl_generator_c.dir/rosidl_generator_c/robot_localization/srv/detail/get_state__functions.c.o[0m
[9.354s] [  9%] [32mBuilding C object CMakeFiles/robot_localization__rosidl_generator_c.dir/rosidl_generator_c/robot_localization/srv/detail/set_datum__functions.c.o[0m
[9.737s] [ 10%] [32mBuilding C object CMakeFiles/robot_localization__rosidl_generator_c.dir/rosidl_generator_c/robot_localization/srv/detail/set_pose__functions.c.o[0m
[9.761s] [ 11%] [32mBuilding C object CMakeFiles/robot_localization__rosidl_generator_c.dir/rosidl_generator_c/robot_localization/srv/detail/toggle_filter_processing__functions.c.o[0m
[9.785s] [35m[1mScanning dependencies of target robot_localization__rosidl_typesupport_cpp[0m
[9.886s] [ 12%] [32mBuilding CXX object CMakeFiles/robot_localization__rosidl_typesupport_cpp.dir/rosidl_typesupport_cpp/robot_localization/srv/from_ll__type_support.cpp.o[0m
[10.002s] [35m[1mScanning dependencies of target robot_localization__rosidl_typesupport_introspection_cpp[0m
[10.102s] [ 12%] [32mBuilding CXX object CMakeFiles/robot_localization__rosidl_typesupport_introspection_cpp.dir/rosidl_typesupport_introspection_cpp/robot_localization/srv/detail/from_ll__type_support.cpp.o[0m
[10.140s] [ 14%] [32mBuilding CXX object CMakeFiles/robot_localization__rosidl_typesupport_introspection_cpp.dir/rosidl_typesupport_introspection_cpp/robot_localization/srv/detail/get_state__type_support.cpp.o[0m
[10.141s] [ 14%] [32mBuilding C object CMakeFiles/robot_localization__rosidl_generator_c.dir/rosidl_generator_c/robot_localization/srv/detail/to_ll__functions.c.o[0m
[10.237s] [35m[1mScanning dependencies of target robot_localization__rosidl_typesupport_fastrtps_cpp[0m
[10.446s] [ 15%] [32mBuilding CXX object CMakeFiles/robot_localization__rosidl_typesupport_fastrtps_cpp.dir/rosidl_typesupport_fastrtps_cpp/robot_localization/srv/detail/dds_fastrtps/from_ll__type_support.cpp.o[0m
[10.610s] [ 16%] [32m[1mLinking C shared library librobot_localization__rosidl_generator_c.so[0m
[10.685s] [ 17%] [32mBuilding CXX object CMakeFiles/robot_localization__rosidl_typesupport_cpp.dir/rosidl_typesupport_cpp/robot_localization/srv/get_state__type_support.cpp.o[0m
[10.765s] [ 17%] Built target robot_localization__rosidl_generator_c
[10.789s] [ 18%] [32mBuilding CXX object CMakeFiles/robot_localization__rosidl_typesupport_cpp.dir/rosidl_typesupport_cpp/robot_localization/srv/set_datum__type_support.cpp.o[0m
[11.009s] [ 19%] [32mBuilding CXX object CMakeFiles/robot_localization__rosidl_typesupport_introspection_cpp.dir/rosidl_typesupport_introspection_cpp/robot_localization/srv/detail/set_datum__type_support.cpp.o[0m
[11.161s] [ 20%] [32mBuilding CXX object CMakeFiles/robot_localization__rosidl_typesupport_introspection_cpp.dir/rosidl_typesupport_introspection_cpp/robot_localization/srv/detail/set_pose__type_support.cpp.o[0m
[11.501s] [ 21%] [34m[1mGenerating C type support dispatch for ROS interfaces[0m
[11.634s] [ 22%] [32mBuilding CXX object CMakeFiles/robot_localization__rosidl_typesupport_cpp.dir/rosidl_typesupport_cpp/robot_localization/srv/set_pose__type_support.cpp.o[0m
[11.759s] [ 23%] [32mBuilding CXX object CMakeFiles/robot_localization__rosidl_typesupport_fastrtps_cpp.dir/rosidl_typesupport_fastrtps_cpp/robot_localization/srv/detail/dds_fastrtps/get_state__type_support.cpp.o[0m
[11.829s] [ 24%] [32mBuilding CXX object CMakeFiles/robot_localization__rosidl_typesupport_fastrtps_cpp.dir/rosidl_typesupport_fastrtps_cpp/robot_localization/srv/detail/dds_fastrtps/set_datum__type_support.cpp.o[0m
[12.069s] [ 25%] [32mBuilding CXX object CMakeFiles/robot_localization__rosidl_typesupport_introspection_cpp.dir/rosidl_typesupport_introspection_cpp/robot_localization/srv/detail/toggle_filter_processing__type_support.cpp.o[0m
[12.413s] [35m[1mScanning dependencies of target robot_localization__rosidl_typesupport_c[0m
[12.478s] [ 25%] [32mBuilding CXX object CMakeFiles/robot_localization__rosidl_typesupport_c.dir/rosidl_typesupport_c/robot_localization/srv/from_ll__type_support.cpp.o[0m
[12.495s] [ 26%] [32mBuilding CXX object CMakeFiles/robot_localization__rosidl_typesupport_cpp.dir/rosidl_typesupport_cpp/robot_localization/srv/toggle_filter_processing__type_support.cpp.o[0m
[12.564s] [ 27%] [32mBuilding CXX object CMakeFiles/robot_localization__rosidl_typesupport_c.dir/rosidl_typesupport_c/robot_localization/srv/get_state__type_support.cpp.o[0m
[12.671s] [ 28%] [32mBuilding CXX object CMakeFiles/robot_localization__rosidl_typesupport_c.dir/rosidl_typesupport_c/robot_localization/srv/set_datum__type_support.cpp.o[0m
[12.803s] [ 29%] [32mBuilding CXX object CMakeFiles/robot_localization__rosidl_typesupport_c.dir/rosidl_typesupport_c/robot_localization/srv/set_pose__type_support.cpp.o[0m
[12.893s] [ 30%] [32mBuilding CXX object CMakeFiles/robot_localization__rosidl_typesupport_c.dir/rosidl_typesupport_c/robot_localization/srv/toggle_filter_processing__type_support.cpp.o[0m
[12.917s] [ 31%] [32mBuilding CXX object CMakeFiles/robot_localization__rosidl_typesupport_introspection_cpp.dir/rosidl_typesupport_introspection_cpp/robot_localization/srv/detail/to_ll__type_support.cpp.o[0m
[12.980s] [ 32%] [32mBuilding CXX object CMakeFiles/robot_localization__rosidl_typesupport_c.dir/rosidl_typesupport_c/robot_localization/srv/to_ll__type_support.cpp.o[0m
[13.066s] [ 33%] [32m[1mLinking CXX shared library librobot_localization__rosidl_typesupport_c.so[0m
[13.105s] [ 33%] [32mBuilding CXX object CMakeFiles/robot_localization__rosidl_typesupport_fastrtps_cpp.dir/rosidl_typesupport_fastrtps_cpp/robot_localization/srv/detail/dds_fastrtps/set_pose__type_support.cpp.o[0m
[13.139s] [ 33%] [32mBuilding CXX object CMakeFiles/robot_localization__rosidl_typesupport_cpp.dir/rosidl_typesupport_cpp/robot_localization/srv/to_ll__type_support.cpp.o[0m
[13.192s] [ 33%] Built target robot_localization__rosidl_typesupport_c
[13.221s] [ 34%] [34m[1mGenerating C introspection for ROS interfaces[0m
[13.338s] [ 35%] [32mBuilding CXX object CMakeFiles/robot_localization__rosidl_typesupport_fastrtps_cpp.dir/rosidl_typesupport_fastrtps_cpp/robot_localization/srv/detail/dds_fastrtps/toggle_filter_processing__type_support.cpp.o[0m
[13.746s] [ 36%] [32m[1mLinking CXX shared library librobot_localization__rosidl_typesupport_introspection_cpp.so[0m
[13.931s] [ 36%] Built target robot_localization__rosidl_typesupport_introspection_cpp
[13.935s] [ 37%] [32m[1mLinking CXX shared library librobot_localization__rosidl_typesupport_cpp.so[0m
[13.970s] [ 38%] [32mBuilding CXX object CMakeFiles/robot_localization__rosidl_typesupport_fastrtps_cpp.dir/rosidl_typesupport_fastrtps_cpp/robot_localization/srv/detail/dds_fastrtps/to_ll__type_support.cpp.o[0m
[14.051s] [ 38%] Built target robot_localization__rosidl_typesupport_cpp
[14.415s] [35m[1mScanning dependencies of target robot_localization__rosidl_typesupport_introspection_c[0m
[14.516s] [ 39%] [32mBuilding C object CMakeFiles/robot_localization__rosidl_typesupport_introspection_c.dir/rosidl_typesupport_introspection_c/robot_localization/srv/detail/from_ll__type_support.c.o[0m
[14.518s] [ 40%] [32mBuilding C object CMakeFiles/robot_localization__rosidl_typesupport_introspection_c.dir/rosidl_typesupport_introspection_c/robot_localization/srv/detail/get_state__type_support.c.o[0m
[14.530s] [ 40%] [32mBuilding C object CMakeFiles/robot_localization__rosidl_typesupport_introspection_c.dir/rosidl_typesupport_introspection_c/robot_localization/srv/detail/set_datum__type_support.c.o[0m
[14.594s] [ 41%] [32mBuilding C object CMakeFiles/robot_localization__rosidl_typesupport_introspection_c.dir/rosidl_typesupport_introspection_c/robot_localization/srv/detail/set_pose__type_support.c.o[0m
[14.654s] [ 43%] [32mBuilding C object CMakeFiles/robot_localization__rosidl_typesupport_introspection_c.dir/rosidl_typesupport_introspection_c/robot_localization/srv/detail/to_ll__type_support.c.o[0m
[14.656s] [ 43%] [32mBuilding C object CMakeFiles/robot_localization__rosidl_typesupport_introspection_c.dir/rosidl_typesupport_introspection_c/robot_localization/srv/detail/toggle_filter_processing__type_support.c.o[0m
[14.766s] [ 44%] [32m[1mLinking C shared library librobot_localization__rosidl_typesupport_introspection_c.so[0m
[14.842s] [ 44%] Built target robot_localization__rosidl_typesupport_introspection_c
[15.140s] [ 45%] [32m[1mLinking CXX shared library librobot_localization__rosidl_typesupport_fastrtps_cpp.so[0m
[15.345s] [ 45%] Built target robot_localization__rosidl_typesupport_fastrtps_cpp
[15.367s] [ 46%] [34m[1mGenerating C type support for eProsima Fast-RTPS[0m
[16.425s] [35m[1mScanning dependencies of target robot_localization__rosidl_typesupport_fastrtps_c[0m
[16.494s] [ 47%] [32mBuilding CXX object CMakeFiles/robot_localization__rosidl_typesupport_fastrtps_c.dir/rosidl_typesupport_fastrtps_c/robot_localization/srv/detail/from_ll__type_support_c.cpp.o[0m
[16.506s] [ 48%] [32mBuilding CXX object CMakeFiles/robot_localization__rosidl_typesupport_fastrtps_c.dir/rosidl_typesupport_fastrtps_c/robot_localization/srv/detail/set_pose__type_support_c.cpp.o[0m
[16.510s] [ 49%] [32mBuilding CXX object CMakeFiles/robot_localization__rosidl_typesupport_fastrtps_c.dir/rosidl_typesupport_fastrtps_c/robot_localization/srv/detail/toggle_filter_processing__type_support_c.cpp.o[0m
[16.515s] [ 50%] [32mBuilding CXX object CMakeFiles/robot_localization__rosidl_typesupport_fastrtps_c.dir/rosidl_typesupport_fastrtps_c/robot_localization/srv/detail/set_datum__type_support_c.cpp.o[0m
[16.521s] [ 51%] [32mBuilding CXX object CMakeFiles/robot_localization__rosidl_typesupport_fastrtps_c.dir/rosidl_typesupport_fastrtps_c/robot_localization/srv/detail/get_state__type_support_c.cpp.o[0m
[17.603s] [ 51%] [32mBuilding CXX object CMakeFiles/robot_localization__rosidl_typesupport_fastrtps_c.dir/rosidl_typesupport_fastrtps_c/robot_localization/srv/detail/to_ll__type_support_c.cpp.o[0m
[18.598s] [ 52%] [32m[1mLinking CXX shared library librobot_localization__rosidl_typesupport_fastrtps_c.so[0m
[18.788s] [ 52%] Built target robot_localization__rosidl_typesupport_fastrtps_c
[18.809s] [35m[1mScanning dependencies of target robot_localization[0m
[18.832s] [ 52%] Built target robot_localization
[18.855s] [35m[1mScanning dependencies of target rl_lib[0m
[18.855s] [35m[1mScanning dependencies of target robot_localization__py[0m
[18.879s] [ 53%] [34m[1mGenerating Python code for ROS interfaces[0m
[19.272s] [ 54%] [32mBuilding CXX object CMakeFiles/rl_lib.dir/src/ekf.cpp.o[0m
[19.278s] [ 55%] [32mBuilding CXX object CMakeFiles/rl_lib.dir/src/ukf.cpp.o[0m
[19.309s] [ 56%] [32mBuilding CXX object CMakeFiles/rl_lib.dir/src/filter_base.cpp.o[0m
[19.321s] [ 57%] [32mBuilding CXX object CMakeFiles/rl_lib.dir/src/filter_utilities.cpp.o[0m
[22.246s] [ 57%] Built target robot_localization__py
[22.275s] [35m[1mScanning dependencies of target robot_localization__python[0m
[22.495s] [ 58%] [32mBuilding C object CMakeFiles/robot_localization__python.dir/rosidl_generator_py/robot_localization/srv/_from_ll_s.c.o[0m
[22.885s] [ 59%] [32mBuilding CXX object CMakeFiles/rl_lib.dir/src/navsat_transform.cpp.o[0m
[22.999s] [ 59%] [32mBuilding C object CMakeFiles/robot_localization__python.dir/rosidl_generator_py/robot_localization/srv/_get_state_s.c.o[0m
[23.395s] [ 60%] [32mBuilding C object CMakeFiles/robot_localization__python.dir/rosidl_generator_py/robot_localization/srv/_set_datum_s.c.o[0m
[23.752s] [ 61%] [32mBuilding C object CMakeFiles/robot_localization__python.dir/rosidl_generator_py/robot_localization/srv/_set_pose_s.c.o[0m
[24.090s] [ 62%] [32mBuilding C object CMakeFiles/robot_localization__python.dir/rosidl_generator_py/robot_localization/srv/_toggle_filter_processing_s.c.o[0m
[24.553s] [ 63%] [32mBuilding C object CMakeFiles/robot_localization__python.dir/rosidl_generator_py/robot_localization/srv/_to_ll_s.c.o[0m
[24.938s] [ 64%] [32m[1mLinking C shared library rosidl_generator_py/robot_localization/librobot_localization__python.so[0m
[25.211s] [ 64%] Built target robot_localization__python
[25.264s] [ 64%] [32mBuilding CXX object CMakeFiles/rl_lib.dir/src/robot_localization_estimator.cpp.o[0m
[33.472s] [ 65%] [32mBuilding CXX object CMakeFiles/rl_lib.dir/src/ros_filter.cpp.o[0m
[34.628s] [ 66%] [32mBuilding CXX object CMakeFiles/rl_lib.dir/src/ros_filter_utilities.cpp.o[0m
[40.479s] [ 67%] [32mBuilding CXX object CMakeFiles/rl_lib.dir/src/ros_robot_localization_listener.cpp.o[0m
[40.630s] [ 68%] [32m[1mLinking CXX static library libgtest.a[0m
[40.890s] [ 68%] Built target gtest
[40.931s] [35m[1mScanning dependencies of target robot_localization__rosidl_typesupport_fastrtps_c__pyext[0m
[41.083s] [ 69%] [32mBuilding C object CMakeFiles/robot_localization__rosidl_typesupport_fastrtps_c__pyext.dir/rosidl_generator_py/robot_localization/_robot_localization_s.ep.rosidl_typesupport_fastrtps_c.c.o[0m
[42.028s] [ 70%] [32m[1mLinking CXX shared library rosidl_generator_py/robot_localization/robot_localization_s__rosidl_typesupport_fastrtps_c.cpython-38-aarch64-linux-gnu.so[0m
[42.600s] [ 70%] Built target robot_localization__rosidl_typesupport_fastrtps_c__pyext
[42.644s] [35m[1mScanning dependencies of target robot_localization__rosidl_typesupport_introspection_c__pyext[0m
[42.834s] [ 71%] [32mBuilding C object CMakeFiles/robot_localization__rosidl_typesupport_introspection_c__pyext.dir/rosidl_generator_py/robot_localization/_robot_localization_s.ep.rosidl_typesupport_introspection_c.c.o[0m
[43.968s] [ 72%] [32m[1mLinking C shared library rosidl_generator_py/robot_localization/robot_localization_s__rosidl_typesupport_introspection_c.cpython-38-aarch64-linux-gnu.so[0m
[44.253s] [ 72%] Built target robot_localization__rosidl_typesupport_introspection_c__pyext
[44.288s] [35m[1mScanning dependencies of target robot_localization__rosidl_typesupport_c__pyext[0m
[44.462s] [ 73%] [32mBuilding C object CMakeFiles/robot_localization__rosidl_typesupport_c__pyext.dir/rosidl_generator_py/robot_localization/_robot_localization_s.ep.rosidl_typesupport_c.c.o[0m
[45.327s] [ 73%] [32m[1mLinking C shared library rosidl_generator_py/robot_localization/robot_localization_s__rosidl_typesupport_c.cpython-38-aarch64-linux-gnu.so[0m
[45.422s] [ 73%] Built target robot_localization__rosidl_typesupport_c__pyext
[216.174s] [ 74%] [32m[1mLinking CXX shared library librl_lib.so[0m
[219.406s] [ 74%] Built target rl_lib
[219.434s] [35m[1mScanning dependencies of target test_ros_robot_localization_listener_publisher[0m
[219.434s] [35m[1mScanning dependencies of target test_ekf[0m
[219.435s] [35m[1mScanning dependencies of target test_robot_localization_estimator[0m
[219.435s] [35m[1mScanning dependencies of target ukf_node[0m
[219.435s] [35m[1mScanning dependencies of target test_navsat_conversions[0m
[219.435s] [35m[1mScanning dependencies of target test_ros_robot_localization_listener[0m
[219.482s] [ 74%] [32mBuilding CXX object CMakeFiles/test_navsat_conversions.dir/test/test_navsat_conversions.cpp.o[0m
[219.641s] [ 74%] [32mBuilding CXX object CMakeFiles/test_ros_robot_localization_listener_publisher.dir/test/test_ros_robot_localization_listener_publisher.cpp.o[0m
[219.783s] [ 76%] [32mBuilding CXX object CMakeFiles/test_ekf.dir/test/test_ekf.cpp.o[0m
[219.783s] [ 76%] [32mBuilding CXX object CMakeFiles/ukf_node.dir/src/ukf_node.cpp.o[0m
[219.789s] [ 77%] [32mBuilding CXX object CMakeFiles/test_ros_robot_localization_listener.dir/test/test_ros_robot_localization_listener.cpp.o[0m
[219.790s] [ 78%] [32mBuilding CXX object CMakeFiles/test_robot_localization_estimator.dir/test/test_robot_localization_estimator.cpp.o[0m
[223.594s] [ 79%] [32m[1mLinking CXX executable test_navsat_conversions[0m
[224.236s] [ 79%] Built target test_navsat_conversions
[224.264s] [35m[1mScanning dependencies of target ekf_node[0m
[224.574s] [ 79%] [32mBuilding CXX object CMakeFiles/ekf_node.dir/src/ekf_node.cpp.o[0m
[237.933s] [ 80%] [32m[1mLinking CXX executable ukf_node[0m
[238.550s] [ 80%] Built target ukf_node
[238.580s] [35m[1mScanning dependencies of target test_ukf[0m
[239.041s] [ 81%] [32mBuilding CXX object CMakeFiles/test_ukf.dir/test/test_ukf.cpp.o[0m
[239.499s] [ 82%] [32m[1mLinking CXX executable test_robot_localization_estimator[0m
[240.486s] [ 82%] Built target test_robot_localization_estimator
[240.544s] [35m[1mScanning dependencies of target test_navsat_transform[0m
[240.742s] [ 83%] [32mBuilding CXX object CMakeFiles/test_navsat_transform.dir/test/test_navsat_transform.cpp.o[0m
[241.834s] [ 84%] [32m[1mLinking CXX executable test_ros_robot_localization_listener[0m
[242.746s] [ 84%] Built target test_ros_robot_localization_listener
[242.772s] [35m[1mScanning dependencies of target filter_base-test[0m
[243.003s] [ 85%] [32mBuilding CXX object CMakeFiles/filter_base-test.dir/test/test_filter_base.cpp.o[0m
[244.257s] [ 86%] [32m[1mLinking CXX executable ekf_node[0m
[244.416s] [ 87%] [32m[1mLinking CXX executable test_ekf[0m
[244.875s] [ 87%] Built target ekf_node
[244.902s] [35m[1mScanning dependencies of target navsat_transform_node[0m
[245.165s] [ 88%] [32mBuilding CXX object CMakeFiles/navsat_transform_node.dir/src/navsat_transform_node.cpp.o[0m
[245.551s] [ 88%] Built target test_ekf
[245.584s] [35m[1mScanning dependencies of target robot_localization_listener_node[0m
[245.837s] [ 89%] [32mBuilding CXX object CMakeFiles/robot_localization_listener_node.dir/src/robot_localization_listener_node.cpp.o[0m
[249.300s] [ 90%] [32m[1mLinking CXX executable test_ros_robot_localization_listener_publisher[0m
[249.925s] [ 90%] Built target test_ros_robot_localization_listener_publisher
[249.952s] [35m[1mScanning dependencies of target test_ukf_localization_node_interfaces[0m
[250.197s] [ 91%] [32mBuilding CXX object CMakeFiles/test_ukf_localization_node_interfaces.dir/test/test_ukf_localization_node_interfaces.cpp.o[0m
[251.398s] [ 92%] [32m[1mLinking CXX executable filter_base-test[0m
[252.311s] [ 92%] Built target filter_base-test
[252.336s] [35m[1mScanning dependencies of target test_ekf_localization_node_interfaces[0m
[252.535s] [ 93%] [32mBuilding CXX object CMakeFiles/test_ekf_localization_node_interfaces.dir/test/test_ekf_localization_node_interfaces.cpp.o[0m
[253.103s] [ 94%] [32m[1mLinking CXX executable test_navsat_transform[0m
[253.776s] [ 94%] Built target test_navsat_transform
[253.805s] [35m[1mScanning dependencies of target test_filter_base_diagnostics_timestamps[0m
[254.053s] [ 95%] [32mBuilding CXX object CMakeFiles/test_filter_base_diagnostics_timestamps.dir/test/test_filter_base_diagnostics_timestamps.cpp.o[0m
[255.018s] [ 96%] [32m[1mLinking CXX executable navsat_transform_node[0m
[255.577s] [ 96%] Built target navsat_transform_node
[257.576s] [ 97%] [32m[1mLinking CXX executable test_ukf[0m
[258.445s] [ 97%] Built target test_ukf
[260.368s] [ 97%] [32m[1mLinking CXX executable robot_localization_listener_node[0m
[260.848s] [ 97%] Built target robot_localization_listener_node
[295.888s] [ 98%] [32m[1mLinking CXX executable test_filter_base_diagnostics_timestamps[0m
[296.823s] [ 98%] Built target test_filter_base_diagnostics_timestamps
[300.372s] [ 99%] [32m[1mLinking CXX executable test_ukf_localization_node_interfaces[0m
[301.207s] [ 99%] Built target test_ukf_localization_node_interfaces
[302.627s] [100%] [32m[1mLinking CXX executable test_ekf_localization_node_interfaces[0m
[303.441s] [100%] Built target test_ekf_localization_node_interfaces
[303.494s] Invoked command in '/home/jetson/ros2/src/build/robot_localization' returned '0': CMAKE_PREFIX_PATH=/opt/ros/foxy /usr/bin/cmake --build /home/jetson/ros2/src/build/robot_localization -- -j6 -l6
[303.831s] Invoking command in '/home/jetson/ros2/src/build/robot_localization': CMAKE_PREFIX_PATH=/opt/ros/foxy /usr/bin/cmake --install /home/jetson/ros2/src/build/robot_localization
[303.851s] -- Install configuration: "RelWithDebInfo"
[303.853s] -- Installing: /home/jetson/ros2/src/install/robot_localization/share/ament_index/resource_index/rosidl_interfaces/robot_localization
[303.854s] -- Installing: /home/jetson/ros2/src/install/robot_localization/include/robot_localization
[303.855s] -- Installing: /home/jetson/ros2/src/install/robot_localization/include/robot_localization/srv
[303.855s] -- Installing: /home/jetson/ros2/src/install/robot_localization/include/robot_localization/srv/get_state.h
[303.855s] -- Installing: /home/jetson/ros2/src/install/robot_localization/include/robot_localization/srv/set_datum.h
[303.855s] -- Installing: /home/jetson/ros2/src/install/robot_localization/include/robot_localization/srv/to_ll.h
[303.856s] -- Installing: /home/jetson/ros2/src/install/robot_localization/include/robot_localization/srv/set_pose.h
[303.856s] -- Installing: /home/jetson/ros2/src/install/robot_localization/include/robot_localization/srv/detail
[303.856s] -- Installing: /home/jetson/ros2/src/install/robot_localization/include/robot_localization/srv/detail/get_state__functions.c
[303.857s] -- Installing: /home/jetson/ros2/src/install/robot_localization/include/robot_localization/srv/detail/to_ll__type_support.h
[303.857s] -- Installing: /home/jetson/ros2/src/install/robot_localization/include/robot_localization/srv/detail/get_state__type_support.h
[303.857s] -- Installing: /home/jetson/ros2/src/install/robot_localization/include/robot_localization/srv/detail/get_state__functions.h
[303.858s] -- Installing: /home/jetson/ros2/src/install/robot_localization/include/robot_localization/srv/detail/set_pose__struct.h
[303.858s] -- Installing: /home/jetson/ros2/src/install/robot_localization/include/robot_localization/srv/detail/set_datum__struct.h
[303.858s] -- Installing: /home/jetson/ros2/src/install/robot_localization/include/robot_localization/srv/detail/toggle_filter_processing__functions.h
[303.859s] -- Installing: /home/jetson/ros2/src/install/robot_localization/include/robot_localization/srv/detail/from_ll__type_support.h
[303.859s] -- Installing: /home/jetson/ros2/src/install/robot_localization/include/robot_localization/srv/detail/toggle_filter_processing__struct.h
[303.859s] -- Installing: /home/jetson/ros2/src/install/robot_localization/include/robot_localization/srv/detail/get_state__struct.h
[303.860s] -- Installing: /home/jetson/ros2/src/install/robot_localization/include/robot_localization/srv/detail/from_ll__struct.h
[303.860s] -- Installing: /home/jetson/ros2/src/install/robot_localization/include/robot_localization/srv/detail/set_pose__type_support.h
[303.860s] -- Installing: /home/jetson/ros2/src/install/robot_localization/include/robot_localization/srv/detail/from_ll__functions.h
[303.861s] -- Installing: /home/jetson/ros2/src/install/robot_localization/include/robot_localization/srv/detail/set_datum__type_support.h
[303.861s] -- Installing: /home/jetson/ros2/src/install/robot_localization/include/robot_localization/srv/detail/set_pose__functions.c
[303.862s] -- Installing: /home/jetson/ros2/src/install/robot_localization/include/robot_localization/srv/detail/from_ll__functions.c
[303.862s] -- Installing: /home/jetson/ros2/src/install/robot_localization/include/robot_localization/srv/detail/to_ll__struct.h
[303.862s] -- Installing: /home/jetson/ros2/src/install/robot_localization/include/robot_localization/srv/detail/set_datum__functions.h
[303.863s] -- Installing: /home/jetson/ros2/src/install/robot_localization/include/robot_localization/srv/detail/set_pose__functions.h
[303.863s] -- Installing: /home/jetson/ros2/src/install/robot_localization/include/robot_localization/srv/detail/to_ll__functions.h
[303.863s] -- Installing: /home/jetson/ros2/src/install/robot_localization/include/robot_localization/srv/detail/to_ll__functions.c
[303.864s] -- Installing: /home/jetson/ros2/src/install/robot_localization/include/robot_localization/srv/detail/set_datum__functions.c
[303.864s] -- Installing: /home/jetson/ros2/src/install/robot_localization/include/robot_localization/srv/detail/toggle_filter_processing__functions.c
[303.865s] -- Installing: /home/jetson/ros2/src/install/robot_localization/include/robot_localization/srv/detail/toggle_filter_processing__type_support.h
[303.865s] -- Installing: /home/jetson/ros2/src/install/robot_localization/include/robot_localization/srv/toggle_filter_processing.h
[303.865s] -- Installing: /home/jetson/ros2/src/install/robot_localization/include/robot_localization/srv/from_ll.h
[303.866s] -- Installing: /home/jetson/ros2/src/install/robot_localization/include/robot_localization/msg
[303.866s] -- Installing: /home/jetson/ros2/src/install/robot_localization/include/robot_localization/msg/rosidl_generator_c__visibility_control.h
[303.867s] -- Installing: /home/jetson/ros2/src/install/robot_localization/share/robot_localization/environment/library_path.sh
[303.868s] -- Installing: /home/jetson/ros2/src/install/robot_localization/share/robot_localization/environment/library_path.dsv
[303.868s] -- Installing: /home/jetson/ros2/src/install/robot_localization/lib/librobot_localization__rosidl_generator_c.so
[303.870s] -- Set runtime path of "/home/jetson/ros2/src/install/robot_localization/lib/librobot_localization__rosidl_generator_c.so" to ""
[303.870s] -- Up-to-date: /home/jetson/ros2/src/install/robot_localization/include/robot_localization
[303.871s] -- Up-to-date: /home/jetson/ros2/src/install/robot_localization/include/robot_localization/srv
[303.871s] -- Up-to-date: /home/jetson/ros2/src/install/robot_localization/include/robot_localization/srv/detail
[303.871s] -- Installing: /home/jetson/ros2/src/install/robot_localization/include/robot_localization/srv/detail/toggle_filter_processing__rosidl_typesupport_fastrtps_c.h
[303.871s] -- Installing: /home/jetson/ros2/src/install/robot_localization/include/robot_localization/srv/detail/get_state__rosidl_typesupport_fastrtps_c.h
[303.871s] -- Installing: /home/jetson/ros2/src/install/robot_localization/include/robot_localization/srv/detail/set_datum__rosidl_typesupport_fastrtps_c.h
[303.872s] -- Installing: /home/jetson/ros2/src/install/robot_localization/include/robot_localization/srv/detail/to_ll__rosidl_typesupport_fastrtps_c.h
[303.872s] -- Installing: /home/jetson/ros2/src/install/robot_localization/include/robot_localization/srv/detail/set_pose__rosidl_typesupport_fastrtps_c.h
[303.872s] -- Installing: /home/jetson/ros2/src/install/robot_localization/include/robot_localization/srv/detail/from_ll__rosidl_typesupport_fastrtps_c.h
[303.873s] -- Up-to-date: /home/jetson/ros2/src/install/robot_localization/include/robot_localization/msg
[303.873s] -- Installing: /home/jetson/ros2/src/install/robot_localization/include/robot_localization/msg/rosidl_typesupport_fastrtps_c__visibility_control.h
[303.874s] -- Installing: /home/jetson/ros2/src/install/robot_localization/lib/librobot_localization__rosidl_typesupport_fastrtps_c.so
[303.876s] -- Set runtime path of "/home/jetson/ros2/src/install/robot_localization/lib/librobot_localization__rosidl_typesupport_fastrtps_c.so" to ""
[303.877s] -- Up-to-date: /home/jetson/ros2/src/install/robot_localization/include/robot_localization
[303.877s] -- Up-to-date: /home/jetson/ros2/src/install/robot_localization/include/robot_localization/srv
[303.877s] -- Up-to-date: /home/jetson/ros2/src/install/robot_localization/include/robot_localization/srv/detail
[303.877s] -- Installing: /home/jetson/ros2/src/install/robot_localization/include/robot_localization/srv/detail/set_pose__rosidl_typesupport_fastrtps_cpp.hpp
[303.877s] -- Installing: /home/jetson/ros2/src/install/robot_localization/include/robot_localization/srv/detail/from_ll__rosidl_typesupport_fastrtps_cpp.hpp
[303.878s] -- Installing: /home/jetson/ros2/src/install/robot_localization/include/robot_localization/srv/detail/dds_fastrtps
[303.878s] -- Installing: /home/jetson/ros2/src/install/robot_localization/include/robot_localization/srv/detail/toggle_filter_processing__rosidl_typesupport_fastrtps_cpp.hpp
[303.878s] -- Installing: /home/jetson/ros2/src/install/robot_localization/include/robot_localization/srv/detail/set_datum__rosidl_typesupport_fastrtps_cpp.hpp
[303.879s] -- Installing: /home/jetson/ros2/src/install/robot_localization/include/robot_localization/srv/detail/to_ll__rosidl_typesupport_fastrtps_cpp.hpp
[303.879s] -- Installing: /home/jetson/ros2/src/install/robot_localization/include/robot_localization/srv/detail/get_state__rosidl_typesupport_fastrtps_cpp.hpp
[303.879s] -- Up-to-date: /home/jetson/ros2/src/install/robot_localization/include/robot_localization/msg
[303.880s] -- Installing: /home/jetson/ros2/src/install/robot_localization/include/robot_localization/msg/rosidl_typesupport_fastrtps_cpp__visibility_control.h
[303.880s] -- Installing: /home/jetson/ros2/src/install/robot_localization/lib/librobot_localization__rosidl_typesupport_fastrtps_cpp.so
[303.883s] -- Set runtime path of "/home/jetson/ros2/src/install/robot_localization/lib/librobot_localization__rosidl_typesupport_fastrtps_cpp.so" to ""
[303.883s] -- Up-to-date: /home/jetson/ros2/src/install/robot_localization/include/robot_localization
[303.883s] -- Up-to-date: /home/jetson/ros2/src/install/robot_localization/include/robot_localization/srv
[303.884s] -- Up-to-date: /home/jetson/ros2/src/install/robot_localization/include/robot_localization/srv/detail
[303.884s] -- Installing: /home/jetson/ros2/src/install/robot_localization/include/robot_localization/srv/detail/to_ll__rosidl_typesupport_introspection_c.h
[303.884s] -- Installing: /home/jetson/ros2/src/install/robot_localization/include/robot_localization/srv/detail/toggle_filter_processing__type_support.c
[303.884s] -- Installing: /home/jetson/ros2/src/install/robot_localization/include/robot_localization/srv/detail/set_pose__rosidl_typesupport_introspection_c.h
[303.885s] -- Installing: /home/jetson/ros2/src/install/robot_localization/include/robot_localization/srv/detail/set_datum__type_support.c
[303.885s] -- Installing: /home/jetson/ros2/src/install/robot_localization/include/robot_localization/srv/detail/to_ll__type_support.c
[303.885s] -- Installing: /home/jetson/ros2/src/install/robot_localization/include/robot_localization/srv/detail/set_pose__type_support.c
[303.886s] -- Installing: /home/jetson/ros2/src/install/robot_localization/include/robot_localization/srv/detail/from_ll__type_support.c
[303.886s] -- Installing: /home/jetson/ros2/src/install/robot_localization/include/robot_localization/srv/detail/get_state__type_support.c
[303.887s] -- Installing: /home/jetson/ros2/src/install/robot_localization/include/robot_localization/srv/detail/get_state__rosidl_typesupport_introspection_c.h
[303.887s] -- Installing: /home/jetson/ros2/src/install/robot_localization/include/robot_localization/srv/detail/from_ll__rosidl_typesupport_introspection_c.h
[303.888s] -- Installing: /home/jetson/ros2/src/install/robot_localization/include/robot_localization/srv/detail/toggle_filter_processing__rosidl_typesupport_introspection_c.h
[303.888s] -- Installing: /home/jetson/ros2/src/install/robot_localization/include/robot_localization/srv/detail/set_datum__rosidl_typesupport_introspection_c.h
[303.888s] -- Up-to-date: /home/jetson/ros2/src/install/robot_localization/include/robot_localization/msg
[303.888s] -- Installing: /home/jetson/ros2/src/install/robot_localization/include/robot_localization/msg/rosidl_typesupport_introspection_c__visibility_control.h
[303.889s] -- Installing: /home/jetson/ros2/src/install/robot_localization/lib/librobot_localization__rosidl_typesupport_introspection_c.so
[303.890s] -- Set runtime path of "/home/jetson/ros2/src/install/robot_localization/lib/librobot_localization__rosidl_typesupport_introspection_c.so" to ""
[303.890s] -- Installing: /home/jetson/ros2/src/install/robot_localization/lib/librobot_localization__rosidl_typesupport_c.so
[303.891s] -- Set runtime path of "/home/jetson/ros2/src/install/robot_localization/lib/librobot_localization__rosidl_typesupport_c.so" to ""
[303.892s] -- Up-to-date: /home/jetson/ros2/src/install/robot_localization/include/robot_localization
[303.892s] -- Up-to-date: /home/jetson/ros2/src/install/robot_localization/include/robot_localization/srv
[303.892s] -- Installing: /home/jetson/ros2/src/install/robot_localization/include/robot_localization/srv/toggle_filter_processing.hpp
[303.892s] -- Installing: /home/jetson/ros2/src/install/robot_localization/include/robot_localization/srv/get_state.hpp
[303.893s] -- Installing: /home/jetson/ros2/src/install/robot_localization/include/robot_localization/srv/set_datum.hpp
[303.893s] -- Up-to-date: /home/jetson/ros2/src/install/robot_localization/include/robot_localization/srv/detail
[303.893s] -- Installing: /home/jetson/ros2/src/install/robot_localization/include/robot_localization/srv/detail/from_ll__builder.hpp
[303.893s] -- Installing: /home/jetson/ros2/src/install/robot_localization/include/robot_localization/srv/detail/from_ll__type_support.hpp
[303.894s] -- Installing: /home/jetson/ros2/src/install/robot_localization/include/robot_localization/srv/detail/set_datum__builder.hpp
[303.894s] -- Installing: /home/jetson/ros2/src/install/robot_localization/include/robot_localization/srv/detail/to_ll__traits.hpp
[303.894s] -- Installing: /home/jetson/ros2/src/install/robot_localization/include/robot_localization/srv/detail/set_pose__type_support.hpp
[303.895s] -- Installing: /home/jetson/ros2/src/install/robot_localization/include/robot_localization/srv/detail/set_datum__traits.hpp
[303.895s] -- Installing: /home/jetson/ros2/src/install/robot_localization/include/robot_localization/srv/detail/toggle_filter_processing__traits.hpp
[303.895s] -- Installing: /home/jetson/ros2/src/install/robot_localization/include/robot_localization/srv/detail/toggle_filter_processing__type_support.hpp
[303.897s] -- Installing: /home/jetson/ros2/src/install/robot_localization/include/robot_localization/srv/detail/set_datum__type_support.hpp
[303.898s] -- Installing: /home/jetson/ros2/src/install/robot_localization/include/robot_localization/srv/detail/set_pose__builder.hpp
[303.898s] -- Installing: /home/jetson/ros2/src/install/robot_localization/include/robot_localization/srv/detail/get_state__struct.hpp
[303.898s] -- Installing: /home/jetson/ros2/src/install/robot_localization/include/robot_localization/srv/detail/to_ll__type_support.hpp
[303.898s] -- Installing: /home/jetson/ros2/src/install/robot_localization/include/robot_localization/srv/detail/get_state__traits.hpp
[303.898s] -- Installing: /home/jetson/ros2/src/install/robot_localization/include/robot_localization/srv/detail/toggle_filter_processing__struct.hpp
[303.898s] -- Installing: /home/jetson/ros2/src/install/robot_localization/include/robot_localization/srv/detail/toggle_filter_processing__builder.hpp
[303.899s] -- Installing: /home/jetson/ros2/src/install/robot_localization/include/robot_localization/srv/detail/set_datum__struct.hpp
[303.899s] -- Installing: /home/jetson/ros2/src/install/robot_localization/include/robot_localization/srv/detail/from_ll__struct.hpp
[303.899s] -- Installing: /home/jetson/ros2/src/install/robot_localization/include/robot_localization/srv/detail/to_ll__struct.hpp
[303.899s] -- Installing: /home/jetson/ros2/src/install/robot_localization/include/robot_localization/srv/detail/set_pose__struct.hpp
[303.900s] -- Installing: /home/jetson/ros2/src/install/robot_localization/include/robot_localization/srv/detail/to_ll__builder.hpp
[303.900s] -- Installing: /home/jetson/ros2/src/install/robot_localization/include/robot_localization/srv/detail/set_pose__traits.hpp
[303.900s] -- Installing: /home/jetson/ros2/src/install/robot_localization/include/robot_localization/srv/detail/get_state__builder.hpp
[303.901s] -- Installing: /home/jetson/ros2/src/install/robot_localization/include/robot_localization/srv/detail/get_state__type_support.hpp
[303.901s] -- Installing: /home/jetson/ros2/src/install/robot_localization/include/robot_localization/srv/detail/from_ll__traits.hpp
[303.901s] -- Installing: /home/jetson/ros2/src/install/robot_localization/include/robot_localization/srv/set_pose.hpp
[303.902s] -- Installing: /home/jetson/ros2/src/install/robot_localization/include/robot_localization/srv/to_ll.hpp
[303.902s] -- Installing: /home/jetson/ros2/src/install/robot_localization/include/robot_localization/srv/from_ll.hpp
[303.903s] -- Up-to-date: /home/jetson/ros2/src/install/robot_localization/include/robot_localization/msg
[303.904s] -- Installing: /home/jetson/ros2/src/install/robot_localization/include/robot_localization/msg/rosidl_generator_cpp__visibility_control.hpp
[303.904s] -- Up-to-date: /home/jetson/ros2/src/install/robot_localization/include/robot_localization
[303.904s] -- Up-to-date: /home/jetson/ros2/src/install/robot_localization/include/robot_localization/srv
[303.904s] -- Up-to-date: /home/jetson/ros2/src/install/robot_localization/include/robot_localization/srv/detail
[303.904s] -- Installing: /home/jetson/ros2/src/install/robot_localization/include/robot_localization/srv/detail/from_ll__type_support.cpp
[303.905s] -- Installing: /home/jetson/ros2/src/install/robot_localization/include/robot_localization/srv/detail/get_state__type_support.cpp
[303.905s] -- Installing: /home/jetson/ros2/src/install/robot_localization/include/robot_localization/srv/detail/set_pose__rosidl_typesupport_introspection_cpp.hpp
[303.905s] -- Installing: /home/jetson/ros2/src/install/robot_localization/include/robot_localization/srv/detail/toggle_filter_processing__type_support.cpp
[303.906s] -- Installing: /home/jetson/ros2/src/install/robot_localization/include/robot_localization/srv/detail/set_pose__type_support.cpp
[303.906s] -- Installing: /home/jetson/ros2/src/install/robot_localization/include/robot_localization/srv/detail/set_datum__type_support.cpp
[303.906s] -- Installing: /home/jetson/ros2/src/install/robot_localization/include/robot_localization/srv/detail/to_ll__type_support.cpp
[303.907s] -- Installing: /home/jetson/ros2/src/install/robot_localization/include/robot_localization/srv/detail/to_ll__rosidl_typesupport_introspection_cpp.hpp
[303.907s] -- Installing: /home/jetson/ros2/src/install/robot_localization/include/robot_localization/srv/detail/toggle_filter_processing__rosidl_typesupport_introspection_cpp.hpp
[303.907s] -- Installing: /home/jetson/ros2/src/install/robot_localization/include/robot_localization/srv/detail/get_state__rosidl_typesupport_introspection_cpp.hpp
[303.907s] -- Installing: /home/jetson/ros2/src/install/robot_localization/include/robot_localization/srv/detail/from_ll__rosidl_typesupport_introspection_cpp.hpp
[303.908s] -- Installing: /home/jetson/ros2/src/install/robot_localization/include/robot_localization/srv/detail/set_datum__rosidl_typesupport_introspection_cpp.hpp
[303.908s] -- Installing: /home/jetson/ros2/src/install/robot_localization/lib/librobot_localization__rosidl_typesupport_introspection_cpp.so
[303.911s] -- Set runtime path of "/home/jetson/ros2/src/install/robot_localization/lib/librobot_localization__rosidl_typesupport_introspection_cpp.so" to ""
[303.911s] -- Installing: /home/jetson/ros2/src/install/robot_localization/lib/librobot_localization__rosidl_typesupport_cpp.so
[303.912s] -- Set runtime path of "/home/jetson/ros2/src/install/robot_localization/lib/librobot_localization__rosidl_typesupport_cpp.so" to ""
[303.912s] -- Installing: /home/jetson/ros2/src/install/robot_localization/share/robot_localization/environment/pythonpath.sh
[303.913s] -- Installing: /home/jetson/ros2/src/install/robot_localization/share/robot_localization/environment/pythonpath.dsv
[303.914s] -- Installing: /home/jetson/ros2/src/install/robot_localization/lib/python3.8/site-packages/robot_localization/__init__.py
[304.010s] Compiling '/home/jetson/ros2/src/install/robot_localization/lib/python3.8/site-packages/robot_localization/__init__.py'...
[304.021s] -- Installing: /home/jetson/ros2/src/install/robot_localization/lib/python3.8/site-packages/robot_localization/srv
[304.021s] -- Installing: /home/jetson/ros2/src/install/robot_localization/lib/python3.8/site-packages/robot_localization/srv/_toggle_filter_processing.py
[304.021s] -- Installing: /home/jetson/ros2/src/install/robot_localization/lib/python3.8/site-packages/robot_localization/srv/_to_ll_s.c
[304.022s] -- Installing: /home/jetson/ros2/src/install/robot_localization/lib/python3.8/site-packages/robot_localization/srv/_set_pose_s.c
[304.022s] -- Installing: /home/jetson/ros2/src/install/robot_localization/lib/python3.8/site-packages/robot_localization/srv/_to_ll.py
[304.022s] -- Installing: /home/jetson/ros2/src/install/robot_localization/lib/python3.8/site-packages/robot_localization/srv/_from_ll.py
[304.023s] -- Installing: /home/jetson/ros2/src/install/robot_localization/lib/python3.8/site-packages/robot_localization/srv/_toggle_filter_processing_s.c
[304.023s] -- Installing: /home/jetson/ros2/src/install/robot_localization/lib/python3.8/site-packages/robot_localization/srv/_get_state.py
[304.023s] -- Installing: /home/jetson/ros2/src/install/robot_localization/lib/python3.8/site-packages/robot_localization/srv/_get_state_s.c
[304.024s] -- Installing: /home/jetson/ros2/src/install/robot_localization/lib/python3.8/site-packages/robot_localization/srv/_set_pose.py
[304.024s] -- Installing: /home/jetson/ros2/src/install/robot_localization/lib/python3.8/site-packages/robot_localization/srv/__init__.py
[304.024s] -- Installing: /home/jetson/ros2/src/install/robot_localization/lib/python3.8/site-packages/robot_localization/srv/_from_ll_s.c
[304.025s] -- Installing: /home/jetson/ros2/src/install/robot_localization/lib/python3.8/site-packages/robot_localization/srv/_set_datum.py
[304.025s] -- Installing: /home/jetson/ros2/src/install/robot_localization/lib/python3.8/site-packages/robot_localization/srv/_set_datum_s.c
[304.026s] -- Installing: /home/jetson/ros2/src/install/robot_localization/lib/python3.8/site-packages/robot_localization/robot_localization_s__rosidl_typesupport_fastrtps_c.cpython-38-aarch64-linux-gnu.so
[304.028s] -- Set runtime path of "/home/jetson/ros2/src/install/robot_localization/lib/python3.8/site-packages/robot_localization/robot_localization_s__rosidl_typesupport_fastrtps_c.cpython-38-aarch64-linux-gnu.so" to ""
[304.029s] -- Installing: /home/jetson/ros2/src/install/robot_localization/lib/python3.8/site-packages/robot_localization/robot_localization_s__rosidl_typesupport_introspection_c.cpython-38-aarch64-linux-gnu.so
[304.031s] -- Set runtime path of "/home/jetson/ros2/src/install/robot_localization/lib/python3.8/site-packages/robot_localization/robot_localization_s__rosidl_typesupport_introspection_c.cpython-38-aarch64-linux-gnu.so" to ""
[304.032s] -- Installing: /home/jetson/ros2/src/install/robot_localization/lib/python3.8/site-packages/robot_localization/robot_localization_s__rosidl_typesupport_c.cpython-38-aarch64-linux-gnu.so
[304.034s] -- Set runtime path of "/home/jetson/ros2/src/install/robot_localization/lib/python3.8/site-packages/robot_localization/robot_localization_s__rosidl_typesupport_c.cpython-38-aarch64-linux-gnu.so" to ""
[304.034s] -- Installing: /home/jetson/ros2/src/install/robot_localization/lib/librobot_localization__python.so
[304.036s] -- Set runtime path of "/home/jetson/ros2/src/install/robot_localization/lib/librobot_localization__python.so" to ""
[304.038s] -- Installing: /home/jetson/ros2/src/install/robot_localization/share/robot_localization/srv/FromLL.idl
[304.038s] -- Installing: /home/jetson/ros2/src/install/robot_localization/share/robot_localization/srv/GetState.idl
[304.039s] -- Installing: /home/jetson/ros2/src/install/robot_localization/share/robot_localization/srv/SetDatum.idl
[304.040s] -- Installing: /home/jetson/ros2/src/install/robot_localization/share/robot_localization/srv/SetPose.idl
[304.040s] -- Installing: /home/jetson/ros2/src/install/robot_localization/share/robot_localization/srv/ToggleFilterProcessing.idl
[304.041s] -- Installing: /home/jetson/ros2/src/install/robot_localization/share/robot_localization/srv/ToLL.idl
[304.041s] -- Installing: /home/jetson/ros2/src/install/robot_localization/share/robot_localization/srv/FromLL.srv
[304.042s] -- Installing: /home/jetson/ros2/src/install/robot_localization/share/robot_localization/srv/FromLL_Request.msg
[304.042s] -- Installing: /home/jetson/ros2/src/install/robot_localization/share/robot_localization/srv/FromLL_Response.msg
[304.043s] -- Installing: /home/jetson/ros2/src/install/robot_localization/share/robot_localization/srv/GetState.srv
[304.043s] -- Installing: /home/jetson/ros2/src/install/robot_localization/share/robot_localization/srv/GetState_Request.msg
[304.044s] -- Installing: /home/jetson/ros2/src/install/robot_localization/share/robot_localization/srv/GetState_Response.msg
[304.044s] -- Installing: /home/jetson/ros2/src/install/robot_localization/share/robot_localization/srv/SetDatum.srv
[304.045s] -- Installing: /home/jetson/ros2/src/install/robot_localization/share/robot_localization/srv/SetDatum_Request.msg
[304.046s] -- Installing: /home/jetson/ros2/src/install/robot_localization/share/robot_localization/srv/SetDatum_Response.msg
[304.046s] -- Installing: /home/jetson/ros2/src/install/robot_localization/share/robot_localization/srv/SetPose.srv
[304.046s] -- Installing: /home/jetson/ros2/src/install/robot_localization/share/robot_localization/srv/SetPose_Request.msg
[304.047s] -- Installing: /home/jetson/ros2/src/install/robot_localization/share/robot_localization/srv/SetPose_Response.msg
[304.047s] -- Installing: /home/jetson/ros2/src/install/robot_localization/share/robot_localization/srv/ToggleFilterProcessing.srv
[304.048s] -- Installing: /home/jetson/ros2/src/install/robot_localization/share/robot_localization/srv/ToggleFilterProcessing_Request.msg
[304.048s] -- Installing: /home/jetson/ros2/src/install/robot_localization/share/robot_localization/srv/ToggleFilterProcessing_Response.msg
[304.048s] -- Installing: /home/jetson/ros2/src/install/robot_localization/share/robot_localization/srv/ToLL.srv
[304.049s] -- Installing: /home/jetson/ros2/src/install/robot_localization/share/robot_localization/srv/ToLL_Request.msg
[304.049s] -- Installing: /home/jetson/ros2/src/install/robot_localization/share/robot_localization/srv/ToLL_Response.msg
[304.050s] -- Installing: /home/jetson/ros2/src/install/robot_localization/lib/robot_localization/filter_base-test
[304.075s] -- Set runtime path of "/home/jetson/ros2/src/install/robot_localization/lib/robot_localization/filter_base-test" to ""
[304.076s] -- Installing: /home/jetson/ros2/src/install/robot_localization/lib/robot_localization/test_filter_base_diagnostics_timestamps
[304.119s] -- Set runtime path of "/home/jetson/ros2/src/install/robot_localization/lib/robot_localization/test_filter_base_diagnostics_timestamps" to ""
[304.119s] -- Installing: /home/jetson/ros2/src/install/robot_localization/lib/robot_localization/test_ekf
[304.149s] -- Set runtime path of "/home/jetson/ros2/src/install/robot_localization/lib/robot_localization/test_ekf" to ""
[304.150s] -- Installing: /home/jetson/ros2/src/install/robot_localization/lib/robot_localization/test_ekf_localization_node_interfaces
[304.198s] -- Set runtime path of "/home/jetson/ros2/src/install/robot_localization/lib/robot_localization/test_ekf_localization_node_interfaces" to ""
[304.200s] -- Installing: /home/jetson/ros2/src/install/robot_localization/lib/robot_localization/test_ukf
[304.229s] -- Set runtime path of "/home/jetson/ros2/src/install/robot_localization/lib/robot_localization/test_ukf" to ""
[304.229s] -- Installing: /home/jetson/ros2/src/install/robot_localization/lib/robot_localization/test_ukf_localization_node_interfaces
[304.275s] -- Set runtime path of "/home/jetson/ros2/src/install/robot_localization/lib/robot_localization/test_ukf_localization_node_interfaces" to ""
[304.275s] -- Installing: /home/jetson/ros2/src/install/robot_localization/lib/robot_localization/test_robot_localization_estimator
[304.301s] -- Set runtime path of "/home/jetson/ros2/src/install/robot_localization/lib/robot_localization/test_robot_localization_estimator" to ""
[304.301s] -- Installing: /home/jetson/ros2/src/install/robot_localization/lib/robot_localization/test_navsat_conversions
[304.323s] -- Set runtime path of "/home/jetson/ros2/src/install/robot_localization/lib/robot_localization/test_navsat_conversions" to ""
[304.323s] -- Installing: /home/jetson/ros2/src/install/robot_localization/lib/robot_localization/test_navsat_transform
[304.351s] -- Set runtime path of "/home/jetson/ros2/src/install/robot_localization/lib/robot_localization/test_navsat_transform" to ""
[304.351s] -- Installing: /home/jetson/ros2/src/install/robot_localization/lib/robot_localization/test_ros_robot_localization_listener
[304.378s] -- Set runtime path of "/home/jetson/ros2/src/install/robot_localization/lib/robot_localization/test_ros_robot_localization_listener" to ""
[304.378s] -- Installing: /home/jetson/ros2/src/install/robot_localization/lib/robot_localization/test_ros_robot_localization_listener_publisher
[304.542s] -- Set runtime path of "/home/jetson/ros2/src/install/robot_localization/lib/robot_localization/test_ros_robot_localization_listener_publisher" to ""
[304.542s] -- Installing: /home/jetson/ros2/src/install/robot_localization/share/robot_localization/test
[304.543s] -- Installing: /home/jetson/ros2/src/install/robot_localization/share/robot_localization/test/test_ukf_localization_node_bag2.launch.py
[304.543s] -- Installing: /home/jetson/ros2/src/install/robot_localization/share/robot_localization/test/test_filter_base_diagnostics_timestamps.yaml
[304.544s] -- Installing: /home/jetson/ros2/src/install/robot_localization/share/robot_localization/test/test_ekf_localization_node_bag2.launch.py
[304.545s] -- Installing: /home/jetson/ros2/src/install/robot_localization/share/robot_localization/test/test_localization_node_bag_pose_tester.cpp
[304.546s] -- Installing: /home/jetson/ros2/src/install/robot_localization/share/robot_localization/test/test_navsat_transform.cpp
[304.548s] -- Installing: /home/jetson/ros2/src/install/robot_localization/share/robot_localization/test/test_ros_robot_localization_listener.launch.py
[304.549s] -- Installing: /home/jetson/ros2/src/install/robot_localization/share/robot_localization/test/test_filter_base.cpp
[304.550s] -- Installing: /home/jetson/ros2/src/install/robot_localization/share/robot_localization/test/test_ros_robot_localization_listener_publisher.cpp
[304.550s] -- Installing: /home/jetson/ros2/src/install/robot_localization/share/robot_localization/test/test_navsat_conversions.cpp
[304.551s] -- Installing: /home/jetson/ros2/src/install/robot_localization/share/robot_localization/test/test_ekf_localization_node_bag2.sh
[304.553s] -- Installing: /home/jetson/ros2/src/install/robot_localization/share/robot_localization/test/test_ekf_localization_node_bag3.sh
[304.553s] -- Installing: /home/jetson/ros2/src/install/robot_localization/share/robot_localization/test/test_ukf_localization_node_bag1.sh
[304.554s] -- Installing: /home/jetson/ros2/src/install/robot_localization/share/robot_localization/test/test_ukf_localization_node_interfaces.launch.py
[304.556s] -- Installing: /home/jetson/ros2/src/install/robot_localization/share/robot_localization/test/test_ukf_localization_node_bag1.launch.py
[304.557s] -- Installing: /home/jetson/ros2/src/install/robot_localization/share/robot_localization/test/test3.bag
[304.822s] -- Installing: /home/jetson/ros2/src/install/robot_localization/share/robot_localization/test/test_ukf_localization_node_bag2.yaml
[304.822s] -- Installing: /home/jetson/ros2/src/install/robot_localization/share/robot_localization/test/test_ukf_localization_node_bag2.sh
[304.822s] -- Installing: /home/jetson/ros2/src/install/robot_localization/share/robot_localization/test/test_ukf_localization_node_bag1.yaml
[304.822s] -- Installing: /home/jetson/ros2/src/install/robot_localization/share/robot_localization/test/test_ekf_localization_node_bag3.launch.py
[304.823s] -- Installing: /home/jetson/ros2/src/install/robot_localization/share/robot_localization/test/test_navsat_transform.launch.py
[304.823s] -- Installing: /home/jetson/ros2/src/install/robot_localization/share/robot_localization/test/test_ekf_localization_node_bag1.launch.py
[304.823s] -- Installing: /home/jetson/ros2/src/install/robot_localization/share/robot_localization/test/test_ukf_localization_node_interfaces.yaml
[304.824s] -- Installing: /home/jetson/ros2/src/install/robot_localization/share/robot_localization/test/test_ekf_localization_node_bag3.yaml
[304.824s] -- Installing: /home/jetson/ros2/src/install/robot_localization/share/robot_localization/test/test_ekf.cpp
[304.824s] -- Installing: /home/jetson/ros2/src/install/robot_localization/share/robot_localization/test/test_robot_localization_estimator.launch.py
[304.825s] -- Installing: /home/jetson/ros2/src/install/robot_localization/share/robot_localization/test/test_ekf_localization_node_interfaces.yaml
[304.825s] -- Installing: /home/jetson/ros2/src/install/robot_localization/share/robot_localization/test/test_ros_robot_localization_listener.cpp
[304.825s] -- Installing: /home/jetson/ros2/src/install/robot_localization/share/robot_localization/test/test_ukf.cpp
[304.826s] -- Installing: /home/jetson/ros2/src/install/robot_localization/share/robot_localization/test/test_robot_localization_estimator.cpp
[304.826s] -- Installing: /home/jetson/ros2/src/install/robot_localization/share/robot_localization/test/test_ukf_localization_node_interfaces.cpp
[304.827s] -- Installing: /home/jetson/ros2/src/install/robot_localization/share/robot_localization/test/test_ekf_localization_node_interfaces.launch.py
[304.827s] -- Installing: /home/jetson/ros2/src/install/robot_localization/share/robot_localization/test/test_ukf_localization_node_bag3.yaml
[304.827s] -- Installing: /home/jetson/ros2/src/install/robot_localization/share/robot_localization/test/test_ukf_localization_node_bag3.launch.py
[304.827s] -- Installing: /home/jetson/ros2/src/install/robot_localization/share/robot_localization/test/test_ekf_localization_node_bag2.yaml
[304.828s] -- Installing: /home/jetson/ros2/src/install/robot_localization/share/robot_localization/test/test_filter_base_diagnostics_timestamps.launch.py
[304.828s] -- Installing: /home/jetson/ros2/src/install/robot_localization/share/robot_localization/test/test2.bag
[304.830s] -- Installing: /home/jetson/ros2/src/install/robot_localization/share/robot_localization/test/test_ekf_localization_node_bag1.yaml
[304.831s] -- Installing: /home/jetson/ros2/src/install/robot_localization/share/robot_localization/test/test1.bag
[304.836s] -- Installing: /home/jetson/ros2/src/install/robot_localization/share/robot_localization/test/test_ekf_localization_node_bag1.sh
[304.836s] -- Installing: /home/jetson/ros2/src/install/robot_localization/share/robot_localization/test/test_filter_base_diagnostics_timestamps.cpp
[304.836s] -- Installing: /home/jetson/ros2/src/install/robot_localization/share/robot_localization/test/test_ukf_localization_node_bag3.sh
[304.837s] -- Installing: /home/jetson/ros2/src/install/robot_localization/share/robot_localization/test/test_ros_robot_localization_listener.yaml
[304.837s] -- Installing: /home/jetson/ros2/src/install/robot_localization/share/robot_localization/test/test_ekf_localization_node_interfaces.cpp
[304.838s] -- Installing: /home/jetson/ros2/src/install/robot_localization/lib/robot_localization/navsat_transform_node
[304.841s] -- Set runtime path of "/home/jetson/ros2/src/install/robot_localization/lib/robot_localization/navsat_transform_node" to ""
[304.842s] -- Installing: /home/jetson/ros2/src/install/robot_localization/lib/robot_localization/ekf_node
[304.848s] -- Set runtime path of "/home/jetson/ros2/src/install/robot_localization/lib/robot_localization/ekf_node" to ""
[304.848s] -- Installing: /home/jetson/ros2/src/install/robot_localization/lib/robot_localization/ukf_node
[304.854s] -- Set runtime path of "/home/jetson/ros2/src/install/robot_localization/lib/robot_localization/ukf_node" to ""
[304.855s] -- Installing: /home/jetson/ros2/src/install/robot_localization/lib/robot_localization/robot_localization_listener_node
[304.863s] -- Set runtime path of "/home/jetson/ros2/src/install/robot_localization/lib/robot_localization/robot_localization_listener_node" to ""
[304.863s] -- Installing: /home/jetson/ros2/src/install/robot_localization/lib/librl_lib.so
[305.131s] -- Set runtime path of "/home/jetson/ros2/src/install/robot_localization/lib/librl_lib.so" to ""
[305.131s] -- Up-to-date: /home/jetson/ros2/src/install/robot_localization/include
[305.132s] -- Up-to-date: /home/jetson/ros2/src/install/robot_localization/include/robot_localization
[305.132s] -- Installing: /home/jetson/ros2/src/install/robot_localization/include/robot_localization/robot_localization_estimator.hpp
[305.132s] -- Installing: /home/jetson/ros2/src/install/robot_localization/include/robot_localization/filter_base.hpp
[305.132s] -- Installing: /home/jetson/ros2/src/install/robot_localization/include/robot_localization/filter_state.hpp
[305.133s] -- Installing: /home/jetson/ros2/src/install/robot_localization/include/robot_localization/ros_robot_localization_listener.hpp
[305.133s] -- Installing: /home/jetson/ros2/src/install/robot_localization/include/robot_localization/filter_utilities.hpp
[305.133s] -- Installing: /home/jetson/ros2/src/install/robot_localization/include/robot_localization/measurement.hpp
[305.133s] -- Installing: /home/jetson/ros2/src/install/robot_localization/include/robot_localization/navsat_conversions.hpp
[305.134s] -- Installing: /home/jetson/ros2/src/install/robot_localization/include/robot_localization/ros_filter_types.hpp
[305.134s] -- Installing: /home/jetson/ros2/src/install/robot_localization/include/robot_localization/navsat_transform.hpp
[305.134s] -- Installing: /home/jetson/ros2/src/install/robot_localization/include/robot_localization/ukf.hpp
[305.135s] -- Installing: /home/jetson/ros2/src/install/robot_localization/include/robot_localization/ros_filter_utilities.hpp
[305.135s] -- Installing: /home/jetson/ros2/src/install/robot_localization/include/robot_localization/ekf.hpp
[305.135s] -- Installing: /home/jetson/ros2/src/install/robot_localization/include/robot_localization/filter_common.hpp
[305.136s] -- Installing: /home/jetson/ros2/src/install/robot_localization/include/robot_localization/ros_filter.hpp
[305.136s] -- Installing: /home/jetson/ros2/src/install/robot_localization/share/robot_localization/params
[305.136s] -- Installing: /home/jetson/ros2/src/install/robot_localization/share/robot_localization/params/ekf.yaml
[305.137s] -- Installing: /home/jetson/ros2/src/install/robot_localization/share/robot_localization/params/ekf_x1_x3.yaml
[305.137s] -- Installing: /home/jetson/ros2/src/install/robot_localization/share/robot_localization/params/ukf.yaml
[305.138s] -- Installing: /home/jetson/ros2/src/install/robot_localization/share/robot_localization/params/navsat_transform.yaml
[305.138s] -- Installing: /home/jetson/ros2/src/install/robot_localization/share/robot_localization/params/dual_ekf_navsat_example.yaml
[305.138s] -- Installing: /home/jetson/ros2/src/install/robot_localization/share/robot_localization/params/ekf_BK.yaml
[305.139s] -- Installing: /home/jetson/ros2/src/install/robot_localization/share/robot_localization/launch
[305.139s] -- Installing: /home/jetson/ros2/src/install/robot_localization/share/robot_localization/launch/ukf.launch.py
[305.139s] -- Installing: /home/jetson/ros2/src/install/robot_localization/share/robot_localization/launch/ekf.launch.py
[305.140s] -- Installing: /home/jetson/ros2/src/install/robot_localization/share/robot_localization/launch/ekf_x1_x3_launch.py
[305.140s] -- Installing: /home/jetson/ros2/src/install/robot_localization/share/robot_localization/launch/dual_ekf_navsat_example.launch.py
[305.140s] -- Installing: /home/jetson/ros2/src/install/robot_localization/share/robot_localization/launch/navsat_transform.launch.py
[305.141s] -- Installing: /home/jetson/ros2/src/install/robot_localization/share/ament_index/resource_index/package_run_dependencies/robot_localization
[305.142s] -- Installing: /home/jetson/ros2/src/install/robot_localization/share/ament_index/resource_index/parent_prefix_path/robot_localization
[305.143s] -- Installing: /home/jetson/ros2/src/install/robot_localization/share/robot_localization/environment/ament_prefix_path.sh
[305.144s] -- Installing: /home/jetson/ros2/src/install/robot_localization/share/robot_localization/environment/ament_prefix_path.dsv
[305.144s] -- Installing: /home/jetson/ros2/src/install/robot_localization/share/robot_localization/environment/path.sh
[305.145s] -- Installing: /home/jetson/ros2/src/install/robot_localization/share/robot_localization/environment/path.dsv
[305.145s] -- Installing: /home/jetson/ros2/src/install/robot_localization/share/robot_localization/local_setup.bash
[305.146s] -- Installing: /home/jetson/ros2/src/install/robot_localization/share/robot_localization/local_setup.sh
[305.147s] -- Installing: /home/jetson/ros2/src/install/robot_localization/share/robot_localization/local_setup.zsh
[305.147s] -- Installing: /home/jetson/ros2/src/install/robot_localization/share/robot_localization/local_setup.dsv
[305.148s] -- Installing: /home/jetson/ros2/src/install/robot_localization/share/robot_localization/package.dsv
[305.148s] -- Installing: /home/jetson/ros2/src/install/robot_localization/share/ament_index/resource_index/packages/robot_localization
[305.149s] -- Installing: /home/jetson/ros2/src/install/robot_localization/share/robot_localization/cmake/robot_localization__rosidl_generator_cExport.cmake
[305.150s] -- Installing: /home/jetson/ros2/src/install/robot_localization/share/robot_localization/cmake/robot_localization__rosidl_generator_cExport-relwithdebinfo.cmake
[305.150s] -- Installing: /home/jetson/ros2/src/install/robot_localization/share/robot_localization/cmake/robot_localization__rosidl_typesupport_introspection_cExport.cmake
[305.151s] -- Installing: /home/jetson/ros2/src/install/robot_localization/share/robot_localization/cmake/robot_localization__rosidl_typesupport_introspection_cExport-relwithdebinfo.cmake
[305.151s] -- Installing: /home/jetson/ros2/src/install/robot_localization/share/robot_localization/cmake/robot_localization__rosidl_typesupport_cExport.cmake
[305.152s] -- Installing: /home/jetson/ros2/src/install/robot_localization/share/robot_localization/cmake/robot_localization__rosidl_typesupport_cExport-relwithdebinfo.cmake
[305.152s] -- Installing: /home/jetson/ros2/src/install/robot_localization/share/robot_localization/cmake/robot_localization__rosidl_generator_cppExport.cmake
[305.153s] -- Installing: /home/jetson/ros2/src/install/robot_localization/share/robot_localization/cmake/robot_localization__rosidl_typesupport_introspection_cppExport.cmake
[305.153s] -- Installing: /home/jetson/ros2/src/install/robot_localization/share/robot_localization/cmake/robot_localization__rosidl_typesupport_introspection_cppExport-relwithdebinfo.cmake
[305.154s] -- Installing: /home/jetson/ros2/src/install/robot_localization/share/robot_localization/cmake/robot_localization__rosidl_typesupport_cppExport.cmake
[305.154s] -- Installing: /home/jetson/ros2/src/install/robot_localization/share/robot_localization/cmake/robot_localization__rosidl_typesupport_cppExport-relwithdebinfo.cmake
[305.155s] -- Installing: /home/jetson/ros2/src/install/robot_localization/share/robot_localization/cmake/rosidl_cmake-extras.cmake
[305.155s] -- Installing: /home/jetson/ros2/src/install/robot_localization/share/robot_localization/cmake/ament_cmake_export_dependencies-extras.cmake
[305.156s] -- Installing: /home/jetson/ros2/src/install/robot_localization/share/robot_localization/cmake/ament_cmake_export_libraries-extras.cmake
[305.156s] -- Installing: /home/jetson/ros2/src/install/robot_localization/share/robot_localization/cmake/ament_cmake_export_targets-extras.cmake
[305.157s] -- Installing: /home/jetson/ros2/src/install/robot_localization/share/robot_localization/cmake/ament_cmake_export_include_directories-extras.cmake
[305.157s] -- Installing: /home/jetson/ros2/src/install/robot_localization/share/robot_localization/cmake/rosidl_cmake_export_typesupport_libraries-extras.cmake
[305.158s] -- Installing: /home/jetson/ros2/src/install/robot_localization/share/robot_localization/cmake/rosidl_cmake_export_typesupport_targets-extras.cmake
[305.159s] -- Installing: /home/jetson/ros2/src/install/robot_localization/share/robot_localization/cmake/robot_localizationConfig.cmake
[305.159s] -- Installing: /home/jetson/ros2/src/install/robot_localization/share/robot_localization/cmake/robot_localizationConfig-version.cmake
[305.159s] -- Installing: /home/jetson/ros2/src/install/robot_localization/share/robot_localization/package.xml
[305.169s] Invoked command in '/home/jetson/ros2/src/build/robot_localization' returned '0': CMAKE_PREFIX_PATH=/opt/ros/foxy /usr/bin/cmake --install /home/jetson/ros2/src/build/robot_localization
