[0.498s] DEBUG:colcon:Command line arguments: ['/usr/bin/colcon', 'build']
[0.498s] DEBUG:colcon:Parsed command line arguments: Namespace(allow_overriding=[], ament_cmake_args=None, base_paths=['.'], build_base='build', catkin_cmake_args=None, catkin_skip_building_tests=False, cmake_args=None, cmake_clean_cache=False, cmake_clean_first=False, cmake_force_configure=False, cmake_target=None, cmake_target_skip_unavailable=False, continue_on_error=False, event_handlers=None, executor='parallel', ignore_user_meta=False, install_base='install', log_base=None, log_level=None, main=<bound method BuildVerb.main of <colcon_core.verb.build.BuildVerb object at 0xffffa1103430>>, merge_install=False, metas=['./colcon.meta'], packages_above=None, packages_above_and_dependencies=None, packages_above_depth=None, packages_end=None, packages_ignore=None, packages_ignore_regex=None, packages_select=None, packages_select_build_failed=False, packages_select_by_dep=None, packages_select_regex=None, packages_select_test_failures=False, packages_skip=None, packages_skip_build_finished=False, packages_skip_by_dep=None, packages_skip_regex=None, packages_skip_test_passed=False, packages_skip_up_to=None, packages_start=None, packages_up_to=None, packages_up_to_regex=None, parallel_workers=6, paths=None, symlink_install=False, test_result_base=None, verb_extension=<colcon_core.verb.build.BuildVerb object at 0xffffa1103430>, verb_name='build', verb_parser=<colcon_defaults.argument_parser.defaults.DefaultArgumentsDecorator object at 0xffffa1103910>)
[0.860s] Level 1:colcon.colcon_core.package_discovery:discover_packages(colcon_meta) check parameters
[0.861s] Level 1:colcon.colcon_core.package_discovery:discover_packages(recursive) check parameters
[0.861s] Level 1:colcon.colcon_core.package_discovery:discover_packages(ignore) check parameters
[0.861s] Level 1:colcon.colcon_core.package_discovery:discover_packages(path) check parameters
[0.861s] Level 1:colcon.colcon_core.package_discovery:discover_packages(colcon_meta) discover
[0.861s] Level 1:colcon.colcon_core.package_discovery:discover_packages(recursive) discover
[0.861s] INFO:colcon.colcon_core.package_discovery:Crawling recursively for packages in '/home/jetson/ros2/src'
[0.862s] Level 1:colcon.colcon_core.package_identification:_identify(.) by extensions ['ignore', 'ignore_ament_install']
[0.862s] Level 1:colcon.colcon_core.package_identification:_identify(.) by extension 'ignore'
[0.862s] Level 1:colcon.colcon_core.package_identification:_identify(.) by extension 'ignore_ament_install'
[0.862s] Level 1:colcon.colcon_core.package_identification:_identify(.) by extensions ['colcon_pkg']
[0.862s] Level 1:colcon.colcon_core.package_identification:_identify(.) by extension 'colcon_pkg'
[0.862s] Level 1:colcon.colcon_core.package_identification:_identify(.) by extensions ['colcon_meta']
[0.862s] Level 1:colcon.colcon_core.package_identification:_identify(.) by extension 'colcon_meta'
[0.863s] Level 1:colcon.colcon_core.package_identification:_identify(.) by extensions ['ros']
[0.863s] Level 1:colcon.colcon_core.package_identification:_identify(.) by extension 'ros'
[0.886s] Level 1:colcon.colcon_core.package_identification:_identify(.) by extensions ['cmake', 'python']
[0.886s] Level 1:colcon.colcon_core.package_identification:_identify(.) by extension 'cmake'
[0.886s] Level 1:colcon.colcon_core.package_identification:_identify(.) by extension 'python'
[0.886s] Level 1:colcon.colcon_core.package_identification:_identify(.) by extensions ['python_setup_py']
[0.886s] Level 1:colcon.colcon_core.package_identification:_identify(.) by extension 'python_setup_py'
[0.887s] Level 1:colcon.colcon_core.package_identification:_identify(build) by extensions ['ignore', 'ignore_ament_install']
[0.887s] Level 1:colcon.colcon_core.package_identification:_identify(build) by extension 'ignore'
[0.887s] Level 1:colcon.colcon_core.package_identification:_identify(build) ignored
[0.887s] Level 1:colcon.colcon_core.package_identification:_identify(install) by extensions ['ignore', 'ignore_ament_install']
[0.887s] Level 1:colcon.colcon_core.package_identification:_identify(install) by extension 'ignore'
[0.888s] Level 1:colcon.colcon_core.package_identification:_identify(install) ignored
[0.888s] Level 1:colcon.colcon_core.package_identification:_identify(log) by extensions ['ignore', 'ignore_ament_install']
[0.888s] Level 1:colcon.colcon_core.package_identification:_identify(log) by extension 'ignore'
[0.888s] Level 1:colcon.colcon_core.package_identification:_identify(log) ignored
[0.888s] Level 1:colcon.colcon_core.package_identification:_identify(robot_localization) by extensions ['ignore', 'ignore_ament_install']
[0.889s] Level 1:colcon.colcon_core.package_identification:_identify(robot_localization) by extension 'ignore'
[0.889s] Level 1:colcon.colcon_core.package_identification:_identify(robot_localization) by extension 'ignore_ament_install'
[0.889s] Level 1:colcon.colcon_core.package_identification:_identify(robot_localization) by extensions ['colcon_pkg']
[0.889s] Level 1:colcon.colcon_core.package_identification:_identify(robot_localization) by extension 'colcon_pkg'
[0.889s] Level 1:colcon.colcon_core.package_identification:_identify(robot_localization) by extensions ['colcon_meta']
[0.889s] Level 1:colcon.colcon_core.package_identification:_identify(robot_localization) by extension 'colcon_meta'
[0.889s] Level 1:colcon.colcon_core.package_identification:_identify(robot_localization) by extensions ['ros']
[0.889s] Level 1:colcon.colcon_core.package_identification:_identify(robot_localization) by extension 'ros'
[0.897s] DEBUG:colcon.colcon_core.package_identification:Package 'robot_localization' with type 'ros.ament_cmake' and name 'robot_localization'
[0.897s] Level 1:colcon.colcon_core.package_identification:_identify(yahboomcar_bringup) by extensions ['ignore', 'ignore_ament_install']
[0.897s] Level 1:colcon.colcon_core.package_identification:_identify(yahboomcar_bringup) by extension 'ignore'
[0.898s] Level 1:colcon.colcon_core.package_identification:_identify(yahboomcar_bringup) by extension 'ignore_ament_install'
[0.898s] Level 1:colcon.colcon_core.package_identification:_identify(yahboomcar_bringup) by extensions ['colcon_pkg']
[0.898s] Level 1:colcon.colcon_core.package_identification:_identify(yahboomcar_bringup) by extension 'colcon_pkg'
[0.898s] Level 1:colcon.colcon_core.package_identification:_identify(yahboomcar_bringup) by extensions ['colcon_meta']
[0.898s] Level 1:colcon.colcon_core.package_identification:_identify(yahboomcar_bringup) by extension 'colcon_meta'
[0.898s] Level 1:colcon.colcon_core.package_identification:_identify(yahboomcar_bringup) by extensions ['ros']
[0.898s] Level 1:colcon.colcon_core.package_identification:_identify(yahboomcar_bringup) by extension 'ros'
[0.899s] DEBUG:colcon.colcon_core.package_identification:Package 'yahboomcar_bringup' with type 'ros.ament_python' and name 'yahboomcar_bringup'
[0.900s] Level 1:colcon.colcon_core.package_identification:_identify(yahboomcar_description) by extensions ['ignore', 'ignore_ament_install']
[0.900s] Level 1:colcon.colcon_core.package_identification:_identify(yahboomcar_description) by extension 'ignore'
[0.900s] Level 1:colcon.colcon_core.package_identification:_identify(yahboomcar_description) by extension 'ignore_ament_install'
[0.900s] Level 1:colcon.colcon_core.package_identification:_identify(yahboomcar_description) by extensions ['colcon_pkg']
[0.900s] Level 1:colcon.colcon_core.package_identification:_identify(yahboomcar_description) by extension 'colcon_pkg'
[0.900s] Level 1:colcon.colcon_core.package_identification:_identify(yahboomcar_description) by extensions ['colcon_meta']
[0.900s] Level 1:colcon.colcon_core.package_identification:_identify(yahboomcar_description) by extension 'colcon_meta'
[0.900s] Level 1:colcon.colcon_core.package_identification:_identify(yahboomcar_description) by extensions ['ros']
[0.901s] Level 1:colcon.colcon_core.package_identification:_identify(yahboomcar_description) by extension 'ros'
[0.901s] DEBUG:colcon.colcon_core.package_identification:Package 'yahboomcar_description' with type 'ros.ament_python' and name 'yahboomcar_description'
[0.902s] Level 1:colcon.colcon_core.package_identification:_identify(yahboomcar_linefollow) by extensions ['ignore', 'ignore_ament_install']
[0.902s] Level 1:colcon.colcon_core.package_identification:_identify(yahboomcar_linefollow) by extension 'ignore'
[0.902s] Level 1:colcon.colcon_core.package_identification:_identify(yahboomcar_linefollow) by extension 'ignore_ament_install'
[0.902s] Level 1:colcon.colcon_core.package_identification:_identify(yahboomcar_linefollow) by extensions ['colcon_pkg']
[0.902s] Level 1:colcon.colcon_core.package_identification:_identify(yahboomcar_linefollow) by extension 'colcon_pkg'
[0.902s] Level 1:colcon.colcon_core.package_identification:_identify(yahboomcar_linefollow) by extensions ['colcon_meta']
[0.902s] Level 1:colcon.colcon_core.package_identification:_identify(yahboomcar_linefollow) by extension 'colcon_meta'
[0.902s] Level 1:colcon.colcon_core.package_identification:_identify(yahboomcar_linefollow) by extensions ['ros']
[0.903s] Level 1:colcon.colcon_core.package_identification:_identify(yahboomcar_linefollow) by extension 'ros'
[0.903s] DEBUG:colcon.colcon_core.package_identification:Package 'yahboomcar_linefollow' with type 'ros.ament_python' and name 'yahboomcar_linefollow'
[0.903s] Level 1:colcon.colcon_core.package_discovery:discover_packages(recursive) using defaults
[0.904s] Level 1:colcon.colcon_core.package_discovery:discover_packages(ignore) discover
[0.904s] Level 1:colcon.colcon_core.package_discovery:discover_packages(ignore) using defaults
[0.904s] Level 1:colcon.colcon_core.package_discovery:discover_packages(path) discover
[0.904s] Level 1:colcon.colcon_core.package_discovery:discover_packages(path) using defaults
[0.967s] Level 1:colcon.colcon_core.package_discovery:discover_packages(prefix_path) check parameters
[0.967s] Level 1:colcon.colcon_core.package_discovery:discover_packages(prefix_path) discover
[0.972s] DEBUG:colcon.colcon_installed_package_information.package_discovery:Found 264 installed packages in /opt/ros/foxy
[0.975s] Level 1:colcon.colcon_core.package_discovery:discover_packages(prefix_path) using defaults
[1.096s] Level 5:colcon.colcon_core.verb:set package 'robot_localization' build argument 'cmake_args' from command line to 'None'
[1.096s] Level 5:colcon.colcon_core.verb:set package 'robot_localization' build argument 'cmake_target' from command line to 'None'
[1.096s] Level 5:colcon.colcon_core.verb:set package 'robot_localization' build argument 'cmake_target_skip_unavailable' from command line to 'False'
[1.096s] Level 5:colcon.colcon_core.verb:set package 'robot_localization' build argument 'cmake_clean_cache' from command line to 'False'
[1.096s] Level 5:colcon.colcon_core.verb:set package 'robot_localization' build argument 'cmake_clean_first' from command line to 'False'
[1.096s] Level 5:colcon.colcon_core.verb:set package 'robot_localization' build argument 'cmake_force_configure' from command line to 'False'
[1.096s] Level 5:colcon.colcon_core.verb:set package 'robot_localization' build argument 'ament_cmake_args' from command line to 'None'
[1.097s] Level 5:colcon.colcon_core.verb:set package 'robot_localization' build argument 'catkin_cmake_args' from command line to 'None'
[1.097s] Level 5:colcon.colcon_core.verb:set package 'robot_localization' build argument 'catkin_skip_building_tests' from command line to 'False'
[1.097s] DEBUG:colcon.colcon_core.verb:Building package 'robot_localization' with the following arguments: {'ament_cmake_args': None, 'build_base': '/home/jetson/ros2/src/build/robot_localization', 'catkin_cmake_args': None, 'catkin_skip_building_tests': False, 'cmake_args': None, 'cmake_clean_cache': False, 'cmake_clean_first': False, 'cmake_force_configure': False, 'cmake_target': None, 'cmake_target_skip_unavailable': False, 'install_base': '/home/jetson/ros2/src/install/robot_localization', 'merge_install': False, 'path': '/home/jetson/ros2/src/robot_localization', 'symlink_install': False, 'test_result_base': None}
[1.097s] Level 5:colcon.colcon_core.verb:set package 'yahboomcar_bringup' build argument 'cmake_args' from command line to 'None'
[1.098s] Level 5:colcon.colcon_core.verb:set package 'yahboomcar_bringup' build argument 'cmake_target' from command line to 'None'
[1.098s] Level 5:colcon.colcon_core.verb:set package 'yahboomcar_bringup' build argument 'cmake_target_skip_unavailable' from command line to 'False'
[1.098s] Level 5:colcon.colcon_core.verb:set package 'yahboomcar_bringup' build argument 'cmake_clean_cache' from command line to 'False'
[1.098s] Level 5:colcon.colcon_core.verb:set package 'yahboomcar_bringup' build argument 'cmake_clean_first' from command line to 'False'
[1.098s] Level 5:colcon.colcon_core.verb:set package 'yahboomcar_bringup' build argument 'cmake_force_configure' from command line to 'False'
[1.098s] Level 5:colcon.colcon_core.verb:set package 'yahboomcar_bringup' build argument 'ament_cmake_args' from command line to 'None'
[1.098s] Level 5:colcon.colcon_core.verb:set package 'yahboomcar_bringup' build argument 'catkin_cmake_args' from command line to 'None'
[1.098s] Level 5:colcon.colcon_core.verb:set package 'yahboomcar_bringup' build argument 'catkin_skip_building_tests' from command line to 'False'
[1.098s] DEBUG:colcon.colcon_core.verb:Building package 'yahboomcar_bringup' with the following arguments: {'ament_cmake_args': None, 'build_base': '/home/jetson/ros2/src/build/yahboomcar_bringup', 'catkin_cmake_args': None, 'catkin_skip_building_tests': False, 'cmake_args': None, 'cmake_clean_cache': False, 'cmake_clean_first': False, 'cmake_force_configure': False, 'cmake_target': None, 'cmake_target_skip_unavailable': False, 'install_base': '/home/jetson/ros2/src/install/yahboomcar_bringup', 'merge_install': False, 'path': '/home/jetson/ros2/src/yahboomcar_bringup', 'symlink_install': False, 'test_result_base': None}
[1.099s] Level 5:colcon.colcon_core.verb:set package 'yahboomcar_description' build argument 'cmake_args' from command line to 'None'
[1.099s] Level 5:colcon.colcon_core.verb:set package 'yahboomcar_description' build argument 'cmake_target' from command line to 'None'
[1.099s] Level 5:colcon.colcon_core.verb:set package 'yahboomcar_description' build argument 'cmake_target_skip_unavailable' from command line to 'False'
[1.099s] Level 5:colcon.colcon_core.verb:set package 'yahboomcar_description' build argument 'cmake_clean_cache' from command line to 'False'
[1.099s] Level 5:colcon.colcon_core.verb:set package 'yahboomcar_description' build argument 'cmake_clean_first' from command line to 'False'
[1.099s] Level 5:colcon.colcon_core.verb:set package 'yahboomcar_description' build argument 'cmake_force_configure' from command line to 'False'
[1.099s] Level 5:colcon.colcon_core.verb:set package 'yahboomcar_description' build argument 'ament_cmake_args' from command line to 'None'
[1.099s] Level 5:colcon.colcon_core.verb:set package 'yahboomcar_description' build argument 'catkin_cmake_args' from command line to 'None'
[1.099s] Level 5:colcon.colcon_core.verb:set package 'yahboomcar_description' build argument 'catkin_skip_building_tests' from command line to 'False'
[1.099s] DEBUG:colcon.colcon_core.verb:Building package 'yahboomcar_description' with the following arguments: {'ament_cmake_args': None, 'build_base': '/home/jetson/ros2/src/build/yahboomcar_description', 'catkin_cmake_args': None, 'catkin_skip_building_tests': False, 'cmake_args': None, 'cmake_clean_cache': False, 'cmake_clean_first': False, 'cmake_force_configure': False, 'cmake_target': None, 'cmake_target_skip_unavailable': False, 'install_base': '/home/jetson/ros2/src/install/yahboomcar_description', 'merge_install': False, 'path': '/home/jetson/ros2/src/yahboomcar_description', 'symlink_install': False, 'test_result_base': None}
[1.100s] Level 5:colcon.colcon_core.verb:set package 'yahboomcar_linefollow' build argument 'cmake_args' from command line to 'None'
[1.100s] Level 5:colcon.colcon_core.verb:set package 'yahboomcar_linefollow' build argument 'cmake_target' from command line to 'None'
[1.100s] Level 5:colcon.colcon_core.verb:set package 'yahboomcar_linefollow' build argument 'cmake_target_skip_unavailable' from command line to 'False'
[1.100s] Level 5:colcon.colcon_core.verb:set package 'yahboomcar_linefollow' build argument 'cmake_clean_cache' from command line to 'False'
[1.100s] Level 5:colcon.colcon_core.verb:set package 'yahboomcar_linefollow' build argument 'cmake_clean_first' from command line to 'False'
[1.100s] Level 5:colcon.colcon_core.verb:set package 'yahboomcar_linefollow' build argument 'cmake_force_configure' from command line to 'False'
[1.100s] Level 5:colcon.colcon_core.verb:set package 'yahboomcar_linefollow' build argument 'ament_cmake_args' from command line to 'None'
[1.100s] Level 5:colcon.colcon_core.verb:set package 'yahboomcar_linefollow' build argument 'catkin_cmake_args' from command line to 'None'
[1.100s] Level 5:colcon.colcon_core.verb:set package 'yahboomcar_linefollow' build argument 'catkin_skip_building_tests' from command line to 'False'
[1.101s] DEBUG:colcon.colcon_core.verb:Building package 'yahboomcar_linefollow' with the following arguments: {'ament_cmake_args': None, 'build_base': '/home/jetson/ros2/src/build/yahboomcar_linefollow', 'catkin_cmake_args': None, 'catkin_skip_building_tests': False, 'cmake_args': None, 'cmake_clean_cache': False, 'cmake_clean_first': False, 'cmake_force_configure': False, 'cmake_target': None, 'cmake_target_skip_unavailable': False, 'install_base': '/home/jetson/ros2/src/install/yahboomcar_linefollow', 'merge_install': False, 'path': '/home/jetson/ros2/src/yahboomcar_linefollow', 'symlink_install': False, 'test_result_base': None}
[1.101s] INFO:colcon.colcon_core.executor:Executing jobs using 'parallel' executor
[1.103s] DEBUG:colcon.colcon_parallel_executor.executor.parallel:run_until_complete
[1.104s] INFO:colcon.colcon_ros.task.ament_cmake.build:Building ROS package in '/home/jetson/ros2/src/robot_localization' with build type 'ament_cmake'
[1.104s] INFO:colcon.colcon_cmake.task.cmake.build:Building CMake package in '/home/jetson/ros2/src/robot_localization'
[1.109s] INFO:colcon.colcon_core.plugin_system:Skipping extension 'colcon_core.shell.bat': Not used on non-Windows systems
[1.109s] INFO:colcon.colcon_core.shell:Skip shell extension 'powershell' for command environment: Not usable outside of PowerShell
[1.109s] DEBUG:colcon.colcon_core.shell:Skip shell extension 'dsv' for command environment
[1.119s] INFO:colcon.colcon_ros.task.ament_python.build:Building ROS package in '/home/jetson/ros2/src/yahboomcar_bringup' with build type 'ament_python'
[1.120s] Level 1:colcon.colcon_core.shell:create_environment_hook('yahboomcar_bringup', 'ament_prefix_path')
[1.121s] INFO:colcon.colcon_core.shell:Creating environment hook '/home/jetson/ros2/src/install/yahboomcar_bringup/share/yahboomcar_bringup/hook/ament_prefix_path.ps1'
[1.123s] INFO:colcon.colcon_core.shell:Creating environment descriptor '/home/jetson/ros2/src/install/yahboomcar_bringup/share/yahboomcar_bringup/hook/ament_prefix_path.dsv'
[1.124s] INFO:colcon.colcon_core.shell:Creating environment hook '/home/jetson/ros2/src/install/yahboomcar_bringup/share/yahboomcar_bringup/hook/ament_prefix_path.sh'
[1.125s] INFO:colcon.colcon_core.shell:Skip shell extension 'powershell' for command environment: Not usable outside of PowerShell
[1.125s] DEBUG:colcon.colcon_core.shell:Skip shell extension 'dsv' for command environment
[1.134s] INFO:colcon.colcon_ros.task.ament_python.build:Building ROS package in '/home/jetson/ros2/src/yahboomcar_description' with build type 'ament_python'
[1.135s] Level 1:colcon.colcon_core.shell:create_environment_hook('yahboomcar_description', 'ament_prefix_path')
[1.136s] INFO:colcon.colcon_core.shell:Creating environment hook '/home/jetson/ros2/src/install/yahboomcar_description/share/yahboomcar_description/hook/ament_prefix_path.ps1'
[1.137s] INFO:colcon.colcon_core.shell:Creating environment descriptor '/home/jetson/ros2/src/install/yahboomcar_description/share/yahboomcar_description/hook/ament_prefix_path.dsv'
[1.138s] INFO:colcon.colcon_core.shell:Creating environment hook '/home/jetson/ros2/src/install/yahboomcar_description/share/yahboomcar_description/hook/ament_prefix_path.sh'
[1.139s] INFO:colcon.colcon_core.shell:Skip shell extension 'powershell' for command environment: Not usable outside of PowerShell
[1.139s] DEBUG:colcon.colcon_core.shell:Skip shell extension 'dsv' for command environment
[1.148s] INFO:colcon.colcon_ros.task.ament_python.build:Building ROS package in '/home/jetson/ros2/src/yahboomcar_linefollow' with build type 'ament_python'
[1.149s] Level 1:colcon.colcon_core.shell:create_environment_hook('yahboomcar_linefollow', 'ament_prefix_path')
[1.150s] INFO:colcon.colcon_core.shell:Creating environment hook '/home/jetson/ros2/src/install/yahboomcar_linefollow/share/yahboomcar_linefollow/hook/ament_prefix_path.ps1'
[1.151s] INFO:colcon.colcon_core.shell:Creating environment descriptor '/home/jetson/ros2/src/install/yahboomcar_linefollow/share/yahboomcar_linefollow/hook/ament_prefix_path.dsv'
[1.152s] INFO:colcon.colcon_core.shell:Creating environment hook '/home/jetson/ros2/src/install/yahboomcar_linefollow/share/yahboomcar_linefollow/hook/ament_prefix_path.sh'
[1.153s] INFO:colcon.colcon_core.shell:Skip shell extension 'powershell' for command environment: Not usable outside of PowerShell
[1.153s] DEBUG:colcon.colcon_core.shell:Skip shell extension 'dsv' for command environment
[1.175s] DEBUG:colcon.colcon_core.event_handler.log_command:Invoking command in '/home/jetson/ros2/src/build/robot_localization': CMAKE_PREFIX_PATH=/opt/ros/foxy /usr/bin/cmake /home/jetson/ros2/src/robot_localization -DCMAKE_INSTALL_PREFIX=/home/jetson/ros2/src/install/robot_localization
[1.742s] INFO:colcon.colcon_core.task.python.build:Building Python package in '/home/jetson/ros2/src/yahboomcar_bringup'
[1.743s] INFO:colcon.colcon_core.shell:Skip shell extension 'powershell' for command environment: Not usable outside of PowerShell
[1.743s] DEBUG:colcon.colcon_core.shell:Skip shell extension 'dsv' for command environment
[2.317s] INFO:colcon.colcon_core.task.python.build:Building Python package in '/home/jetson/ros2/src/yahboomcar_description'
[2.318s] INFO:colcon.colcon_core.shell:Skip shell extension 'powershell' for command environment: Not usable outside of PowerShell
[2.319s] DEBUG:colcon.colcon_core.shell:Skip shell extension 'dsv' for command environment
[2.871s] INFO:colcon.colcon_core.task.python.build:Building Python package in '/home/jetson/ros2/src/yahboomcar_linefollow'
[2.873s] INFO:colcon.colcon_core.shell:Skip shell extension 'powershell' for command environment: Not usable outside of PowerShell
[2.873s] DEBUG:colcon.colcon_core.shell:Skip shell extension 'dsv' for command environment
[3.908s] DEBUG:colcon.colcon_core.event_handler.log_command:Invoking command in '/home/jetson/ros2/src/yahboomcar_bringup': PYTHONPATH=/home/jetson/ros2/src/build/yahboomcar_bringup/prefix_override:/home/jetson/ros2/src/install/yahboomcar_bringup/lib/python3.8/site-packages:${PYTHONPATH} /usr/bin/python3 -W ignore:setup.py install is deprecated setup.py egg_info --egg-base ../build/yahboomcar_bringup build --build-base /home/jetson/ros2/src/build/yahboomcar_bringup/build install --record /home/jetson/ros2/src/build/yahboomcar_bringup/install.log --install-scripts $base/lib/yahboomcar_bringup --single-version-externally-managed install_data
[3.938s] DEBUG:colcon.colcon_core.event_handler.log_command:Invoking command in '/home/jetson/ros2/src/yahboomcar_description': PYTHONPATH=/home/jetson/ros2/src/build/yahboomcar_description/prefix_override:/home/jetson/ros2/src/install/yahboomcar_description/lib/python3.8/site-packages:${PYTHONPATH} /usr/bin/python3 -W ignore:setup.py install is deprecated setup.py egg_info --egg-base ../build/yahboomcar_description build --build-base /home/jetson/ros2/src/build/yahboomcar_description/build install --record /home/jetson/ros2/src/build/yahboomcar_description/install.log --install-scripts $base/lib/yahboomcar_description --single-version-externally-managed install_data
[3.950s] DEBUG:colcon.colcon_core.event_handler.log_command:Invoking command in '/home/jetson/ros2/src/yahboomcar_linefollow': PYTHONPATH=/home/jetson/ros2/src/build/yahboomcar_linefollow/prefix_override:/home/jetson/ros2/src/install/yahboomcar_linefollow/lib/python3.8/site-packages:${PYTHONPATH} /usr/bin/python3 -W ignore:setup.py install is deprecated setup.py egg_info --egg-base ../build/yahboomcar_linefollow build --build-base /home/jetson/ros2/src/build/yahboomcar_linefollow/build install --record /home/jetson/ros2/src/build/yahboomcar_linefollow/install.log --install-scripts $base/lib/yahboomcar_linefollow --single-version-externally-managed install_data
[4.594s] Level 1:colcon.colcon_core.environment:checking '/home/jetson/ros2/src/install/yahboomcar_bringup' for CMake module files
[4.596s] Level 1:colcon.colcon_core.environment:checking '/home/jetson/ros2/src/install/yahboomcar_bringup' for CMake config files
[4.599s] DEBUG:colcon.colcon_core.event_handler.log_command:Invoked command in '/home/jetson/ros2/src/yahboomcar_bringup' returned '0': PYTHONPATH=/home/jetson/ros2/src/build/yahboomcar_bringup/prefix_override:/home/jetson/ros2/src/install/yahboomcar_bringup/lib/python3.8/site-packages:${PYTHONPATH} /usr/bin/python3 -W ignore:setup.py install is deprecated setup.py egg_info --egg-base ../build/yahboomcar_bringup build --build-base /home/jetson/ros2/src/build/yahboomcar_bringup/build install --record /home/jetson/ros2/src/build/yahboomcar_bringup/install.log --install-scripts $base/lib/yahboomcar_bringup --single-version-externally-managed install_data
[4.600s] Level 1:colcon.colcon_core.environment:checking '/home/jetson/ros2/src/install/yahboomcar_bringup/lib'
[4.600s] Level 1:colcon.colcon_core.environment:checking '/home/jetson/ros2/src/install/yahboomcar_bringup/bin'
[4.601s] Level 1:colcon.colcon_core.environment:checking '/home/jetson/ros2/src/install/yahboomcar_bringup/lib/pkgconfig/yahboomcar_bringup.pc'
[4.601s] Level 1:colcon.colcon_core.environment:checking '/home/jetson/ros2/src/install/yahboomcar_bringup/lib/python3.8/site-packages'
[4.601s] Level 1:colcon.colcon_core.shell:create_environment_hook('yahboomcar_bringup', 'pythonpath')
[4.602s] INFO:colcon.colcon_core.shell:Creating environment hook '/home/jetson/ros2/src/install/yahboomcar_bringup/share/yahboomcar_bringup/hook/pythonpath.ps1'
[4.603s] INFO:colcon.colcon_core.shell:Creating environment descriptor '/home/jetson/ros2/src/install/yahboomcar_bringup/share/yahboomcar_bringup/hook/pythonpath.dsv'
[4.604s] INFO:colcon.colcon_core.shell:Creating environment hook '/home/jetson/ros2/src/install/yahboomcar_bringup/share/yahboomcar_bringup/hook/pythonpath.sh'
[4.606s] Level 1:colcon.colcon_core.environment:checking '/home/jetson/ros2/src/install/yahboomcar_bringup/bin'
[4.606s] Level 1:colcon.colcon_core.environment:create_environment_scripts_only(yahboomcar_bringup)
[4.607s] INFO:colcon.colcon_core.shell:Creating package script '/home/jetson/ros2/src/install/yahboomcar_bringup/share/yahboomcar_bringup/package.ps1'
[4.609s] INFO:colcon.colcon_core.shell:Creating package descriptor '/home/jetson/ros2/src/install/yahboomcar_bringup/share/yahboomcar_bringup/package.dsv'
[4.610s] INFO:colcon.colcon_core.shell:Creating package script '/home/jetson/ros2/src/install/yahboomcar_bringup/share/yahboomcar_bringup/package.sh'
[4.614s] INFO:colcon.colcon_core.shell:Creating package script '/home/jetson/ros2/src/install/yahboomcar_bringup/share/yahboomcar_bringup/package.bash'
[4.616s] INFO:colcon.colcon_core.shell:Creating package script '/home/jetson/ros2/src/install/yahboomcar_bringup/share/yahboomcar_bringup/package.zsh'
[4.618s] Level 1:colcon.colcon_core.environment:create_file_with_runtime_dependencies(/home/jetson/ros2/src/install/yahboomcar_bringup/share/colcon-core/packages/yahboomcar_bringup)
[4.638s] Level 1:colcon.colcon_core.environment:checking '/home/jetson/ros2/src/install/yahboomcar_description' for CMake module files
[4.640s] DEBUG:colcon.colcon_core.event_handler.log_command:Invoked command in '/home/jetson/ros2/src/yahboomcar_description' returned '0': PYTHONPATH=/home/jetson/ros2/src/build/yahboomcar_description/prefix_override:/home/jetson/ros2/src/install/yahboomcar_description/lib/python3.8/site-packages:${PYTHONPATH} /usr/bin/python3 -W ignore:setup.py install is deprecated setup.py egg_info --egg-base ../build/yahboomcar_description build --build-base /home/jetson/ros2/src/build/yahboomcar_description/build install --record /home/jetson/ros2/src/build/yahboomcar_description/install.log --install-scripts $base/lib/yahboomcar_description --single-version-externally-managed install_data
[4.640s] Level 1:colcon.colcon_core.environment:checking '/home/jetson/ros2/src/install/yahboomcar_description' for CMake config files
[4.642s] Level 1:colcon.colcon_core.environment:checking '/home/jetson/ros2/src/install/yahboomcar_description/lib'
[4.642s] Level 1:colcon.colcon_core.environment:checking '/home/jetson/ros2/src/install/yahboomcar_description/bin'
[4.642s] Level 1:colcon.colcon_core.environment:checking '/home/jetson/ros2/src/install/yahboomcar_description/lib/pkgconfig/yahboomcar_description.pc'
[4.643s] Level 1:colcon.colcon_core.environment:checking '/home/jetson/ros2/src/install/yahboomcar_description/lib/python3.8/site-packages'
[4.643s] Level 1:colcon.colcon_core.shell:create_environment_hook('yahboomcar_description', 'pythonpath')
[4.643s] INFO:colcon.colcon_core.shell:Creating environment hook '/home/jetson/ros2/src/install/yahboomcar_description/share/yahboomcar_description/hook/pythonpath.ps1'
[4.644s] INFO:colcon.colcon_core.shell:Creating environment descriptor '/home/jetson/ros2/src/install/yahboomcar_description/share/yahboomcar_description/hook/pythonpath.dsv'
[4.645s] INFO:colcon.colcon_core.shell:Creating environment hook '/home/jetson/ros2/src/install/yahboomcar_description/share/yahboomcar_description/hook/pythonpath.sh'
[4.646s] Level 1:colcon.colcon_core.environment:checking '/home/jetson/ros2/src/install/yahboomcar_description/bin'
[4.646s] Level 1:colcon.colcon_core.environment:create_environment_scripts_only(yahboomcar_description)
[4.647s] INFO:colcon.colcon_core.shell:Creating package script '/home/jetson/ros2/src/install/yahboomcar_description/share/yahboomcar_description/package.ps1'
[4.648s] INFO:colcon.colcon_core.shell:Creating package descriptor '/home/jetson/ros2/src/install/yahboomcar_description/share/yahboomcar_description/package.dsv'
[4.649s] INFO:colcon.colcon_core.shell:Creating package script '/home/jetson/ros2/src/install/yahboomcar_description/share/yahboomcar_description/package.sh'
[4.650s] INFO:colcon.colcon_core.shell:Creating package script '/home/jetson/ros2/src/install/yahboomcar_description/share/yahboomcar_description/package.bash'
[4.650s] INFO:colcon.colcon_core.shell:Creating package script '/home/jetson/ros2/src/install/yahboomcar_description/share/yahboomcar_description/package.zsh'
[4.651s] Level 1:colcon.colcon_core.environment:create_file_with_runtime_dependencies(/home/jetson/ros2/src/install/yahboomcar_description/share/colcon-core/packages/yahboomcar_description)
[4.667s] Level 1:colcon.colcon_core.environment:checking '/home/jetson/ros2/src/install/yahboomcar_linefollow' for CMake module files
[4.669s] DEBUG:colcon.colcon_core.event_handler.log_command:Invoked command in '/home/jetson/ros2/src/yahboomcar_linefollow' returned '0': PYTHONPATH=/home/jetson/ros2/src/build/yahboomcar_linefollow/prefix_override:/home/jetson/ros2/src/install/yahboomcar_linefollow/lib/python3.8/site-packages:${PYTHONPATH} /usr/bin/python3 -W ignore:setup.py install is deprecated setup.py egg_info --egg-base ../build/yahboomcar_linefollow build --build-base /home/jetson/ros2/src/build/yahboomcar_linefollow/build install --record /home/jetson/ros2/src/build/yahboomcar_linefollow/install.log --install-scripts $base/lib/yahboomcar_linefollow --single-version-externally-managed install_data
[4.669s] Level 1:colcon.colcon_core.environment:checking '/home/jetson/ros2/src/install/yahboomcar_linefollow' for CMake config files
[4.671s] Level 1:colcon.colcon_core.environment:checking '/home/jetson/ros2/src/install/yahboomcar_linefollow/lib'
[4.671s] Level 1:colcon.colcon_core.environment:checking '/home/jetson/ros2/src/install/yahboomcar_linefollow/bin'
[4.671s] Level 1:colcon.colcon_core.environment:checking '/home/jetson/ros2/src/install/yahboomcar_linefollow/lib/pkgconfig/yahboomcar_linefollow.pc'
[4.671s] Level 1:colcon.colcon_core.environment:checking '/home/jetson/ros2/src/install/yahboomcar_linefollow/lib/python3.8/site-packages'
[4.672s] Level 1:colcon.colcon_core.shell:create_environment_hook('yahboomcar_linefollow', 'pythonpath')
[4.672s] INFO:colcon.colcon_core.shell:Creating environment hook '/home/jetson/ros2/src/install/yahboomcar_linefollow/share/yahboomcar_linefollow/hook/pythonpath.ps1'
[4.673s] INFO:colcon.colcon_core.shell:Creating environment descriptor '/home/jetson/ros2/src/install/yahboomcar_linefollow/share/yahboomcar_linefollow/hook/pythonpath.dsv'
[4.674s] INFO:colcon.colcon_core.shell:Creating environment hook '/home/jetson/ros2/src/install/yahboomcar_linefollow/share/yahboomcar_linefollow/hook/pythonpath.sh'
[4.675s] Level 1:colcon.colcon_core.environment:checking '/home/jetson/ros2/src/install/yahboomcar_linefollow/bin'
[4.675s] Level 1:colcon.colcon_core.environment:create_environment_scripts_only(yahboomcar_linefollow)
[4.676s] INFO:colcon.colcon_core.shell:Creating package script '/home/jetson/ros2/src/install/yahboomcar_linefollow/share/yahboomcar_linefollow/package.ps1'
[4.677s] INFO:colcon.colcon_core.shell:Creating package descriptor '/home/jetson/ros2/src/install/yahboomcar_linefollow/share/yahboomcar_linefollow/package.dsv'
[4.677s] INFO:colcon.colcon_core.shell:Creating package script '/home/jetson/ros2/src/install/yahboomcar_linefollow/share/yahboomcar_linefollow/package.sh'
[4.678s] INFO:colcon.colcon_core.shell:Creating package script '/home/jetson/ros2/src/install/yahboomcar_linefollow/share/yahboomcar_linefollow/package.bash'
[4.679s] INFO:colcon.colcon_core.shell:Creating package script '/home/jetson/ros2/src/install/yahboomcar_linefollow/share/yahboomcar_linefollow/package.zsh'
[4.680s] Level 1:colcon.colcon_core.environment:create_file_with_runtime_dependencies(/home/jetson/ros2/src/install/yahboomcar_linefollow/share/colcon-core/packages/yahboomcar_linefollow)
[8.330s] DEBUG:colcon.colcon_core.event_handler.log_command:Invoked command in '/home/jetson/ros2/src/build/robot_localization' returned '0': CMAKE_PREFIX_PATH=/opt/ros/foxy /usr/bin/cmake /home/jetson/ros2/src/robot_localization -DCMAKE_INSTALL_PREFIX=/home/jetson/ros2/src/install/robot_localization
[8.337s] DEBUG:colcon.colcon_core.event_handler.log_command:Invoking command in '/home/jetson/ros2/src/build/robot_localization': CMAKE_PREFIX_PATH=/opt/ros/foxy /usr/bin/cmake --build /home/jetson/ros2/src/build/robot_localization -- -j6 -l6
[304.600s] DEBUG:colcon.colcon_core.event_handler.log_command:Invoked command in '/home/jetson/ros2/src/build/robot_localization' returned '0': CMAKE_PREFIX_PATH=/opt/ros/foxy /usr/bin/cmake --build /home/jetson/ros2/src/build/robot_localization -- -j6 -l6
[304.937s] DEBUG:colcon.colcon_core.event_handler.log_command:Invoking command in '/home/jetson/ros2/src/build/robot_localization': CMAKE_PREFIX_PATH=/opt/ros/foxy /usr/bin/cmake --install /home/jetson/ros2/src/build/robot_localization
[306.271s] Level 1:colcon.colcon_core.environment:create_environment_scripts_only(robot_localization)
[306.274s] Level 1:colcon.colcon_core.environment:checking '/home/jetson/ros2/src/install/robot_localization' for CMake module files
[306.275s] DEBUG:colcon.colcon_core.event_handler.log_command:Invoked command in '/home/jetson/ros2/src/build/robot_localization' returned '0': CMAKE_PREFIX_PATH=/opt/ros/foxy /usr/bin/cmake --install /home/jetson/ros2/src/build/robot_localization
[306.276s] Level 1:colcon.colcon_core.environment:checking '/home/jetson/ros2/src/install/robot_localization' for CMake config files
[306.278s] Level 1:colcon.colcon_core.shell:create_environment_hook('robot_localization', 'cmake_prefix_path')
[306.279s] INFO:colcon.colcon_core.shell:Creating environment hook '/home/jetson/ros2/src/install/robot_localization/share/robot_localization/hook/cmake_prefix_path.ps1'
[306.283s] INFO:colcon.colcon_core.shell:Creating environment descriptor '/home/jetson/ros2/src/install/robot_localization/share/robot_localization/hook/cmake_prefix_path.dsv'
[306.285s] INFO:colcon.colcon_core.shell:Creating environment hook '/home/jetson/ros2/src/install/robot_localization/share/robot_localization/hook/cmake_prefix_path.sh'
[306.287s] Level 1:colcon.colcon_core.environment:checking '/home/jetson/ros2/src/install/robot_localization/lib'
[306.287s] Level 1:colcon.colcon_core.shell:create_environment_hook('robot_localization', 'ld_library_path_lib')
[306.288s] INFO:colcon.colcon_core.shell:Creating environment hook '/home/jetson/ros2/src/install/robot_localization/share/robot_localization/hook/ld_library_path_lib.ps1'
[306.289s] INFO:colcon.colcon_core.shell:Creating environment descriptor '/home/jetson/ros2/src/install/robot_localization/share/robot_localization/hook/ld_library_path_lib.dsv'
[306.289s] INFO:colcon.colcon_core.shell:Creating environment hook '/home/jetson/ros2/src/install/robot_localization/share/robot_localization/hook/ld_library_path_lib.sh'
[306.290s] Level 1:colcon.colcon_core.environment:checking '/home/jetson/ros2/src/install/robot_localization/bin'
[306.290s] Level 1:colcon.colcon_core.environment:checking '/home/jetson/ros2/src/install/robot_localization/lib/pkgconfig/robot_localization.pc'
[306.292s] Level 1:colcon.colcon_core.environment:checking '/home/jetson/ros2/src/install/robot_localization/lib/python3.8/site-packages'
[306.292s] Level 1:colcon.colcon_core.shell:create_environment_hook('robot_localization', 'pythonpath')
[306.292s] INFO:colcon.colcon_core.shell:Creating environment hook '/home/jetson/ros2/src/install/robot_localization/share/robot_localization/hook/pythonpath.ps1'
[306.293s] INFO:colcon.colcon_core.shell:Creating environment descriptor '/home/jetson/ros2/src/install/robot_localization/share/robot_localization/hook/pythonpath.dsv'
[306.294s] INFO:colcon.colcon_core.shell:Creating environment hook '/home/jetson/ros2/src/install/robot_localization/share/robot_localization/hook/pythonpath.sh'
[306.295s] Level 1:colcon.colcon_core.environment:checking '/home/jetson/ros2/src/install/robot_localization/bin'
[306.295s] INFO:colcon.colcon_core.shell:Creating package script '/home/jetson/ros2/src/install/robot_localization/share/robot_localization/package.ps1'
[306.297s] INFO:colcon.colcon_core.shell:Creating package descriptor '/home/jetson/ros2/src/install/robot_localization/share/robot_localization/package.dsv'
[306.298s] INFO:colcon.colcon_core.shell:Creating package script '/home/jetson/ros2/src/install/robot_localization/share/robot_localization/package.sh'
[306.299s] INFO:colcon.colcon_core.shell:Creating package script '/home/jetson/ros2/src/install/robot_localization/share/robot_localization/package.bash'
[306.301s] INFO:colcon.colcon_core.shell:Creating package script '/home/jetson/ros2/src/install/robot_localization/share/robot_localization/package.zsh'
[306.305s] Level 1:colcon.colcon_core.environment:create_file_with_runtime_dependencies(/home/jetson/ros2/src/install/robot_localization/share/colcon-core/packages/robot_localization)
[306.609s] Level 1:colcon.colcon_core.environment:create_environment_scripts_only(robot_localization)
[306.610s] Level 1:colcon.colcon_core.environment:checking '/home/jetson/ros2/src/install/robot_localization' for CMake module files
[306.613s] Level 1:colcon.colcon_core.environment:checking '/home/jetson/ros2/src/install/robot_localization' for CMake config files
[306.615s] Level 1:colcon.colcon_core.shell:create_environment_hook('robot_localization', 'cmake_prefix_path')
[306.615s] INFO:colcon.colcon_core.shell:Creating environment hook '/home/jetson/ros2/src/install/robot_localization/share/robot_localization/hook/cmake_prefix_path.ps1'
[306.617s] INFO:colcon.colcon_core.shell:Creating environment descriptor '/home/jetson/ros2/src/install/robot_localization/share/robot_localization/hook/cmake_prefix_path.dsv'
[306.619s] INFO:colcon.colcon_core.shell:Creating environment hook '/home/jetson/ros2/src/install/robot_localization/share/robot_localization/hook/cmake_prefix_path.sh'
[306.621s] Level 1:colcon.colcon_core.environment:checking '/home/jetson/ros2/src/install/robot_localization/lib'
[306.622s] Level 1:colcon.colcon_core.shell:create_environment_hook('robot_localization', 'ld_library_path_lib')
[306.622s] INFO:colcon.colcon_core.shell:Creating environment hook '/home/jetson/ros2/src/install/robot_localization/share/robot_localization/hook/ld_library_path_lib.ps1'
[306.624s] INFO:colcon.colcon_core.shell:Creating environment descriptor '/home/jetson/ros2/src/install/robot_localization/share/robot_localization/hook/ld_library_path_lib.dsv'
[306.625s] INFO:colcon.colcon_core.shell:Creating environment hook '/home/jetson/ros2/src/install/robot_localization/share/robot_localization/hook/ld_library_path_lib.sh'
[306.626s] Level 1:colcon.colcon_core.environment:checking '/home/jetson/ros2/src/install/robot_localization/bin'
[306.626s] Level 1:colcon.colcon_core.environment:checking '/home/jetson/ros2/src/install/robot_localization/lib/pkgconfig/robot_localization.pc'
[306.627s] Level 1:colcon.colcon_core.environment:checking '/home/jetson/ros2/src/install/robot_localization/lib/python3.8/site-packages'
[306.627s] Level 1:colcon.colcon_core.shell:create_environment_hook('robot_localization', 'pythonpath')
[306.628s] INFO:colcon.colcon_core.shell:Creating environment hook '/home/jetson/ros2/src/install/robot_localization/share/robot_localization/hook/pythonpath.ps1'
[306.629s] INFO:colcon.colcon_core.shell:Creating environment descriptor '/home/jetson/ros2/src/install/robot_localization/share/robot_localization/hook/pythonpath.dsv'
[306.630s] INFO:colcon.colcon_core.shell:Creating environment hook '/home/jetson/ros2/src/install/robot_localization/share/robot_localization/hook/pythonpath.sh'
[306.631s] Level 1:colcon.colcon_core.environment:checking '/home/jetson/ros2/src/install/robot_localization/bin'
[306.632s] INFO:colcon.colcon_core.shell:Creating package script '/home/jetson/ros2/src/install/robot_localization/share/robot_localization/package.ps1'
[306.634s] INFO:colcon.colcon_core.shell:Creating package descriptor '/home/jetson/ros2/src/install/robot_localization/share/robot_localization/package.dsv'
[306.635s] INFO:colcon.colcon_core.shell:Creating package script '/home/jetson/ros2/src/install/robot_localization/share/robot_localization/package.sh'
[306.636s] INFO:colcon.colcon_core.shell:Creating package script '/home/jetson/ros2/src/install/robot_localization/share/robot_localization/package.bash'
[306.638s] INFO:colcon.colcon_core.shell:Creating package script '/home/jetson/ros2/src/install/robot_localization/share/robot_localization/package.zsh'
[306.639s] Level 1:colcon.colcon_core.environment:create_file_with_runtime_dependencies(/home/jetson/ros2/src/install/robot_localization/share/colcon-core/packages/robot_localization)
[306.640s] DEBUG:colcon.colcon_parallel_executor.executor.parallel:closing loop
[306.641s] DEBUG:colcon.colcon_parallel_executor.executor.parallel:loop closed
[306.641s] DEBUG:colcon.colcon_parallel_executor.executor.parallel:run_until_complete finished with '0'
[306.642s] DEBUG:colcon.colcon_core.event_reactor:joining thread
[306.671s] INFO:colcon.colcon_core.plugin_system:Skipping extension 'colcon_notification.desktop_notification.terminal_notifier': Not used on non-Darwin systems
[306.672s] INFO:colcon.colcon_core.plugin_system:Skipping extension 'colcon_notification.desktop_notification.win32': Not used on non-Windows systems
[306.672s] INFO:colcon.colcon_notification.desktop_notification:Sending desktop notification using 'notify2'
[306.757s] DEBUG:colcon.colcon_core.event_reactor:joined thread
[306.759s] INFO:colcon.colcon_core.shell:Creating prefix script '/home/jetson/ros2/src/install/local_setup.ps1'
[306.762s] INFO:colcon.colcon_core.shell:Creating prefix util module '/home/jetson/ros2/src/install/_local_setup_util_ps1.py'
[306.766s] INFO:colcon.colcon_core.shell:Creating prefix chain script '/home/jetson/ros2/src/install/setup.ps1'
[306.770s] INFO:colcon.colcon_core.shell:Creating prefix script '/home/jetson/ros2/src/install/local_setup.sh'
[306.771s] INFO:colcon.colcon_core.shell:Creating prefix util module '/home/jetson/ros2/src/install/_local_setup_util_sh.py'
[306.772s] INFO:colcon.colcon_core.shell:Creating prefix chain script '/home/jetson/ros2/src/install/setup.sh'
[306.775s] INFO:colcon.colcon_core.shell:Creating prefix script '/home/jetson/ros2/src/install/local_setup.bash'
[306.776s] INFO:colcon.colcon_core.shell:Creating prefix chain script '/home/jetson/ros2/src/install/setup.bash'
[306.778s] INFO:colcon.colcon_core.shell:Creating prefix script '/home/jetson/ros2/src/install/local_setup.zsh'
[306.779s] INFO:colcon.colcon_core.shell:Creating prefix chain script '/home/jetson/ros2/src/install/setup.zsh'
