[0.030s] Invoking command in '/home/jetson/ros2/src/build/my_package': CMAKE_PREFIX_PATH=/opt/ros/foxy /usr/bin/cmake --build /home/jetson/ros2/src/build/my_package -- -j6 -l6
[0.081s] -- Found ament_cmake: 0.9.12 (/opt/ros/foxy/share/ament_cmake/cmake)
[0.126s] -- Using PYTHON_EXECUTABLE: /usr/bin/python3
[0.557s] -- Found rclcpp: 2.4.3 (/opt/ros/foxy/share/rclcpp/cmake)
[0.617s] -- Using all available rosidl_typesupport_c: rosidl_typesupport_fastrtps_c;rosidl_typesupport_introspection_c
[0.623s] -- Found rosidl_adapter: 1.3.1 (/opt/ros/foxy/share/rosidl_adapter/cmake)
[0.848s] -- Using all available rosidl_typesupport_cpp: rosidl_typesupport_fastrtps_cpp;rosidl_typesupport_introspection_cpp
[0.937s] -- Found rmw_implementation_cmake: 1.0.4 (/opt/ros/foxy/share/rmw_implementation_cmake/cmake)
[0.939s] -- Using RMW implementation 'rmw_fastrtps_cpp' as default
[1.203s] -- Found ament_lint_auto: 0.9.8 (/opt/ros/foxy/share/ament_lint_auto/cmake)
[1.337s] -- Added test 'copyright' to check source files copyright and LICENSE
[1.339s] -- Added test 'cppcheck' to perform static code analysis on C / C++ code
[1.339s] -- Configured cppcheck include dirs: 
[1.339s] -- Configured cppcheck exclude dirs and/or files: 
[1.340s] -- Added test 'cpplint' to check C / C++ code against the Google style
[1.341s] -- Configured cpplint exclude dirs and/or files: 
[1.341s] -- Added test 'flake8' to check Python code syntax and style conventions
[1.342s] -- Added test 'lint_cmake' to check CMake code style
[1.343s] -- Added test 'pep257' to check Python code against some of the style conventions in PEP 257
[1.344s] -- Added test 'uncrustify' to check C / C++ code style
[1.344s] -- Configured uncrustify additional arguments: 
[1.344s] -- Added test 'xmllint' to check XML markup files
[1.350s] -- Configuring done
[1.359s] -- Generating done
[1.362s] -- Build files have been written to: /home/jetson/ros2/src/build/my_package
[1.435s] [ 50%] [32mBuilding CXX object CMakeFiles/gps_imitate_server.dir/src/gps_imitate_server.cpp.o[0m
[1.451s] [01m[K/home/jetson/ros2/src/my_package/src/gps_imitate_server.cpp:1:10:[m[K [01;31m[Kfatal error: [m[Krclcpp/rclcpp.hpp: No such file or directory
[1.451s]     1 | #include [01;31m[K<rclcpp/rclcpp.hpp>[m[K
[1.451s]       |          [01;31m[K^~~~~~~~~~~~~~~~~~~[m[K
[1.452s] compilation terminated.
[1.453s] make[2]: *** [CMakeFiles/gps_imitate_server.dir/build.make:63: CMakeFiles/gps_imitate_server.dir/src/gps_imitate_server.cpp.o] Error 1
[1.454s] make[1]: *** [CMakeFiles/Makefile2:78: CMakeFiles/gps_imitate_server.dir/all] Error 2
[1.454s] make: *** [Makefile:141: all] Error 2
[1.460s] Invoked command in '/home/jetson/ros2/src/build/my_package' returned '2': CMAKE_PREFIX_PATH=/opt/ros/foxy /usr/bin/cmake --build /home/jetson/ros2/src/build/my_package -- -j6 -l6
