/home/jetson/ros2/src/install/yahboomcar_description/lib/python3.8/site-packages/yahboomcar_description/__init__.py
/home/jetson/ros2/src/install/yahboomcar_description/lib/python3.8/site-packages/yahboomcar_description/__pycache__/__init__.cpython-38.pyc
/home/jetson/ros2/src/install/yahboomcar_description/share/ament_index/resource_index/packages/yahboomcar_description
/home/jetson/ros2/src/install/yahboomcar_description/share/yahboomcar_description/package.xml
/home/jetson/ros2/src/install/yahboomcar_description/share/yahboomcar_description/launch/display_R2.launch.py
/home/jetson/ros2/src/install/yahboomcar_description/share/yahboomcar_description/launch/display_X3.launch.py
/home/jetson/ros2/src/install/yahboomcar_description/share/yahboomcar_description/urdf/yahboomcar_X3.urdf.xacro
/home/jetson/ros2/src/install/yahboomcar_description/share/yahboomcar_description/urdf/yahboomcar_X3.urdf
/home/jetson/ros2/src/install/yahboomcar_description/share/yahboomcar_description/urdf/yahboomcar_R2.urdf
/home/jetson/ros2/src/install/yahboomcar_description/share/yahboomcar_description/urdf/yahboomcar_R2_multi.urdf.xacro
/home/jetson/ros2/src/install/yahboomcar_description/share/yahboomcar_description/urdf/yahboomcar_R2.urdf.xacro
/home/jetson/ros2/src/install/yahboomcar_description/share/yahboomcar_description/meshes/front_right_wheel.STL
/home/jetson/ros2/src/install/yahboomcar_description/share/yahboomcar_description/meshes/back_left_link.STL
/home/jetson/ros2/src/install/yahboomcar_description/share/yahboomcar_description/meshes/front_right_steer.STL
/home/jetson/ros2/src/install/yahboomcar_description/share/yahboomcar_description/meshes/front_left_wheel.STL
/home/jetson/ros2/src/install/yahboomcar_description/share/yahboomcar_description/meshes/back_right_link.STL
/home/jetson/ros2/src/install/yahboomcar_description/share/yahboomcar_description/meshes/front_left_steer.STL
/home/jetson/ros2/src/install/yahboomcar_description/share/yahboomcar_description/meshes/front_left_wheel_X3.STL
/home/jetson/ros2/src/install/yahboomcar_description/share/yahboomcar_description/meshes/front_right_wheel_X3.STL
/home/jetson/ros2/src/install/yahboomcar_description/share/yahboomcar_description/meshes/laser_link.STL
/home/jetson/ros2/src/install/yahboomcar_description/share/yahboomcar_description/meshes/base_link_X3.STL
/home/jetson/ros2/src/install/yahboomcar_description/share/yahboomcar_description/meshes/laser_link_R2.STL
/home/jetson/ros2/src/install/yahboomcar_description/share/yahboomcar_description/meshes/camera_link_R2.STL
/home/jetson/ros2/src/install/yahboomcar_description/share/yahboomcar_description/meshes/base_link.STL
/home/jetson/ros2/src/install/yahboomcar_description/share/yahboomcar_description/meshes/camera_link.STL
/home/jetson/ros2/src/install/yahboomcar_description/share/yahboomcar_description/meshes/back_right_wheel_X3.STL
/home/jetson/ros2/src/install/yahboomcar_description/share/yahboomcar_description/meshes/back_left_wheel_X3.STL
/home/jetson/ros2/src/install/yahboomcar_description/share/yahboomcar_description/rviz/yahboomcar.rviz
/home/jetson/ros2/src/install/yahboomcar_description/lib/python3.8/site-packages/yahboomcar_description-0.0.0-py3.8.egg-info/zip-safe
/home/jetson/ros2/src/install/yahboomcar_description/lib/python3.8/site-packages/yahboomcar_description-0.0.0-py3.8.egg-info/PKG-INFO
/home/jetson/ros2/src/install/yahboomcar_description/lib/python3.8/site-packages/yahboomcar_description-0.0.0-py3.8.egg-info/entry_points.txt
/home/jetson/ros2/src/install/yahboomcar_description/lib/python3.8/site-packages/yahboomcar_description-0.0.0-py3.8.egg-info/SOURCES.txt
/home/jetson/ros2/src/install/yahboomcar_description/lib/python3.8/site-packages/yahboomcar_description-0.0.0-py3.8.egg-info/dependency_links.txt
/home/jetson/ros2/src/install/yahboomcar_description/lib/python3.8/site-packages/yahboomcar_description-0.0.0-py3.8.egg-info/top_level.txt
/home/jetson/ros2/src/install/yahboomcar_description/lib/python3.8/site-packages/yahboomcar_description-0.0.0-py3.8.egg-info/requires.txt
