[2.803s] Invoking command in '/home/jetson/ros2/src/yahboomcar_description': PYTHONPATH=/home/jetson/ros2/src/build/yahboomcar_description/prefix_override:/home/jetson/ros2/src/install/yahboomcar_description/lib/python3.8/site-packages:${PYTHONPATH} /usr/bin/python3 -W ignore:setup.py install is deprecated setup.py egg_info --egg-base ../build/yahboomcar_description build --build-base /home/jetson/ros2/src/build/yahboomcar_description/build install --record /home/jetson/ros2/src/build/yahboomcar_description/install.log --install-scripts $base/lib/yahboomcar_description --single-version-externally-managed install_data
[3.305s] running egg_info
[3.307s] writing ../build/yahboomcar_description/yahboomcar_description.egg-info/PKG-INFO
[3.308s] writing dependency_links to ../build/yahboomcar_description/yahboomcar_description.egg-info/dependency_links.txt
[3.309s] writing entry points to ../build/yahboomcar_description/yahboomcar_description.egg-info/entry_points.txt
[3.311s] writing requirements to ../build/yahboomcar_description/yahboomcar_description.egg-info/requires.txt
[3.312s] writing top-level names to ../build/yahboomcar_description/yahboomcar_description.egg-info/top_level.txt
[3.379s] reading manifest file '../build/yahboomcar_description/yahboomcar_description.egg-info/SOURCES.txt'
[3.381s] writing manifest file '../build/yahboomcar_description/yahboomcar_description.egg-info/SOURCES.txt'
[3.383s] running build
[3.384s] running build_py
[3.388s] running install
[3.389s] running install_lib
[3.390s] running install_data
[3.394s] running install_egg_info
[3.399s] removing '/home/jetson/ros2/src/install/yahboomcar_description/lib/python3.8/site-packages/yahboomcar_description-0.0.0-py3.8.egg-info' (and everything under it)
[3.400s] Copying ../build/yahboomcar_description/yahboomcar_description.egg-info to /home/jetson/ros2/src/install/yahboomcar_description/lib/python3.8/site-packages/yahboomcar_description-0.0.0-py3.8.egg-info
[3.400s] running install_scripts
[3.435s] writing list of installed files to '/home/jetson/ros2/src/build/yahboomcar_description/install.log'
[3.504s] Invoked command in '/home/jetson/ros2/src/yahboomcar_description' returned '0': PYTHONPATH=/home/jetson/ros2/src/build/yahboomcar_description/prefix_override:/home/jetson/ros2/src/install/yahboomcar_description/lib/python3.8/site-packages:${PYTHONPATH} /usr/bin/python3 -W ignore:setup.py install is deprecated setup.py egg_info --egg-base ../build/yahboomcar_description build --build-base /home/jetson/ros2/src/build/yahboomcar_description/build install --record /home/jetson/ros2/src/build/yahboomcar_description/install.log --install-scripts $base/lib/yahboomcar_description --single-version-externally-managed install_data
