[2.143s] Invoking command in '/home/jetson/ros2/src/yahboomcar_linefollow': PYTHONPATH=/home/jetson/ros2/src/build/yahboomcar_linefollow/prefix_override:/home/jetson/ros2/src/install/yahboomcar_linefollow/lib/python3.8/site-packages:${PYTHONPATH} /usr/bin/python3 -W ignore:setup.py install is deprecated setup.py egg_info --egg-base ../build/yahboomcar_linefollow build --build-base /home/jetson/ros2/src/build/yahboomcar_linefollow/build install --record /home/jetson/ros2/src/build/yahboomcar_linefollow/install.log --install-scripts $base/lib/yahboomcar_linefollow --single-version-externally-managed install_data
[2.627s] running egg_info
[2.628s] creating ../build/yahboomcar_linefollow/yahboomcar_linefollow.egg-info
[2.628s] writing ../build/yahboomcar_linefollow/yahboomcar_linefollow.egg-info/PKG-INFO
[2.629s] writing dependency_links to ../build/yahboomcar_linefollow/yahboomcar_linefollow.egg-info/dependency_links.txt
[2.629s] writing entry points to ../build/yahboomcar_linefollow/yahboomcar_linefollow.egg-info/entry_points.txt
[2.629s] writing requirements to ../build/yahboomcar_linefollow/yahboomcar_linefollow.egg-info/requires.txt
[2.629s] writing top-level names to ../build/yahboomcar_linefollow/yahboomcar_linefollow.egg-info/top_level.txt
[2.632s] writing manifest file '../build/yahboomcar_linefollow/yahboomcar_linefollow.egg-info/SOURCES.txt'
[2.694s] reading manifest file '../build/yahboomcar_linefollow/yahboomcar_linefollow.egg-info/SOURCES.txt'
[2.695s] writing manifest file '../build/yahboomcar_linefollow/yahboomcar_linefollow.egg-info/SOURCES.txt'
[2.695s] running build
[2.696s] running build_py
[2.696s] creating /home/jetson/ros2/src/build/yahboomcar_linefollow/build
[2.696s] creating /home/jetson/ros2/src/build/yahboomcar_linefollow/build/lib
[2.696s] creating /home/jetson/ros2/src/build/yahboomcar_linefollow/build/lib/yahboomcar_linefollow
[2.696s] copying yahboomcar_linefollow/follow_line_a1_X3.py -> /home/jetson/ros2/src/build/yahboomcar_linefollow/build/lib/yahboomcar_linefollow
[2.696s] copying yahboomcar_linefollow/follow_common.py -> /home/jetson/ros2/src/build/yahboomcar_linefollow/build/lib/yahboomcar_linefollow
[2.697s] copying yahboomcar_linefollow/follow_line_4ROS_R2.py -> /home/jetson/ros2/src/build/yahboomcar_linefollow/build/lib/yahboomcar_linefollow
[2.698s] copying yahboomcar_linefollow/follow_line_a1_R2.py -> /home/jetson/ros2/src/build/yahboomcar_linefollow/build/lib/yahboomcar_linefollow
[2.698s] copying yahboomcar_linefollow/__init__.py -> /home/jetson/ros2/src/build/yahboomcar_linefollow/build/lib/yahboomcar_linefollow
[2.699s] running install
[2.700s] running install_lib
[2.702s] creating /home/jetson/ros2/src/install/yahboomcar_linefollow/lib/python3.8/site-packages/yahboomcar_linefollow
[2.702s] copying /home/jetson/ros2/src/build/yahboomcar_linefollow/build/lib/yahboomcar_linefollow/follow_line_a1_X3.py -> /home/jetson/ros2/src/install/yahboomcar_linefollow/lib/python3.8/site-packages/yahboomcar_linefollow
[2.702s] copying /home/jetson/ros2/src/build/yahboomcar_linefollow/build/lib/yahboomcar_linefollow/follow_common.py -> /home/jetson/ros2/src/install/yahboomcar_linefollow/lib/python3.8/site-packages/yahboomcar_linefollow
[2.702s] copying /home/jetson/ros2/src/build/yahboomcar_linefollow/build/lib/yahboomcar_linefollow/follow_line_4ROS_R2.py -> /home/jetson/ros2/src/install/yahboomcar_linefollow/lib/python3.8/site-packages/yahboomcar_linefollow
[2.703s] copying /home/jetson/ros2/src/build/yahboomcar_linefollow/build/lib/yahboomcar_linefollow/follow_line_a1_R2.py -> /home/jetson/ros2/src/install/yahboomcar_linefollow/lib/python3.8/site-packages/yahboomcar_linefollow
[2.704s] copying /home/jetson/ros2/src/build/yahboomcar_linefollow/build/lib/yahboomcar_linefollow/__init__.py -> /home/jetson/ros2/src/install/yahboomcar_linefollow/lib/python3.8/site-packages/yahboomcar_linefollow
[2.704s] byte-compiling /home/jetson/ros2/src/install/yahboomcar_linefollow/lib/python3.8/site-packages/yahboomcar_linefollow/follow_line_a1_X3.py to follow_line_a1_X3.cpython-38.pyc
[2.710s] byte-compiling /home/jetson/ros2/src/install/yahboomcar_linefollow/lib/python3.8/site-packages/yahboomcar_linefollow/follow_common.py to follow_common.cpython-38.pyc
[2.714s] byte-compiling /home/jetson/ros2/src/install/yahboomcar_linefollow/lib/python3.8/site-packages/yahboomcar_linefollow/follow_line_4ROS_R2.py to follow_line_4ROS_R2.cpython-38.pyc
[2.717s] byte-compiling /home/jetson/ros2/src/install/yahboomcar_linefollow/lib/python3.8/site-packages/yahboomcar_linefollow/follow_line_a1_R2.py to follow_line_a1_R2.cpython-38.pyc
[2.721s] byte-compiling /home/jetson/ros2/src/install/yahboomcar_linefollow/lib/python3.8/site-packages/yahboomcar_linefollow/__init__.py to __init__.cpython-38.pyc
[2.721s] running install_data
[2.722s] creating /home/jetson/ros2/src/install/yahboomcar_linefollow/share/ament_index
[2.722s] creating /home/jetson/ros2/src/install/yahboomcar_linefollow/share/ament_index/resource_index
[2.722s] creating /home/jetson/ros2/src/install/yahboomcar_linefollow/share/ament_index/resource_index/packages
[2.722s] copying resource/yahboomcar_linefollow -> /home/jetson/ros2/src/install/yahboomcar_linefollow/share/ament_index/resource_index/packages
[2.722s] copying package.xml -> /home/jetson/ros2/src/install/yahboomcar_linefollow/share/yahboomcar_linefollow
[2.723s] creating /home/jetson/ros2/src/install/yahboomcar_linefollow/share/yahboomcar_linefollow/launch
[2.723s] copying launch/linefollow_X3.launch.py -> /home/jetson/ros2/src/install/yahboomcar_linefollow/share/yahboomcar_linefollow/launch
[2.723s] running install_egg_info
[2.726s] Copying ../build/yahboomcar_linefollow/yahboomcar_linefollow.egg-info to /home/jetson/ros2/src/install/yahboomcar_linefollow/lib/python3.8/site-packages/yahboomcar_linefollow-0.0.0-py3.8.egg-info
[2.728s] running install_scripts
[2.763s] Installing follow_line_4ROS_R2 script to /home/jetson/ros2/src/install/yahboomcar_linefollow/lib/yahboomcar_linefollow
[2.763s] Installing follow_line_a1_R2 script to /home/jetson/ros2/src/install/yahboomcar_linefollow/lib/yahboomcar_linefollow
[2.763s] Installing follow_line_a1_X3 script to /home/jetson/ros2/src/install/yahboomcar_linefollow/lib/yahboomcar_linefollow
[2.764s] writing list of installed files to '/home/jetson/ros2/src/build/yahboomcar_linefollow/install.log'
[2.823s] Invoked command in '/home/jetson/ros2/src/yahboomcar_linefollow' returned '0': PYTHONPATH=/home/jetson/ros2/src/build/yahboomcar_linefollow/prefix_override:/home/jetson/ros2/src/install/yahboomcar_linefollow/lib/python3.8/site-packages:${PYTHONPATH} /usr/bin/python3 -W ignore:setup.py install is deprecated setup.py egg_info --egg-base ../build/yahboomcar_linefollow build --build-base /home/jetson/ros2/src/build/yahboomcar_linefollow/build install --record /home/jetson/ros2/src/build/yahboomcar_linefollow/install.log --install-scripts $base/lib/yahboomcar_linefollow --single-version-externally-managed install_data
